TpTrace Verbose: 0 : 40680, 1, 2025/01/24, 16:23:33.565, 6205990179867, vstest.console.dll, Version: 17.12.0-release-24508-01 Current process architecture: X64
TpTrace Verbose: 0 : 40680, 1, 2025/01/24, 16:23:33.570, 6205990224706, vstest.console.dll, Runtime location: C:\Program Files\dotnet\shared\Microsoft.NETCore.App\9.0.1
TpTrace Information: 0 : 40680, 1, 2025/01/24, 16:23:33.573, 6205990257317, vstest.console.dll, Using .Net Framework version:.NETCoreApp,Version=v8.0
TpTrace Information: 0 : 40680, 1, 2025/01/24, 16:23:33.573, 6205990260923, vstest.console.dll, InferRunSettingsHelper.IsTestSettingsEnabled: Unable to navigate to RunSettings/MSTest. Current node: RunSettings
TpTrace Verbose: 0 : 40680, 1, 2025/01/24, 16:23:33.581, 6205990339731, vstest.console.dll, CoverletDataCollector in-process codeBase path 'C:\Users\nathan.chavaudra\.nuget\packages\coverlet.collector\6.0.4\build\netstandard2.0\coverlet.collector.dll'
TpTrace Verbose: 0 : 40680, 1, 2025/01/24, 16:23:33.589, 6205990413803, vstest.console.dll, ArtifactProcessingPostProcessModeProcessorExecutor.Initialize: ArtifactProcessingMode.Collect
TpTrace Verbose: 0 : 40680, 1, 2025/01/24, 16:23:33.589, 6205990415680, vstest.console.dll, TestSessionCorrelationIdProcessorModeProcessorExecutor.Initialize: TestSessionCorrelationId '19608_dda65d74-3554-4c1c-be13-f784eb3b5a30'
TpTrace Information: 0 : 40680, 1, 2025/01/24, 16:23:33.592, 6205990446119, vstest.console.dll, FilePatternParser: The given file C:\Users\nathan.chavaudra\OneDrive - Magellan Partners\Bureau\ProjetExakis\TestAPI\bin\Debug\net8.0\TestAPI.dll is a full path.
TpTrace Verbose: 0 : 40680, 1, 2025/01/24, 16:23:33.598, 6205990507313, vstest.console.dll, TestPluginCache.DiscoverTestExtensions: finding test extensions in assemblies ends with: RuntimeProvider.dll TPluginInfo: Microsoft.VisualStudio.TestPlatform.Common.ExtensionFramework.Utilities.TestRuntimePluginInformation TExtension: Microsoft.VisualStudio.TestPlatform.ObjectModel.Host.ITestRuntimeProvider
TpTrace Verbose: 0 : 40680, 1, 2025/01/24, 16:23:33.600, 6205990524453, vstest.console.dll, TestPluginCache.GetExtensionPaths: Filtered extension paths: 
TpTrace Verbose: 0 : 40680, 1, 2025/01/24, 16:23:33.600, 6205990525664, vstest.console.dll, TestPluginCache.GetExtensionPaths: Added default extension paths: C:\Program Files\dotnet\sdk\9.0.102\Extensions\Microsoft.Diagnostics.NETCore.Client.dll
C:\Program Files\dotnet\sdk\9.0.102\Extensions\Microsoft.TestPlatform.Extensions.BlameDataCollector.dll
C:\Program Files\dotnet\sdk\9.0.102\Extensions\Microsoft.TestPlatform.Extensions.EventLogCollector.dll
C:\Program Files\dotnet\sdk\9.0.102\Extensions\Microsoft.TestPlatform.TestHostRuntimeProvider.dll
C:\Program Files\dotnet\sdk\9.0.102\Extensions\Microsoft.VisualStudio.TestPlatform.Extensions.Html.TestLogger.dll
C:\Program Files\dotnet\sdk\9.0.102\Extensions\Microsoft.VisualStudio.TestPlatform.Extensions.Trx.TestLogger.dll
TpTrace Verbose: 0 : 40680, 1, 2025/01/24, 16:23:33.600, 6205990526110, vstest.console.dll, TestPluginCache.GetExtensionPaths: Added unfilterableExtensionPaths: 
TpTrace Information: 0 : 40680, 1, 2025/01/24, 16:23:33.601, 6205990533160, vstest.console.dll, AssemblyResolver.ctor: Creating AssemblyResolver with searchDirectories C:\Program Files\dotnet\sdk\9.0.102\Extensions,C:\Program Files\dotnet\sdk\9.0.102
TpTrace Verbose: 0 : 40680, 1, 2025/01/24, 16:23:33.602, 6205990545620, vstest.console.dll, TestPluginCache.DiscoverTestExtensions: Discovering the extensions using extension path.
TpTrace Verbose: 0 : 40680, 1, 2025/01/24, 16:23:33.602, 6205990547020, vstest.console.dll, TestPluginCache.GetExtensionPaths: Filtered extension paths: 
TpTrace Verbose: 0 : 40680, 1, 2025/01/24, 16:23:33.602, 6205990547599, vstest.console.dll, TestPluginCache.GetExtensionPaths: Added default extension paths: C:\Program Files\dotnet\sdk\9.0.102\Extensions\Microsoft.Diagnostics.NETCore.Client.dll
C:\Program Files\dotnet\sdk\9.0.102\Extensions\Microsoft.TestPlatform.Extensions.BlameDataCollector.dll
C:\Program Files\dotnet\sdk\9.0.102\Extensions\Microsoft.TestPlatform.Extensions.EventLogCollector.dll
C:\Program Files\dotnet\sdk\9.0.102\Extensions\Microsoft.TestPlatform.TestHostRuntimeProvider.dll
C:\Program Files\dotnet\sdk\9.0.102\Extensions\Microsoft.VisualStudio.TestPlatform.Extensions.Html.TestLogger.dll
C:\Program Files\dotnet\sdk\9.0.102\Extensions\Microsoft.VisualStudio.TestPlatform.Extensions.Trx.TestLogger.dll
TpTrace Verbose: 0 : 40680, 1, 2025/01/24, 16:23:33.602, 6205990548529, vstest.console.dll, TestPluginCache.GetExtensionPaths: Added unfilterableExtensionPaths: 
TpTrace Verbose: 0 : 40680, 1, 2025/01/24, 16:23:33.602, 6205990549345, vstest.console.dll, TestPluginCache.DiscoverTestExtensions: Discovering the extensions using allExtensionPaths: C:\Program Files\dotnet\sdk\9.0.102\Extensions\Microsoft.Diagnostics.NETCore.Client.dll
C:\Program Files\dotnet\sdk\9.0.102\Extensions\Microsoft.TestPlatform.Extensions.BlameDataCollector.dll
C:\Program Files\dotnet\sdk\9.0.102\Extensions\Microsoft.TestPlatform.Extensions.EventLogCollector.dll
C:\Program Files\dotnet\sdk\9.0.102\Extensions\Microsoft.TestPlatform.TestHostRuntimeProvider.dll
C:\Program Files\dotnet\sdk\9.0.102\Extensions\Microsoft.VisualStudio.TestPlatform.Extensions.Html.TestLogger.dll
C:\Program Files\dotnet\sdk\9.0.102\Extensions\Microsoft.VisualStudio.TestPlatform.Extensions.Trx.TestLogger.dll
TpTrace Information: 0 : 40680, 1, 2025/01/24, 16:23:33.602, 6205990550351, vstest.console.dll, AssemblyResolver.AddSearchDirectories: Adding more searchDirectories C:\Program Files\dotnet\sdk\9.0.102\Extensions,C:\Program Files\dotnet\sdk\9.0.102
TpTrace Information: 0 : 40680, 1, 2025/01/24, 16:23:33.602, 6205990550977, vstest.console.dll, AssemblyResolver.AddSearchDirectories: Adding more searchDirectories C:\Program Files\dotnet\sdk\9.0.102\Extensions,C:\Program Files\dotnet\sdk\9.0.102
TpTrace Information: 0 : 40680, 1, 2025/01/24, 16:23:33.602, 6205990551348, vstest.console.dll, AssemblyResolver.AddSearchDirectories: Adding more searchDirectories C:\Program Files\dotnet\sdk\9.0.102\Extensions,C:\Program Files\dotnet\sdk\9.0.102
TpTrace Information: 0 : 40680, 1, 2025/01/24, 16:23:33.602, 6205990551683, vstest.console.dll, AssemblyResolver.AddSearchDirectories: Adding more searchDirectories C:\Program Files\dotnet\sdk\9.0.102\Extensions,C:\Program Files\dotnet\sdk\9.0.102
TpTrace Information: 0 : 40680, 1, 2025/01/24, 16:23:33.603, 6205990552140, vstest.console.dll, AssemblyResolver.AddSearchDirectories: Adding more searchDirectories C:\Program Files\dotnet\sdk\9.0.102\Extensions,C:\Program Files\dotnet\sdk\9.0.102
TpTrace Information: 0 : 40680, 1, 2025/01/24, 16:23:33.603, 6205990552474, vstest.console.dll, AssemblyResolver.AddSearchDirectories: Adding more searchDirectories C:\Program Files\dotnet\sdk\9.0.102\Extensions,C:\Program Files\dotnet\sdk\9.0.102
TpTrace Information: 0 : 40680, 1, 2025/01/24, 16:23:33.603, 6205990556588, vstest.console.dll, AssemblyResolver.OnResolve: Microsoft.Diagnostics.NETCore.Client: Resolving assembly.
TpTrace Information: 0 : 40680, 1, 2025/01/24, 16:23:33.603, 6205990557776, vstest.console.dll, AssemblyResolver.OnResolve: Microsoft.Diagnostics.NETCore.Client: Searching in: 'C:\Program Files\dotnet\sdk\9.0.102\Extensions'.
TpTrace Information: 0 : 40680, 1, 2025/01/24, 16:23:33.612, 6205990650118, vstest.console.dll, AssemblyResolver.OnResolve: Microsoft.Diagnostics.NETCore.Client: Loading assembly 'C:\Program Files\dotnet\sdk\9.0.102\Extensions\Microsoft.Diagnostics.NETCore.Client.dll'.
TpTrace Information: 0 : 40680, 1, 2025/01/24, 16:23:33.613, 6205990661310, vstest.console.dll, AssemblyResolver.OnResolve: Resolved assembly: Microsoft.Diagnostics.NETCore.Client, from path: C:\Program Files\dotnet\sdk\9.0.102\Extensions\Microsoft.Diagnostics.NETCore.Client.dll
TpTrace Verbose: 0 : 40680, 1, 2025/01/24, 16:23:33.615, 6205990677607, vstest.console.dll, MetadataReaderExtensionsHelper: Discovering extensions inside assembly 'Microsoft.Diagnostics.NETCore.Client, Version=0.2.10.41601, Culture=neutral, PublicKeyToken=31bf3856ad364e35' file path 'C:\Program Files\dotnet\sdk\9.0.102\Extensions\Microsoft.Diagnostics.NETCore.Client.dll'
TpTrace Information: 0 : 40680, 1, 2025/01/24, 16:23:33.620, 6205990731262, vstest.console.dll, AssemblyResolver.OnResolve: Microsoft.Bcl.AsyncInterfaces: Resolving assembly.
TpTrace Information: 0 : 40680, 1, 2025/01/24, 16:23:33.621, 6205990732820, vstest.console.dll, AssemblyResolver.OnResolve: Microsoft.Bcl.AsyncInterfaces: Searching in: 'C:\Program Files\dotnet\sdk\9.0.102\Extensions'.
TpTrace Information: 0 : 40680, 1, 2025/01/24, 16:23:33.621, 6205990733857, vstest.console.dll, AssemblyResolver.OnResolve: Microsoft.Bcl.AsyncInterfaces: Assembly path does not exist: 'C:\Program Files\dotnet\sdk\9.0.102\Extensions\Microsoft.Bcl.AsyncInterfaces.dll', returning.
TpTrace Information: 0 : 40680, 1, 2025/01/24, 16:23:33.621, 6205990734546, vstest.console.dll, AssemblyResolver.OnResolve: Microsoft.Bcl.AsyncInterfaces: Assembly path does not exist: 'C:\Program Files\dotnet\sdk\9.0.102\Extensions\Microsoft.Bcl.AsyncInterfaces.exe', returning.
TpTrace Information: 0 : 40680, 1, 2025/01/24, 16:23:33.621, 6205990734890, vstest.console.dll, AssemblyResolver.OnResolve: Microsoft.Bcl.AsyncInterfaces: Searching in: 'C:\Program Files\dotnet\sdk\9.0.102'.
TpTrace Information: 0 : 40680, 1, 2025/01/24, 16:23:33.621, 6205990735534, vstest.console.dll, AssemblyResolver.OnResolve: Microsoft.Bcl.AsyncInterfaces: Assembly path does not exist: 'C:\Program Files\dotnet\sdk\9.0.102\Microsoft.Bcl.AsyncInterfaces.dll', returning.
TpTrace Information: 0 : 40680, 1, 2025/01/24, 16:23:33.621, 6205990736198, vstest.console.dll, AssemblyResolver.OnResolve: Microsoft.Bcl.AsyncInterfaces: Assembly path does not exist: 'C:\Program Files\dotnet\sdk\9.0.102\Microsoft.Bcl.AsyncInterfaces.exe', returning.
TpTrace Information: 0 : 40680, 1, 2025/01/24, 16:23:33.621, 6205990736535, vstest.console.dll, AssemblyResolver.OnResolve: Microsoft.Bcl.AsyncInterfaces: Failed to load assembly.
TpTrace Verbose: 0 : 40680, 1, 2025/01/24, 16:23:33.621, 6205990736963, vstest.console.dll, CurrentDomainAssemblyResolve: Resolving assembly 'Microsoft.Bcl.AsyncInterfaces'.
TpTrace Information: 0 : 40680, 1, 2025/01/24, 16:23:33.621, 6205990737666, vstest.console.dll, AssemblyResolver.OnResolve: Microsoft.Bcl.AsyncInterfaces: Resolving assembly.
TpTrace Information: 0 : 40680, 1, 2025/01/24, 16:23:33.621, 6205990738108, vstest.console.dll, AssemblyResolver.OnResolve: Microsoft.Bcl.AsyncInterfaces: Resolved from cache.
TpTrace Verbose: 0 : 40680, 1, 2025/01/24, 16:23:33.621, 6205990738488, vstest.console.dll, CurrentDomainAssemblyResolve: Resolving assembly 'Microsoft.Bcl.AsyncInterfaces'.
TpTrace Verbose: 0 : 40680, 1, 2025/01/24, 16:23:33.621, 6205990738916, vstest.console.dll, CurrentDomainAssemblyResolve: Failed to resolve assembly 'Microsoft.Bcl.AsyncInterfaces'.
TpTrace Verbose: 0 : 40680, 1, 2025/01/24, 16:23:33.622, 6205990746990, vstest.console.dll, CurrentDomainAssemblyResolve: Failed to resolve assembly 'Microsoft.Bcl.AsyncInterfaces'.
TpTrace Warning: 0 : 40680, 1, 2025/01/24, 16:23:33.635, 6205990879165, vstest.console.dll, TestPluginDiscoverer: Failed to get types from assembly 'Microsoft.Diagnostics.NETCore.Client, Version=0.2.10.41601, Culture=neutral, PublicKeyToken=31bf3856ad364e35'. Error: System.Reflection.ReflectionTypeLoadException: Unable to load one or more of the requested types.
Could not load file or assembly 'Microsoft.Bcl.AsyncInterfaces, Version=6.0.0.0, Culture=neutral, PublicKeyToken=cc7b13ffcd2ddd51'. Le fichier spécifié est introuvable.
   at System.Reflection.RuntimeModule.GetDefinedTypes()
   at System.Reflection.RuntimeModule.GetTypes()
   at Microsoft.VisualStudio.TestPlatform.Common.ExtensionFramework.TestPluginDiscoverer.GetTestExtensionsFromAssembly[TPluginInfo,TExtension](Assembly assembly, Dictionary`2 pluginInfos, String filePath) in /_/src/Microsoft.TestPlatform.Common/ExtensionFramework/TestPluginDiscoverer.cs:line 159
System.IO.FileNotFoundException: Could not load file or assembly 'Microsoft.Bcl.AsyncInterfaces, Version=6.0.0.0, Culture=neutral, PublicKeyToken=cc7b13ffcd2ddd51'. Le fichier spécifié est introuvable.
File name: 'Microsoft.Bcl.AsyncInterfaces, Version=6.0.0.0, Culture=neutral, PublicKeyToken=cc7b13ffcd2ddd51'
 ---> System.IO.FileNotFoundException: Could not load file or assembly 'Microsoft.Bcl.AsyncInterfaces, Culture=neutral, PublicKeyToken=null'. Le fichier spécifié est introuvable.
File name: 'Microsoft.Bcl.AsyncInterfaces, Culture=neutral, PublicKeyToken=null'
   at System.Reflection.RuntimeAssembly.InternalLoad(AssemblyName assemblyName, StackCrawlMark& stackMark, AssemblyLoadContext assemblyLoadContext, RuntimeAssembly requestingAssembly, Boolean throwOnFileNotFound)
   at System.Reflection.Assembly.Load(AssemblyName assemblyRef)
   at Microsoft.VisualStudio.TestPlatform.Common.ExtensionFramework.TestPluginCache.CurrentDomainAssemblyResolve(Object sender, AssemblyResolveEventArgs args) in /_/src/Microsoft.TestPlatform.Common/ExtensionFramework/TestPluginCache.cs:line 514
   at System.Runtime.Loader.AssemblyLoadContext.GetFirstResolvedAssemblyFromResolvingEvent(AssemblyName assemblyName)
   at System.Runtime.Loader.AssemblyLoadContext.ResolveUsingEvent(AssemblyName assemblyName)
   at System.Runtime.Loader.AssemblyLoadContext.ResolveUsingResolvingEvent(IntPtr gchManagedAssemblyLoadContext, AssemblyName assemblyName)
TpTrace Warning: 0 : 40680, 1, 2025/01/24, 16:23:33.636, 6205990883930, vstest.console.dll, LoaderExceptions: System.IO.FileNotFoundException: Could not load file or assembly 'Microsoft.Bcl.AsyncInterfaces, Version=6.0.0.0, Culture=neutral, PublicKeyToken=cc7b13ffcd2ddd51'. Le fichier spécifié est introuvable.
File name: 'Microsoft.Bcl.AsyncInterfaces, Version=6.0.0.0, Culture=neutral, PublicKeyToken=cc7b13ffcd2ddd51'
 ---> System.IO.FileNotFoundException: Could not load file or assembly 'Microsoft.Bcl.AsyncInterfaces, Culture=neutral, PublicKeyToken=null'. Le fichier spécifié est introuvable.
File name: 'Microsoft.Bcl.AsyncInterfaces, Culture=neutral, PublicKeyToken=null'
   at System.Reflection.RuntimeAssembly.InternalLoad(AssemblyName assemblyName, StackCrawlMark& stackMark, AssemblyLoadContext assemblyLoadContext, RuntimeAssembly requestingAssembly, Boolean throwOnFileNotFound)
   at System.Reflection.Assembly.Load(AssemblyName assemblyRef)
   at Microsoft.VisualStudio.TestPlatform.Common.ExtensionFramework.TestPluginCache.CurrentDomainAssemblyResolve(Object sender, AssemblyResolveEventArgs args) in /_/src/Microsoft.TestPlatform.Common/ExtensionFramework/TestPluginCache.cs:line 514
   at System.Runtime.Loader.AssemblyLoadContext.GetFirstResolvedAssemblyFromResolvingEvent(AssemblyName assemblyName)
   at System.Runtime.Loader.AssemblyLoadContext.ResolveUsingEvent(AssemblyName assemblyName)
   at System.Runtime.Loader.AssemblyLoadContext.ResolveUsingResolvingEvent(IntPtr gchManagedAssemblyLoadContext, AssemblyName assemblyName)
TpTrace Information: 0 : 40680, 1, 2025/01/24, 16:23:33.636, 6205990885869, vstest.console.dll, AssemblyResolver.OnResolve: Microsoft.TestPlatform.Extensions.BlameDataCollector: Resolving assembly.
TpTrace Information: 0 : 40680, 1, 2025/01/24, 16:23:33.636, 6205990886623, vstest.console.dll, AssemblyResolver.OnResolve: Microsoft.TestPlatform.Extensions.BlameDataCollector: Searching in: 'C:\Program Files\dotnet\sdk\9.0.102\Extensions'.
TpTrace Information: 0 : 40680, 1, 2025/01/24, 16:23:33.637, 6205990891730, vstest.console.dll, AssemblyResolver.OnResolve: Microsoft.TestPlatform.Extensions.BlameDataCollector: Loading assembly 'C:\Program Files\dotnet\sdk\9.0.102\Extensions\Microsoft.TestPlatform.Extensions.BlameDataCollector.dll'.
TpTrace Information: 0 : 40680, 1, 2025/01/24, 16:23:33.637, 6205990901540, vstest.console.dll, AssemblyResolver.OnResolve: Resolved assembly: Microsoft.TestPlatform.Extensions.BlameDataCollector, from path: C:\Program Files\dotnet\sdk\9.0.102\Extensions\Microsoft.TestPlatform.Extensions.BlameDataCollector.dll
TpTrace Verbose: 0 : 40680, 1, 2025/01/24, 16:23:33.638, 6205990902483, vstest.console.dll, MetadataReaderExtensionsHelper: Discovering extensions inside assembly 'Microsoft.TestPlatform.Extensions.BlameDataCollector, Version=15.0.0.0, Culture=neutral, PublicKeyToken=b03f5f7f11d50a3a' file path 'C:\Program Files\dotnet\sdk\9.0.102\Extensions\Microsoft.TestPlatform.Extensions.BlameDataCollector.dll'
TpTrace Information: 0 : 40680, 1, 2025/01/24, 16:23:33.639, 6205990915277, vstest.console.dll, AssemblyResolver.OnResolve: Microsoft.TestPlatform.Extensions.EventLogCollector: Resolving assembly.
TpTrace Information: 0 : 40680, 1, 2025/01/24, 16:23:33.639, 6205990915975, vstest.console.dll, AssemblyResolver.OnResolve: Microsoft.TestPlatform.Extensions.EventLogCollector: Searching in: 'C:\Program Files\dotnet\sdk\9.0.102\Extensions'.
TpTrace Information: 0 : 40680, 1, 2025/01/24, 16:23:33.639, 6205990918974, vstest.console.dll, AssemblyResolver.OnResolve: Microsoft.TestPlatform.Extensions.EventLogCollector: Loading assembly 'C:\Program Files\dotnet\sdk\9.0.102\Extensions\Microsoft.TestPlatform.Extensions.EventLogCollector.dll'.
TpTrace Information: 0 : 40680, 1, 2025/01/24, 16:23:33.640, 6205990925267, vstest.console.dll, AssemblyResolver.OnResolve: Resolved assembly: Microsoft.TestPlatform.Extensions.EventLogCollector, from path: C:\Program Files\dotnet\sdk\9.0.102\Extensions\Microsoft.TestPlatform.Extensions.EventLogCollector.dll
TpTrace Verbose: 0 : 40680, 1, 2025/01/24, 16:23:33.640, 6205990926029, vstest.console.dll, MetadataReaderExtensionsHelper: Discovering extensions inside assembly 'Microsoft.TestPlatform.Extensions.EventLogCollector, Version=15.0.0.0, Culture=neutral, PublicKeyToken=b03f5f7f11d50a3a' file path 'C:\Program Files\dotnet\sdk\9.0.102\Extensions\Microsoft.TestPlatform.Extensions.EventLogCollector.dll'
TpTrace Information: 0 : 40680, 1, 2025/01/24, 16:23:33.642, 6205990946977, vstest.console.dll, AssemblyResolver.OnResolve: Microsoft.TestPlatform.TestHostRuntimeProvider: Resolving assembly.
TpTrace Information: 0 : 40680, 1, 2025/01/24, 16:23:33.642, 6205990947728, vstest.console.dll, AssemblyResolver.OnResolve: Microsoft.TestPlatform.TestHostRuntimeProvider: Searching in: 'C:\Program Files\dotnet\sdk\9.0.102\Extensions'.
TpTrace Information: 0 : 40680, 1, 2025/01/24, 16:23:33.642, 6205990950279, vstest.console.dll, AssemblyResolver.OnResolve: Microsoft.TestPlatform.TestHostRuntimeProvider: Loading assembly 'C:\Program Files\dotnet\sdk\9.0.102\Extensions\Microsoft.TestPlatform.TestHostRuntimeProvider.dll'.
TpTrace Information: 0 : 40680, 1, 2025/01/24, 16:23:33.643, 6205990956251, vstest.console.dll, AssemblyResolver.OnResolve: Resolved assembly: Microsoft.TestPlatform.TestHostRuntimeProvider, from path: C:\Program Files\dotnet\sdk\9.0.102\Extensions\Microsoft.TestPlatform.TestHostRuntimeProvider.dll
TpTrace Verbose: 0 : 40680, 1, 2025/01/24, 16:23:33.643, 6205990957091, vstest.console.dll, MetadataReaderExtensionsHelper: Discovering extensions inside assembly 'Microsoft.TestPlatform.TestHostRuntimeProvider, Version=15.0.0.0, Culture=neutral, PublicKeyToken=b03f5f7f11d50a3a' file path 'C:\Program Files\dotnet\sdk\9.0.102\Extensions\Microsoft.TestPlatform.TestHostRuntimeProvider.dll'
TpTrace Information: 0 : 40680, 1, 2025/01/24, 16:23:33.645, 6205990977579, vstest.console.dll, GetTestExtensionFromType: Register extension with identifier data 'HostProvider://DefaultTestHost' and type 'Microsoft.VisualStudio.TestPlatform.CrossPlatEngine.Hosting.DefaultTestHostManager, Microsoft.TestPlatform.TestHostRuntimeProvider, Version=15.0.0.0, Culture=neutral, PublicKeyToken=b03f5f7f11d50a3a' inside file 'C:\Program Files\dotnet\sdk\9.0.102\Extensions\Microsoft.TestPlatform.TestHostRuntimeProvider.dll'
TpTrace Information: 0 : 40680, 1, 2025/01/24, 16:23:33.645, 6205990981152, vstest.console.dll, GetTestExtensionFromType: Register extension with identifier data 'HostProvider://DotnetTestHost' and type 'Microsoft.VisualStudio.TestPlatform.CrossPlatEngine.Hosting.DotnetTestHostManager, Microsoft.TestPlatform.TestHostRuntimeProvider, Version=15.0.0.0, Culture=neutral, PublicKeyToken=b03f5f7f11d50a3a' inside file 'C:\Program Files\dotnet\sdk\9.0.102\Extensions\Microsoft.TestPlatform.TestHostRuntimeProvider.dll'
TpTrace Information: 0 : 40680, 1, 2025/01/24, 16:23:33.646, 6205990983133, vstest.console.dll, AssemblyResolver.OnResolve: Microsoft.VisualStudio.TestPlatform.Extensions.Html.TestLogger: Resolving assembly.
TpTrace Information: 0 : 40680, 1, 2025/01/24, 16:23:33.646, 6205990984128, vstest.console.dll, AssemblyResolver.OnResolve: Microsoft.VisualStudio.TestPlatform.Extensions.Html.TestLogger: Searching in: 'C:\Program Files\dotnet\sdk\9.0.102\Extensions'.
TpTrace Information: 0 : 40680, 1, 2025/01/24, 16:23:33.646, 6205990988378, vstest.console.dll, AssemblyResolver.OnResolve: Microsoft.VisualStudio.TestPlatform.Extensions.Html.TestLogger: Loading assembly 'C:\Program Files\dotnet\sdk\9.0.102\Extensions\Microsoft.VisualStudio.TestPlatform.Extensions.Html.TestLogger.dll'.
TpTrace Information: 0 : 40680, 1, 2025/01/24, 16:23:33.647, 6205991000267, vstest.console.dll, AssemblyResolver.OnResolve: Resolved assembly: Microsoft.VisualStudio.TestPlatform.Extensions.Html.TestLogger, from path: C:\Program Files\dotnet\sdk\9.0.102\Extensions\Microsoft.VisualStudio.TestPlatform.Extensions.Html.TestLogger.dll
TpTrace Verbose: 0 : 40680, 1, 2025/01/24, 16:23:33.647, 6205991001244, vstest.console.dll, MetadataReaderExtensionsHelper: Discovering extensions inside assembly 'Microsoft.VisualStudio.TestPlatform.Extensions.Html.TestLogger, Version=15.0.0.0, Culture=neutral, PublicKeyToken=b03f5f7f11d50a3a' file path 'C:\Program Files\dotnet\sdk\9.0.102\Extensions\Microsoft.VisualStudio.TestPlatform.Extensions.Html.TestLogger.dll'
TpTrace Information: 0 : 40680, 1, 2025/01/24, 16:23:33.648, 6205991009625, vstest.console.dll, AssemblyResolver.OnResolve: Microsoft.VisualStudio.TestPlatform.Extensions.Trx.TestLogger: Resolving assembly.
TpTrace Information: 0 : 40680, 1, 2025/01/24, 16:23:33.648, 6205991010241, vstest.console.dll, AssemblyResolver.OnResolve: Microsoft.VisualStudio.TestPlatform.Extensions.Trx.TestLogger: Searching in: 'C:\Program Files\dotnet\sdk\9.0.102\Extensions'.
TpTrace Information: 0 : 40680, 1, 2025/01/24, 16:23:33.649, 6205991012994, vstest.console.dll, AssemblyResolver.OnResolve: Microsoft.VisualStudio.TestPlatform.Extensions.Trx.TestLogger: Loading assembly 'C:\Program Files\dotnet\sdk\9.0.102\Extensions\Microsoft.VisualStudio.TestPlatform.Extensions.Trx.TestLogger.dll'.
TpTrace Information: 0 : 40680, 1, 2025/01/24, 16:23:33.649, 6205991020676, vstest.console.dll, AssemblyResolver.OnResolve: Resolved assembly: Microsoft.VisualStudio.TestPlatform.Extensions.Trx.TestLogger, from path: C:\Program Files\dotnet\sdk\9.0.102\Extensions\Microsoft.VisualStudio.TestPlatform.Extensions.Trx.TestLogger.dll
TpTrace Verbose: 0 : 40680, 1, 2025/01/24, 16:23:33.649, 6205991021315, vstest.console.dll, MetadataReaderExtensionsHelper: Discovering extensions inside assembly 'Microsoft.VisualStudio.TestPlatform.Extensions.Trx.TestLogger, Version=15.0.0.0, Culture=neutral, PublicKeyToken=b03f5f7f11d50a3a' file path 'C:\Program Files\dotnet\sdk\9.0.102\Extensions\Microsoft.VisualStudio.TestPlatform.Extensions.Trx.TestLogger.dll'
TpTrace Verbose: 0 : 40680, 1, 2025/01/24, 16:23:33.651, 6205991036135, vstest.console.dll, TestPluginCache: Discovered the extensions using extension path ''.
TpTrace Verbose: 0 : 40680, 1, 2025/01/24, 16:23:33.651, 6205991037071, vstest.console.dll, TestPluginCache: Discoverers are ''.
TpTrace Verbose: 0 : 40680, 1, 2025/01/24, 16:23:33.651, 6205991037456, vstest.console.dll, TestPluginCache: Executors are ''.
TpTrace Verbose: 0 : 40680, 1, 2025/01/24, 16:23:33.651, 6205991037761, vstest.console.dll, TestPluginCache: Executors2 are ''.
TpTrace Verbose: 0 : 40680, 1, 2025/01/24, 16:23:33.651, 6205991038046, vstest.console.dll, TestPluginCache: Setting providers are ''.
TpTrace Verbose: 0 : 40680, 1, 2025/01/24, 16:23:33.651, 6205991038330, vstest.console.dll, TestPluginCache: Loggers are ''.
TpTrace Verbose: 0 : 40680, 1, 2025/01/24, 16:23:33.651, 6205991039589, vstest.console.dll, TestPluginCache: TestHosts are 'HostProvider://DefaultTestHost,HostProvider://DotnetTestHost'.
TpTrace Verbose: 0 : 40680, 1, 2025/01/24, 16:23:33.651, 6205991040077, vstest.console.dll, TestPluginCache: DataCollectors are ''.
TpTrace Information: 0 : 40680, 1, 2025/01/24, 16:23:33.668, 6205991204816, vstest.console.dll, RunTestsArgumentProcessor:Execute: Test run is starting.
TpTrace Verbose: 0 : 40680, 1, 2025/01/24, 16:23:33.668, 6205991206117, vstest.console.dll, RunTestsArgumentProcessor:Execute: Queuing Test run.
TpTrace Information: 0 : 40680, 1, 2025/01/24, 16:23:33.668, 6205991209182, vstest.console.dll, TestRequestManager.RunTests: run tests started.
TpTrace Information: 0 : 40680, 1, 2025/01/24, 16:23:33.670, 6205991225176, vstest.console.dll, AssemblyMetadataProvider.GetFrameworkName: Determined framework:'.NETCoreApp,Version=v8.0' for source: 'C:\Users\nathan.chavaudra\OneDrive - Magellan Partners\Bureau\ProjetExakis\TestAPI\bin\Debug\net8.0\TestAPI.dll'
TpTrace Information: 0 : 40680, 1, 2025/01/24, 16:23:33.670, 6205991227138, vstest.console.dll, Determined framework for all sources: .NETCoreApp,Version=v8.0
TpTrace Verbose: 0 : 40680, 1, 2025/01/24, 16:23:33.670, 6205991230206, vstest.console.dll, TestRequestManager.UpdateRunSettingsIfRequired: Default architecture: X64 IsDefaultTargetArchitecture: True, Current process architecture: X64 OperatingSystem: Windows.
TpTrace Information: 0 : 40680, 1, 2025/01/24, 16:23:33.672, 6205991245927, vstest.console.dll, AssemblyMetadataProvider.GetArchitecture: Determined architecture:AnyCPU info for assembly: C:\Users\nathan.chavaudra\OneDrive - Magellan Partners\Bureau\ProjetExakis\TestAPI\bin\Debug\net8.0\TestAPI.dll
TpTrace Information: 0 : 40680, 1, 2025/01/24, 16:23:33.672, 6205991246385, vstest.console.dll, Determined platform for source 'C:\Users\nathan.chavaudra\OneDrive - Magellan Partners\Bureau\ProjetExakis\TestAPI\bin\Debug\net8.0\TestAPI.dll' was AnyCPU and it will use the default plaform X64.
TpTrace Information: 0 : 40680, 1, 2025/01/24, 16:23:33.672, 6205991246597, vstest.console.dll, None of the sources provided any runnable platform, using the default platform: X64
TpTrace Information: 0 : 40680, 1, 2025/01/24, 16:23:33.672, 6205991247771, vstest.console.dll, Platform was updated to 'X64'.
TpTrace Information: 0 : 40680, 1, 2025/01/24, 16:23:33.674, 6205991264135, vstest.console.dll, Compatible sources list: 
TpTrace Information: 0 : 40680, 1, 2025/01/24, 16:23:33.674, 6205991264683, vstest.console.dll, C:\Users\nathan.chavaudra\OneDrive - Magellan Partners\Bureau\ProjetExakis\TestAPI\bin\Debug\net8.0\TestAPI.dll
TpTrace Information: 0 : 40680, 1, 2025/01/24, 16:23:33.676, 6205991290373, vstest.console.dll, InferRunSettingsHelper.IsTestSettingsEnabled: Unable to navigate to RunSettings/MSTest. Current node: RunSettings
TpTrace Information: 0 : 40680, 1, 2025/01/24, 16:23:33.677, 6205991300005, vstest.console.dll, AssemblyResolver.OnResolve: Microsoft.VisualStudio.TestPlatform.Fakes: Resolving assembly.
TpTrace Information: 0 : 40680, 1, 2025/01/24, 16:23:33.677, 6205991301316, vstest.console.dll, AssemblyResolver.OnResolve: Microsoft.VisualStudio.TestPlatform.Fakes: Searching in: 'C:\Program Files\dotnet\sdk\9.0.102\Extensions'.
TpTrace Information: 0 : 40680, 1, 2025/01/24, 16:23:33.678, 6205991302961, vstest.console.dll, AssemblyResolver.OnResolve: Microsoft.VisualStudio.TestPlatform.Fakes: Assembly path does not exist: 'C:\Program Files\dotnet\sdk\9.0.102\Extensions\Microsoft.VisualStudio.TestPlatform.Fakes.dll', returning.
TpTrace Information: 0 : 40680, 1, 2025/01/24, 16:23:33.678, 6205991303650, vstest.console.dll, AssemblyResolver.OnResolve: Microsoft.VisualStudio.TestPlatform.Fakes: Assembly path does not exist: 'C:\Program Files\dotnet\sdk\9.0.102\Extensions\Microsoft.VisualStudio.TestPlatform.Fakes.exe', returning.
TpTrace Information: 0 : 40680, 1, 2025/01/24, 16:23:33.678, 6205991303980, vstest.console.dll, AssemblyResolver.OnResolve: Microsoft.VisualStudio.TestPlatform.Fakes: Searching in: 'C:\Program Files\dotnet\sdk\9.0.102'.
TpTrace Information: 0 : 40680, 1, 2025/01/24, 16:23:33.678, 6205991304748, vstest.console.dll, AssemblyResolver.OnResolve: Microsoft.VisualStudio.TestPlatform.Fakes: Assembly path does not exist: 'C:\Program Files\dotnet\sdk\9.0.102\Microsoft.VisualStudio.TestPlatform.Fakes.dll', returning.
TpTrace Information: 0 : 40680, 1, 2025/01/24, 16:23:33.678, 6205991305392, vstest.console.dll, AssemblyResolver.OnResolve: Microsoft.VisualStudio.TestPlatform.Fakes: Assembly path does not exist: 'C:\Program Files\dotnet\sdk\9.0.102\Microsoft.VisualStudio.TestPlatform.Fakes.exe', returning.
TpTrace Information: 0 : 40680, 1, 2025/01/24, 16:23:33.678, 6205991305715, vstest.console.dll, AssemblyResolver.OnResolve: Microsoft.VisualStudio.TestPlatform.Fakes: Failed to load assembly.
TpTrace Information: 0 : 40680, 1, 2025/01/24, 16:23:33.678, 6205991309388, vstest.console.dll, Failed to load assembly Microsoft.VisualStudio.TestPlatform.Fakes, Version=17.0.0.0, Culture=neutral. Reason:System.IO.FileNotFoundException: Could not load file or assembly 'Microsoft.VisualStudio.TestPlatform.Fakes, Version=17.0.0.0, Culture=neutral, PublicKeyToken=null'. Le fichier spécifié est introuvable.
File name: 'Microsoft.VisualStudio.TestPlatform.Fakes, Version=17.0.0.0, Culture=neutral, PublicKeyToken=null'
   at System.Reflection.RuntimeAssembly.InternalLoad(AssemblyName assemblyName, StackCrawlMark& stackMark, AssemblyLoadContext assemblyLoadContext, RuntimeAssembly requestingAssembly, Boolean throwOnFileNotFound)
   at System.Reflection.Assembly.Load(AssemblyName assemblyRef)
   at Microsoft.VisualStudio.TestPlatform.Common.Utilities.FakesUtilities.LoadTestPlatformAssembly() in /_/src/Microsoft.TestPlatform.Common/Utilities/FakesUtilities.cs:line 273
TpTrace Verbose: 0 : 40680, 1, 2025/01/24, 16:23:33.680, 6205991324499, vstest.console.dll, TestPluginCache: Update extensions started. Skip filter = False
TpTrace Verbose: 0 : 40680, 1, 2025/01/24, 16:23:33.682, 6205991346101, vstest.console.dll, TestPluginCache: Using directories for assembly resolution 'C:\Users\nathan.chavaudra\.nuget\packages\coverlet.collector\6.0.4\build\netstandard2.0'.
TpTrace Verbose: 0 : 40680, 1, 2025/01/24, 16:23:33.682, 6205991347064, vstest.console.dll, TestPluginCache: Updated the available extensions to 'C:\Users\nathan.chavaudra\.nuget\packages\coverlet.collector\6.0.4\build\netstandard2.0\coverlet.collector.dll'.
TpTrace Verbose: 0 : 40680, 1, 2025/01/24, 16:23:33.685, 6205991374708, vstest.console.dll, TestPluginCache.DiscoverTestExtensions: finding test extensions in assemblies ends with: TestLogger.dll TPluginInfo: Microsoft.VisualStudio.TestPlatform.Common.ExtensionFramework.Utilities.TestLoggerPluginInformation TExtension: Microsoft.VisualStudio.TestPlatform.ObjectModel.Client.ITestLogger
TpTrace Verbose: 0 : 40680, 1, 2025/01/24, 16:23:33.685, 6205991375630, vstest.console.dll, TestPluginCache.GetExtensionPaths: Filtered extension paths: C:\Users\nathan.chavaudra\.nuget\packages\coverlet.collector\6.0.4\build\netstandard2.0\coverlet.collector.dll
TpTrace Verbose: 0 : 40680, 1, 2025/01/24, 16:23:33.685, 6205991376019, vstest.console.dll, TestPluginCache.GetExtensionPaths: Added default extension paths: C:\Program Files\dotnet\sdk\9.0.102\Extensions\Microsoft.Diagnostics.NETCore.Client.dll
C:\Program Files\dotnet\sdk\9.0.102\Extensions\Microsoft.TestPlatform.Extensions.BlameDataCollector.dll
C:\Program Files\dotnet\sdk\9.0.102\Extensions\Microsoft.TestPlatform.Extensions.EventLogCollector.dll
C:\Program Files\dotnet\sdk\9.0.102\Extensions\Microsoft.TestPlatform.TestHostRuntimeProvider.dll
C:\Program Files\dotnet\sdk\9.0.102\Extensions\Microsoft.VisualStudio.TestPlatform.Extensions.Html.TestLogger.dll
C:\Program Files\dotnet\sdk\9.0.102\Extensions\Microsoft.VisualStudio.TestPlatform.Extensions.Trx.TestLogger.dll
TpTrace Verbose: 0 : 40680, 1, 2025/01/24, 16:23:33.685, 6205991376304, vstest.console.dll, TestPluginCache.GetExtensionPaths: Added unfilterableExtensionPaths: 
TpTrace Information: 0 : 40680, 1, 2025/01/24, 16:23:33.685, 6205991377525, vstest.console.dll, AssemblyResolver.AddSearchDirectories: Adding more searchDirectories C:\Users\nathan.chavaudra\.nuget\packages\coverlet.collector\6.0.4\build\netstandard2.0,C:\Program Files\dotnet\sdk\9.0.102\Extensions,C:\Program Files\dotnet\sdk\9.0.102
TpTrace Verbose: 0 : 40680, 1, 2025/01/24, 16:23:33.685, 6205991378478, vstest.console.dll, TestPluginCache.DiscoverTestExtensions: Discovering the extensions using extension path.
TpTrace Verbose: 0 : 40680, 1, 2025/01/24, 16:23:33.685, 6205991378882, vstest.console.dll, TestPluginCache.GetExtensionPaths: Filtered extension paths: 
TpTrace Verbose: 0 : 40680, 1, 2025/01/24, 16:23:33.685, 6205991379128, vstest.console.dll, TestPluginCache.GetExtensionPaths: Added default extension paths: C:\Program Files\dotnet\sdk\9.0.102\Extensions\Microsoft.Diagnostics.NETCore.Client.dll
C:\Program Files\dotnet\sdk\9.0.102\Extensions\Microsoft.TestPlatform.Extensions.BlameDataCollector.dll
C:\Program Files\dotnet\sdk\9.0.102\Extensions\Microsoft.TestPlatform.Extensions.EventLogCollector.dll
C:\Program Files\dotnet\sdk\9.0.102\Extensions\Microsoft.TestPlatform.TestHostRuntimeProvider.dll
C:\Program Files\dotnet\sdk\9.0.102\Extensions\Microsoft.VisualStudio.TestPlatform.Extensions.Html.TestLogger.dll
C:\Program Files\dotnet\sdk\9.0.102\Extensions\Microsoft.VisualStudio.TestPlatform.Extensions.Trx.TestLogger.dll
TpTrace Verbose: 0 : 40680, 1, 2025/01/24, 16:23:33.685, 6205991379329, vstest.console.dll, TestPluginCache.GetExtensionPaths: Added unfilterableExtensionPaths: 
TpTrace Verbose: 0 : 40680, 1, 2025/01/24, 16:23:33.685, 6205991379640, vstest.console.dll, TestPluginCache.DiscoverTestExtensions: Discovering the extensions using allExtensionPaths: C:\Program Files\dotnet\sdk\9.0.102\Extensions\Microsoft.Diagnostics.NETCore.Client.dll
C:\Program Files\dotnet\sdk\9.0.102\Extensions\Microsoft.TestPlatform.Extensions.BlameDataCollector.dll
C:\Program Files\dotnet\sdk\9.0.102\Extensions\Microsoft.TestPlatform.Extensions.EventLogCollector.dll
C:\Program Files\dotnet\sdk\9.0.102\Extensions\Microsoft.TestPlatform.TestHostRuntimeProvider.dll
C:\Program Files\dotnet\sdk\9.0.102\Extensions\Microsoft.VisualStudio.TestPlatform.Extensions.Html.TestLogger.dll
C:\Program Files\dotnet\sdk\9.0.102\Extensions\Microsoft.VisualStudio.TestPlatform.Extensions.Trx.TestLogger.dll
TpTrace Information: 0 : 40680, 1, 2025/01/24, 16:23:33.685, 6205991380048, vstest.console.dll, AssemblyResolver.AddSearchDirectories: Adding more searchDirectories C:\Program Files\dotnet\sdk\9.0.102\Extensions,C:\Program Files\dotnet\sdk\9.0.102
TpTrace Information: 0 : 40680, 1, 2025/01/24, 16:23:33.685, 6205991380319, vstest.console.dll, AssemblyResolver.AddSearchDirectories: Adding more searchDirectories C:\Program Files\dotnet\sdk\9.0.102\Extensions,C:\Program Files\dotnet\sdk\9.0.102
TpTrace Information: 0 : 40680, 1, 2025/01/24, 16:23:33.685, 6205991380522, vstest.console.dll, AssemblyResolver.AddSearchDirectories: Adding more searchDirectories C:\Program Files\dotnet\sdk\9.0.102\Extensions,C:\Program Files\dotnet\sdk\9.0.102
TpTrace Information: 0 : 40680, 1, 2025/01/24, 16:23:33.685, 6205991380720, vstest.console.dll, AssemblyResolver.AddSearchDirectories: Adding more searchDirectories C:\Program Files\dotnet\sdk\9.0.102\Extensions,C:\Program Files\dotnet\sdk\9.0.102
TpTrace Information: 0 : 40680, 1, 2025/01/24, 16:23:33.685, 6205991380917, vstest.console.dll, AssemblyResolver.AddSearchDirectories: Adding more searchDirectories C:\Program Files\dotnet\sdk\9.0.102\Extensions,C:\Program Files\dotnet\sdk\9.0.102
TpTrace Information: 0 : 40680, 1, 2025/01/24, 16:23:33.685, 6205991381150, vstest.console.dll, AssemblyResolver.AddSearchDirectories: Adding more searchDirectories C:\Program Files\dotnet\sdk\9.0.102\Extensions,C:\Program Files\dotnet\sdk\9.0.102
TpTrace Verbose: 0 : 40680, 1, 2025/01/24, 16:23:33.686, 6205991382071, vstest.console.dll, MetadataReaderExtensionsHelper: Discovering extensions inside assembly 'Microsoft.Diagnostics.NETCore.Client, Version=0.2.10.41601, Culture=neutral, PublicKeyToken=31bf3856ad364e35' file path 'C:\Program Files\dotnet\sdk\9.0.102\Extensions\Microsoft.Diagnostics.NETCore.Client.dll'
TpTrace Information: 0 : 40680, 1, 2025/01/24, 16:23:33.686, 6205991388789, vstest.console.dll, AssemblyResolver.OnResolve: Microsoft.Bcl.AsyncInterfaces: Resolving assembly.
TpTrace Information: 0 : 40680, 1, 2025/01/24, 16:23:33.686, 6205991389309, vstest.console.dll, AssemblyResolver.OnResolve: Microsoft.Bcl.AsyncInterfaces: Resolved from cache.
TpTrace Verbose: 0 : 40680, 1, 2025/01/24, 16:23:33.686, 6205991389523, vstest.console.dll, CurrentDomainAssemblyResolve: Resolving assembly 'Microsoft.Bcl.AsyncInterfaces'.
TpTrace Information: 0 : 40680, 1, 2025/01/24, 16:23:33.686, 6205991389915, vstest.console.dll, AssemblyResolver.OnResolve: Microsoft.Bcl.AsyncInterfaces: Resolving assembly.
TpTrace Information: 0 : 40680, 1, 2025/01/24, 16:23:33.686, 6205991390109, vstest.console.dll, AssemblyResolver.OnResolve: Microsoft.Bcl.AsyncInterfaces: Resolved from cache.
TpTrace Verbose: 0 : 40680, 1, 2025/01/24, 16:23:33.686, 6205991390289, vstest.console.dll, CurrentDomainAssemblyResolve: Resolving assembly 'Microsoft.Bcl.AsyncInterfaces'.
TpTrace Verbose: 0 : 40680, 1, 2025/01/24, 16:23:33.686, 6205991390469, vstest.console.dll, CurrentDomainAssemblyResolve: Failed to resolve assembly 'Microsoft.Bcl.AsyncInterfaces'.
TpTrace Verbose: 0 : 40680, 1, 2025/01/24, 16:23:33.686, 6205991391629, vstest.console.dll, CurrentDomainAssemblyResolve: Failed to resolve assembly 'Microsoft.Bcl.AsyncInterfaces'.
TpTrace Warning: 0 : 40680, 1, 2025/01/24, 16:23:33.687, 6205991394433, vstest.console.dll, TestPluginDiscoverer: Failed to get types from assembly 'Microsoft.Diagnostics.NETCore.Client, Version=0.2.10.41601, Culture=neutral, PublicKeyToken=31bf3856ad364e35'. Error: System.Reflection.ReflectionTypeLoadException: Unable to load one or more of the requested types.
Could not load file or assembly 'Microsoft.Bcl.AsyncInterfaces, Version=6.0.0.0, Culture=neutral, PublicKeyToken=cc7b13ffcd2ddd51'. Le fichier spécifié est introuvable.
   at System.Reflection.RuntimeModule.GetDefinedTypes()
   at System.Reflection.RuntimeModule.GetTypes()
   at Microsoft.VisualStudio.TestPlatform.Common.ExtensionFramework.TestPluginDiscoverer.GetTestExtensionsFromAssembly[TPluginInfo,TExtension](Assembly assembly, Dictionary`2 pluginInfos, String filePath) in /_/src/Microsoft.TestPlatform.Common/ExtensionFramework/TestPluginDiscoverer.cs:line 159
System.IO.FileNotFoundException: Could not load file or assembly 'Microsoft.Bcl.AsyncInterfaces, Version=6.0.0.0, Culture=neutral, PublicKeyToken=cc7b13ffcd2ddd51'. Le fichier spécifié est introuvable.
File name: 'Microsoft.Bcl.AsyncInterfaces, Version=6.0.0.0, Culture=neutral, PublicKeyToken=cc7b13ffcd2ddd51'
 ---> System.IO.FileNotFoundException: Could not load file or assembly 'Microsoft.Bcl.AsyncInterfaces, Culture=neutral, PublicKeyToken=null'. Le fichier spécifié est introuvable.
File name: 'Microsoft.Bcl.AsyncInterfaces, Culture=neutral, PublicKeyToken=null'
   at System.Reflection.RuntimeAssembly.InternalLoad(AssemblyName assemblyName, StackCrawlMark& stackMark, AssemblyLoadContext assemblyLoadContext, RuntimeAssembly requestingAssembly, Boolean throwOnFileNotFound)
   at System.Reflection.Assembly.Load(AssemblyName assemblyRef)
   at Microsoft.VisualStudio.TestPlatform.Common.ExtensionFramework.TestPluginCache.CurrentDomainAssemblyResolve(Object sender, AssemblyResolveEventArgs args) in /_/src/Microsoft.TestPlatform.Common/ExtensionFramework/TestPluginCache.cs:line 514
   at System.Runtime.Loader.AssemblyLoadContext.GetFirstResolvedAssemblyFromResolvingEvent(AssemblyName assemblyName)
   at System.Runtime.Loader.AssemblyLoadContext.ResolveUsingEvent(AssemblyName assemblyName)
   at System.Runtime.Loader.AssemblyLoadContext.ResolveUsingResolvingEvent(IntPtr gchManagedAssemblyLoadContext, AssemblyName assemblyName)
TpTrace Warning: 0 : 40680, 1, 2025/01/24, 16:23:33.687, 6205991395703, vstest.console.dll, LoaderExceptions: System.IO.FileNotFoundException: Could not load file or assembly 'Microsoft.Bcl.AsyncInterfaces, Version=6.0.0.0, Culture=neutral, PublicKeyToken=cc7b13ffcd2ddd51'. Le fichier spécifié est introuvable.
File name: 'Microsoft.Bcl.AsyncInterfaces, Version=6.0.0.0, Culture=neutral, PublicKeyToken=cc7b13ffcd2ddd51'
 ---> System.IO.FileNotFoundException: Could not load file or assembly 'Microsoft.Bcl.AsyncInterfaces, Culture=neutral, PublicKeyToken=null'. Le fichier spécifié est introuvable.
File name: 'Microsoft.Bcl.AsyncInterfaces, Culture=neutral, PublicKeyToken=null'
   at System.Reflection.RuntimeAssembly.InternalLoad(AssemblyName assemblyName, StackCrawlMark& stackMark, AssemblyLoadContext assemblyLoadContext, RuntimeAssembly requestingAssembly, Boolean throwOnFileNotFound)
   at System.Reflection.Assembly.Load(AssemblyName assemblyRef)
   at Microsoft.VisualStudio.TestPlatform.Common.ExtensionFramework.TestPluginCache.CurrentDomainAssemblyResolve(Object sender, AssemblyResolveEventArgs args) in /_/src/Microsoft.TestPlatform.Common/ExtensionFramework/TestPluginCache.cs:line 514
   at System.Runtime.Loader.AssemblyLoadContext.GetFirstResolvedAssemblyFromResolvingEvent(AssemblyName assemblyName)
   at System.Runtime.Loader.AssemblyLoadContext.ResolveUsingEvent(AssemblyName assemblyName)
   at System.Runtime.Loader.AssemblyLoadContext.ResolveUsingResolvingEvent(IntPtr gchManagedAssemblyLoadContext, AssemblyName assemblyName)
TpTrace Verbose: 0 : 40680, 1, 2025/01/24, 16:23:33.687, 6205991396271, vstest.console.dll, MetadataReaderExtensionsHelper: Discovering extensions inside assembly 'Microsoft.TestPlatform.Extensions.BlameDataCollector, Version=15.0.0.0, Culture=neutral, PublicKeyToken=b03f5f7f11d50a3a' file path 'C:\Program Files\dotnet\sdk\9.0.102\Extensions\Microsoft.TestPlatform.Extensions.BlameDataCollector.dll'
TpTrace Information: 0 : 40680, 1, 2025/01/24, 16:23:33.687, 6205991400267, vstest.console.dll, GetTestExtensionFromType: Register extension with identifier data 'logger://Microsoft/TestPlatform/Extensions/Blame/v1' and type 'Microsoft.TestPlatform.Extensions.BlameDataCollector.BlameLogger, Microsoft.TestPlatform.Extensions.BlameDataCollector, Version=15.0.0.0, Culture=neutral, PublicKeyToken=b03f5f7f11d50a3a' inside file 'C:\Program Files\dotnet\sdk\9.0.102\Extensions\Microsoft.TestPlatform.Extensions.BlameDataCollector.dll'
TpTrace Verbose: 0 : 40680, 1, 2025/01/24, 16:23:33.687, 6205991400848, vstest.console.dll, MetadataReaderExtensionsHelper: Discovering extensions inside assembly 'Microsoft.TestPlatform.Extensions.EventLogCollector, Version=15.0.0.0, Culture=neutral, PublicKeyToken=b03f5f7f11d50a3a' file path 'C:\Program Files\dotnet\sdk\9.0.102\Extensions\Microsoft.TestPlatform.Extensions.EventLogCollector.dll'
TpTrace Verbose: 0 : 40680, 1, 2025/01/24, 16:23:33.688, 6205991403570, vstest.console.dll, MetadataReaderExtensionsHelper: Discovering extensions inside assembly 'Microsoft.TestPlatform.TestHostRuntimeProvider, Version=15.0.0.0, Culture=neutral, PublicKeyToken=b03f5f7f11d50a3a' file path 'C:\Program Files\dotnet\sdk\9.0.102\Extensions\Microsoft.TestPlatform.TestHostRuntimeProvider.dll'
TpTrace Verbose: 0 : 40680, 1, 2025/01/24, 16:23:33.688, 6205991406293, vstest.console.dll, MetadataReaderExtensionsHelper: Discovering extensions inside assembly 'Microsoft.VisualStudio.TestPlatform.Extensions.Html.TestLogger, Version=15.0.0.0, Culture=neutral, PublicKeyToken=b03f5f7f11d50a3a' file path 'C:\Program Files\dotnet\sdk\9.0.102\Extensions\Microsoft.VisualStudio.TestPlatform.Extensions.Html.TestLogger.dll'
TpTrace Information: 0 : 40680, 1, 2025/01/24, 16:23:33.688, 6205991411045, vstest.console.dll, GetTestExtensionFromType: Register extension with identifier data 'logger://Microsoft/TestPlatform/HtmlLogger/v1' and type 'Microsoft.VisualStudio.TestPlatform.Extensions.HtmlLogger.HtmlLogger, Microsoft.VisualStudio.TestPlatform.Extensions.Html.TestLogger, Version=15.0.0.0, Culture=neutral, PublicKeyToken=b03f5f7f11d50a3a' inside file 'C:\Program Files\dotnet\sdk\9.0.102\Extensions\Microsoft.VisualStudio.TestPlatform.Extensions.Html.TestLogger.dll'
TpTrace Verbose: 0 : 40680, 1, 2025/01/24, 16:23:33.688, 6205991411662, vstest.console.dll, MetadataReaderExtensionsHelper: Discovering extensions inside assembly 'Microsoft.VisualStudio.TestPlatform.Extensions.Trx.TestLogger, Version=15.0.0.0, Culture=neutral, PublicKeyToken=b03f5f7f11d50a3a' file path 'C:\Program Files\dotnet\sdk\9.0.102\Extensions\Microsoft.VisualStudio.TestPlatform.Extensions.Trx.TestLogger.dll'
TpTrace Information: 0 : 40680, 1, 2025/01/24, 16:23:33.689, 6205991414799, vstest.console.dll, GetTestExtensionFromType: Register extension with identifier data 'logger://Microsoft/TestPlatform/TrxLogger/v1' and type 'Microsoft.VisualStudio.TestPlatform.Extensions.TrxLogger.TrxLogger, Microsoft.VisualStudio.TestPlatform.Extensions.Trx.TestLogger, Version=15.0.0.0, Culture=neutral, PublicKeyToken=b03f5f7f11d50a3a' inside file 'C:\Program Files\dotnet\sdk\9.0.102\Extensions\Microsoft.VisualStudio.TestPlatform.Extensions.Trx.TestLogger.dll'
TpTrace Verbose: 0 : 40680, 1, 2025/01/24, 16:23:33.689, 6205991415513, vstest.console.dll, TestPluginCache: Discovered the extensions using extension path 'C:\Users\nathan.chavaudra\.nuget\packages\coverlet.collector\6.0.4\build\netstandard2.0\coverlet.collector.dll'.
TpTrace Verbose: 0 : 40680, 1, 2025/01/24, 16:23:33.689, 6205991415731, vstest.console.dll, TestPluginCache: Discoverers are ''.
TpTrace Verbose: 0 : 40680, 1, 2025/01/24, 16:23:33.689, 6205991415907, vstest.console.dll, TestPluginCache: Executors are ''.
TpTrace Verbose: 0 : 40680, 1, 2025/01/24, 16:23:33.689, 6205991416078, vstest.console.dll, TestPluginCache: Executors2 are ''.
TpTrace Verbose: 0 : 40680, 1, 2025/01/24, 16:23:33.689, 6205991416248, vstest.console.dll, TestPluginCache: Setting providers are ''.
TpTrace Verbose: 0 : 40680, 1, 2025/01/24, 16:23:33.689, 6205991416739, vstest.console.dll, TestPluginCache: Loggers are 'logger://Microsoft/TestPlatform/Extensions/Blame/v1,logger://Microsoft/TestPlatform/HtmlLogger/v1,logger://Microsoft/TestPlatform/TrxLogger/v1'.
TpTrace Verbose: 0 : 40680, 1, 2025/01/24, 16:23:33.689, 6205991417012, vstest.console.dll, TestPluginCache: TestHosts are 'HostProvider://DefaultTestHost,HostProvider://DotnetTestHost'.
TpTrace Verbose: 0 : 40680, 1, 2025/01/24, 16:23:33.689, 6205991417249, vstest.console.dll, TestPluginCache: DataCollectors are ''.
TpTrace Information: 0 : 40680, 1, 2025/01/24, 16:23:33.690, 6205991425387, vstest.console.dll, TestPluginManager.CreateTestExtension: Attempting to load test extension: Microsoft.VisualStudio.TestPlatform.Extensions.TrxLogger.TrxLogger
TpTrace Verbose: 0 : 40680, 1, 2025/01/24, 16:23:33.700, 6205991523482, vstest.console.dll, TestEngine: Initializing Parallel Execution as MaxCpuCount is set to: 1
TpTrace Information: 0 : 40680, 1, 2025/01/24, 16:23:33.701, 6205991535488, vstest.console.dll, TestPluginManager.CreateTestExtension: Attempting to load test extension: Microsoft.VisualStudio.TestPlatform.CrossPlatEngine.Hosting.DefaultTestHostManager
TpTrace Information: 0 : 40680, 1, 2025/01/24, 16:23:33.702, 6205991546705, vstest.console.dll, TestPluginManager.CreateTestExtension: Attempting to load test extension: Microsoft.VisualStudio.TestPlatform.CrossPlatEngine.Hosting.DotnetTestHostManager
TpTrace Verbose: 0 : 40680, 1, 2025/01/24, 16:23:33.702, 6205991549082, vstest.console.dll, TestHostManagerCallbacks.ctor: Forwarding output is enabled.
TpTrace Information: 0 : 40680, 1, 2025/01/24, 16:23:33.703, 6205991553120, vstest.console.dll, InferRunSettingsHelper.IsTestSettingsEnabled: Unable to navigate to RunSettings/MSTest. Current node: RunSettings
TpTrace Verbose: 0 : 40680, 1, 2025/01/24, 16:23:33.703, 6205991559850, vstest.console.dll, ParallelOperationManager.ClearSlots: Clearing all slots. Slots should accept more work: True
TpTrace Verbose: 0 : 40680, 1, 2025/01/24, 16:23:33.704, 6205991566361, vstest.console.dll, ParallelOperationManager.SetOccupiedSlotCount: Setting slot counts AvailableSlotCount = 1, OccupiedSlotCount = 0.
TpTrace Verbose: 0 : 40680, 1, 2025/01/24, 16:23:33.704, 6205991571248, vstest.console.dll, Occupied slots:

TpTrace Verbose: 0 : 40680, 1, 2025/01/24, 16:23:33.709, 6205991614577, vstest.console.dll, TestEngine.GetExecutionManager: Chosen execution manager 'Microsoft.VisualStudio.TestPlatform.CrossPlatEngine.Client.Parallel.ParallelProxyExecutionManager, Microsoft.TestPlatform.CrossPlatEngine, Version=15.0.0.0, Culture=neutral, PublicKeyToken=b03f5f7f11d50a3a' ParallelLevel '1'.
TpTrace Verbose: 0 : 40680, 1, 2025/01/24, 16:23:33.709, 6205991617650, vstest.console.dll, TestPlatform.GetSkipDefaultAdapters: Not skipping default adapters SkipDefaultAdapters was false.
TpTrace Verbose: 0 : 40680, 1, 2025/01/24, 16:23:33.709, 6205991618728, vstest.console.dll, TestRunRequest.ExecuteAsync: Creating test run request.
TpTrace Verbose: 0 : 40680, 1, 2025/01/24, 16:23:33.709, 6205991621598, vstest.console.dll, TestRunRequest.ExecuteAsync: Starting.
TpTrace Information: 0 : 40680, 1, 2025/01/24, 16:23:33.711, 6205991636641, vstest.console.dll, TestRunRequest.ExecuteAsync: Starting run with settings:TestRunCriteria:
   KeepAlive=False,FrequencyOfRunStatsChangeEvent=10,RunStatsChangeEventTimeout=00:00:01.5000000,TestCaseFilter=,TestExecutorLauncher=
   Settingsxml=<RunSettings>
  <RunConfiguration>
    <ResultsDirectory>C:\Users\nathan.chavaudra\OneDrive - Magellan Partners\Bureau\ProjetExakis\TestAPI\TestResults</ResultsDirectory>
    <TargetPlatform>X64</TargetPlatform>
    <TargetFrameworkVersion>.NETCoreApp,Version=v8.0</TargetFrameworkVersion>
    <TestAdaptersPaths>C:\Users\nathan.chavaudra\.nuget\packages\coverlet.collector\6.0.4\build\netstandard2.0\</TestAdaptersPaths>
    <DesignMode>False</DesignMode>
    <CollectSourceInformation>False</CollectSourceInformation>
  </RunConfiguration>
  <DataCollectionRunSettings>
    <DataCollectors>
      <DataCollector friendlyName="XPlat Code Coverage" enabled="True" />
    </DataCollectors>
  </DataCollectionRunSettings>
  <InProcDataCollectionRunSettings>
    <InProcDataCollectors>
      <InProcDataCollector assemblyQualifiedName="Coverlet.Collector.DataCollection.CoverletInProcDataCollector, coverlet.collector, Version=1.0.0.0, Culture=neutral, PublicKeyToken=null" friendlyName="XPlat Code Coverage" enabled="True" codebase="C:\Users\nathan.chavaudra\.nuget\packages\coverlet.collector\6.0.4\build\netstandard2.0\coverlet.collector.dll" />
    </InProcDataCollectors>
  </InProcDataCollectionRunSettings>
  <LoggerRunSettings>
    <Loggers>
      <Logger friendlyName="trx" enabled="True" />
      <Logger friendlyName="Microsoft.TestPlatform.MSBuildLogger" assemblyQualifiedName="Microsoft.VisualStudio.TestPlatform.CommandLine.Internal.MSBuildLogger, vstest.console, Version=15.0.0.0, Culture=neutral, PublicKeyToken=b03f5f7f11d50a3a" codeBase="C:\Program Files\dotnet\sdk\9.0.102\vstest.console.dll" enabled="True">
        <Configuration>
          <Verbosity>minimal</Verbosity>
        </Configuration>
      </Logger>
    </Loggers>
  </LoggerRunSettings>
</RunSettings>

TpTrace Verbose: 0 : 40680, 1, 2025/01/24, 16:23:33.711, 6205991637831, vstest.console.dll, TestRunRequest.ExecuteAsync: Wait for the first run request is over.
TpTrace Verbose: 0 : 40680, 1, 2025/01/24, 16:23:33.711, 6205991641001, vstest.console.dll, MulticastDelegateUtilities.SafeInvoke: TestRun.TestRunStart: Invoking callbacks was skipped because there are no subscribers.
TpTrace Verbose: 0 : 40680, 1, 2025/01/24, 16:23:33.713, 6205991654860, vstest.console.dll, ParallelProxyExecutionManager: Start execution. Total sources: 1
TpTrace Verbose: 0 : 40680, 1, 2025/01/24, 16:23:33.713, 6205991658965, vstest.console.dll, ParallelOperationManager.StartWork: Starting adding 1 workloads.
TpTrace Verbose: 0 : 40680, 1, 2025/01/24, 16:23:33.713, 6205991660154, vstest.console.dll, ParallelOperationManager.ClearSlots: Clearing all slots. Slots should accept more work: True
TpTrace Verbose: 0 : 40680, 1, 2025/01/24, 16:23:33.713, 6205991661134, vstest.console.dll, ParallelOperationManager.SetOccupiedSlotCount: Setting slot counts AvailableSlotCount = 1, OccupiedSlotCount = 0.
TpTrace Verbose: 0 : 40680, 1, 2025/01/24, 16:23:33.713, 6205991661661, vstest.console.dll, Occupied slots:

TpTrace Verbose: 0 : 40680, 1, 2025/01/24, 16:23:33.715, 6205991675622, vstest.console.dll, TestHostManagerCallbacks.ctor: Forwarding output is enabled.
TpTrace Verbose: 0 : 40680, 1, 2025/01/24, 16:23:33.715, 6205991677656, vstest.console.dll, TestRequestSender is acting as server.
TpTrace Verbose: 0 : 40680, 1, 2025/01/24, 16:23:33.716, 6205991686899, vstest.console.dll, ParallelOperationManager.RunWorkInParallel: Adding 1 workload to slot, remaining workloads 0.
TpTrace Verbose: 0 : 40680, 1, 2025/01/24, 16:23:33.716, 6205991687465, vstest.console.dll, ParallelOperationManager.SetOccupiedSlotCount: Setting slot counts AvailableSlotCount = 0, OccupiedSlotCount = 1.
TpTrace Verbose: 0 : 40680, 1, 2025/01/24, 16:23:33.716, 6205991688379, vstest.console.dll, Occupied slots:
0: C:\Users\nathan.chavaudra\OneDrive - Magellan Partners\Bureau\ProjetExakis\TestAPI\bin\Debug\net8.0\TestAPI.dll
TpTrace Verbose: 0 : 40680, 1, 2025/01/24, 16:23:33.717, 6205991700077, vstest.console.dll, ParallelOperationManager.RunWorkInParallel: Started host in slot number 0 for work (source): C:\Users\nathan.chavaudra\OneDrive - Magellan Partners\Bureau\ProjetExakis\TestAPI\bin\Debug\net8.0\TestAPI.dll.
TpTrace Verbose: 0 : 40680, 1, 2025/01/24, 16:23:33.718, 6205991707990, vstest.console.dll, ParallelOperationManager.RunWorkInParallel: We started 1 work items, which is the max parallel level. Won't start more work.
TpTrace Verbose: 0 : 40680, 1, 2025/01/24, 16:23:33.718, 6205991708872, vstest.console.dll, ParallelOperationManager.RunWorkInParallel: We started 1 work items in here, returning True.
TpTrace Verbose: 0 : 40680, 5, 2025/01/24, 16:23:33.718, 6205991708264, vstest.console.dll, ParallelProxyExecutionManager.StartTestRunOnConcurrentManager: Initializing uninitialized client. Started clients: 0
TpTrace Information: 0 : 40680, 1, 2025/01/24, 16:23:33.718, 6205991709294, vstest.console.dll, TestRunRequest.ExecuteAsync: Started.
TpTrace Verbose: 0 : 40680, 5, 2025/01/24, 16:23:33.718, 6205991711043, vstest.console.dll, DataCollectionRequestSender.InitializeCommunication : Initialize communication. 
TpTrace Verbose: 0 : 40680, 1, 2025/01/24, 16:23:33.719, 6205991717863, vstest.console.dll, TestRunRequest.WaitForCompletion: Waiting with timeout -1.
TpTrace Information: 0 : 40680, 5, 2025/01/24, 16:23:33.729, 6205991819419, vstest.console.dll, Listening on Endpoint : 127.0.0.1:50432
TpTrace Verbose: 0 : 40680, 5, 2025/01/24, 16:23:33.736, 6205991889853, vstest.console.dll, DotnetDataCollectionLauncher: Adding  --runtimeconfig "C:\Program Files\dotnet\sdk\9.0.102\datacollector.runtimeconfig.json" in args
TpTrace Verbose: 0 : 40680, 5, 2025/01/24, 16:23:33.736, 6205991891540, vstest.console.dll, DotnetDataCollectionLauncher: Adding  --depsfile "C:\Program Files\dotnet\sdk\9.0.102\datacollector.deps.json" in args
TpTrace Verbose: 0 : 40680, 5, 2025/01/24, 16:23:33.737, 6205991893355, vstest.console.dll, DotnetDataCollectionLauncher: Full path of dotnet.exe is C:\Program Files\dotnet\dotnet.exe
TpTrace Information: 0 : 40680, 5, 2025/01/24, 16:23:33.748, 6205992009924, vstest.console.dll, ProxyDataCollectionManager.Initialize: Launched datacollector processId: 47860 port: 50432
TpTrace Information: 0 : 40680, 5, 2025/01/24, 16:23:33.749, 6205992011799, vstest.console.dll, ProxyDataCollectionManager.Initialize: waiting for connection with timeout: 90 seconds
TpTrace Verbose: 0 : 40680, 5, 2025/01/24, 16:23:33.749, 6205992012515, vstest.console.dll, DataCollectionRequestSender.WaitForRequestHandlerConnection : Waiting for connection with timeout: 90000
TpTrace Information: 0 : 40680, 9, 2025/01/24, 16:23:33.979, 6205994321515, vstest.console.dll, Using the buffer size of 16384 bytes
TpTrace Verbose: 0 : 40680, 5, 2025/01/24, 16:23:33.980, 6205994321786, vstest.console.dll, SocketCommunicationManager.WaitForClientConnection took: 230 ms, with 90000 ms timeout, and finished with True.
TpTrace Information: 0 : 40680, 9, 2025/01/24, 16:23:33.980, 6205994323287, vstest.console.dll, Accepted Client request and set the flag
TpTrace Verbose: 0 : 40680, 5, 2025/01/24, 16:23:33.980, 6205994324434, vstest.console.dll, ProxyDataCollectionManager.InvokeDataCollectionServiceAction: Starting.
TpTrace Information: 0 : 40680, 5, 2025/01/24, 16:23:33.980, 6205994325369, vstest.console.dll, ProxyDataCollectionManager.BeforeTestRunStart: Get environment variable and port for datacollector processId: 47860 port: 50432
TpTrace Verbose: 0 : 40680, 5, 2025/01/24, 16:23:33.980, 6205994326801, vstest.console.dll, DataCollectionRequestSender.SendBeforeTestRunStartAndGetResult: Send BeforeTestRunStart message with settingsXml <RunSettings><RunConfiguration><ResultsDirectory>C:\Users\nathan.chavaudra\OneDrive - Magellan Partners\Bureau\ProjetExakis\TestAPI\TestResults</ResultsDirectory><TargetPlatform>X64</TargetPlatform><TargetFrameworkVersion>.NETCoreApp,Version=v8.0</TargetFrameworkVersion><TestAdaptersPaths>C:\Users\nathan.chavaudra\.nuget\packages\coverlet.collector\6.0.4\build\netstandard2.0\;C:\Program Files\dotnet\sdk\9.0.102\Extensions</TestAdaptersPaths><DesignMode>False</DesignMode><CollectSourceInformation>False</CollectSourceInformation></RunConfiguration><DataCollectionRunSettings><DataCollectors><DataCollector friendlyName="XPlat Code Coverage" enabled="True" /></DataCollectors></DataCollectionRunSettings><InProcDataCollectionRunSettings><InProcDataCollectors><InProcDataCollector assemblyQualifiedName="Coverlet.Collector.DataCollection.CoverletInProcDataCollector, coverlet.collector, Version=1.0.0.0, Culture=neutral, PublicKeyToken=null" friendlyName="XPlat Code Coverage" enabled="True" codebase="C:\Users\nathan.chavaudra\.nuget\packages\coverlet.collector\6.0.4\build\netstandard2.0\coverlet.collector.dll" /></InProcDataCollectors></InProcDataCollectionRunSettings><LoggerRunSettings><Loggers><Logger friendlyName="trx" enabled="True" /><Logger friendlyName="Microsoft.TestPlatform.MSBuildLogger" assemblyQualifiedName="Microsoft.VisualStudio.TestPlatform.CommandLine.Internal.MSBuildLogger, vstest.console, Version=15.0.0.0, Culture=neutral, PublicKeyToken=b03f5f7f11d50a3a" codeBase="C:\Program Files\dotnet\sdk\9.0.102\vstest.console.dll" enabled="True"><Configuration><Verbosity>minimal</Verbosity></Configuration></Logger></Loggers></LoggerRunSettings></RunSettings> and sources System.Collections.Generic.List`1[System.String]: 
TpTrace Verbose: 0 : 40680, 5, 2025/01/24, 16:23:34.062, 6205995143761, vstest.console.dll, DataCollectionRequestSender.SendBeforeTestRunStartAndGetResult: Received message: (DataCollection.SendMessage) -> {"MessageType":"DataCollection.SendMessage","Payload":{"FriendlyName":null,"Uri":null,"TestCaseId":"00000000-0000-0000-0000-000000000000","Message":"Logging DataCollector Diagnostics in file: C:\\Users\\nathan.chavaudra\\OneDrive - Magellan Partners\\Bureau\\ProjetExakis\\TestAPI\\log.datacollector.25-01-24_16-23-33_73653_5.txt","Level":0}}
TpTrace Verbose: 0 : 40680, 5, 2025/01/24, 16:23:34.871, 6206003232389, vstest.console.dll, DataCollectionRequestSender.SendBeforeTestRunStartAndGetResult: Received message: (DataCollection.BeforeTestRunStartResult) -> {"MessageType":"DataCollection.BeforeTestRunStartResult","Payload":{"EnvironmentVariables":{},"DataCollectionEventsPort":0}}
TpTrace Information: 0 : 40680, 5, 2025/01/24, 16:23:34.876, 6206003282792, vstest.console.dll, ProxyDataCollectionManager.BeforeTestRunStart: SendBeforeTestRunStartAndGetResult successful, env variable from datacollector:   and testhost port: 0
TpTrace Information: 0 : 40680, 5, 2025/01/24, 16:23:34.876, 6206003283999, vstest.console.dll, ProxyDataCollectionManager.InvokeDataCollectionServiceAction: Completed.
TpTrace Verbose: 0 : 40680, 5, 2025/01/24, 16:23:34.876, 6206003284327, vstest.console.dll, ParallelProxyExecutionManager.StartTestRunOnConcurrentManager: Initializing test run. Started clients: 0
TpTrace Verbose: 0 : 40680, 5, 2025/01/24, 16:23:34.876, 6206003285380, vstest.console.dll, ProxyExecutionManager: Test host is always Lazy initialize.
TpTrace Verbose: 0 : 40680, 5, 2025/01/24, 16:23:34.876, 6206003288553, vstest.console.dll, TestRequestSender.InitializeCommunication: initialize communication. 
TpTrace Information: 0 : 40680, 5, 2025/01/24, 16:23:34.877, 6206003294141, vstest.console.dll, SocketServer.Start: Listening on endpoint : 127.0.0.1:50434
TpTrace Verbose: 0 : 40680, 5, 2025/01/24, 16:23:34.878, 6206003305614, vstest.console.dll, DotnetTestHostmanager.GetTestHostProcessStartInfo: Platform environment 'X64' target architecture 'X64' framework '.NETCoreApp,Version=v8.0' OS 'Windows'
TpTrace Verbose: 0 : 40680, 5, 2025/01/24, 16:23:34.878, 6206003309239, vstest.console.dll, DotnetTestHostmanager: Adding  --runtimeconfig "C:\Users\nathan.chavaudra\OneDrive - Magellan Partners\Bureau\ProjetExakis\TestAPI\bin\Debug\net8.0\TestAPI.runtimeconfig.json" in args
TpTrace Verbose: 0 : 40680, 5, 2025/01/24, 16:23:34.878, 6206003311120, vstest.console.dll, DotnetTestHostmanager: Adding  --depsfile "C:\Users\nathan.chavaudra\OneDrive - Magellan Partners\Bureau\ProjetExakis\TestAPI\bin\Debug\net8.0\TestAPI.deps.json" in args
TpTrace Verbose: 0 : 40680, 5, 2025/01/24, 16:23:34.879, 6206003313096, vstest.console.dll, DotnetTestHostmanager.IsWinOnArm: Current PROCESSOR_ARCHITECTURE from environment variable 'AMD64'
TpTrace Verbose: 0 : 40680, 5, 2025/01/24, 16:23:34.879, 6206003313806, vstest.console.dll, DotnetTestHostmanager.IsWinOnArm: Is Windows on ARM 'False'
TpTrace Verbose: 0 : 40680, 5, 2025/01/24, 16:23:34.879, 6206003315002, vstest.console.dll, DotnetTestHostManager: testhost.exe found at path: C:\Users\nathan.chavaudra\OneDrive - Magellan Partners\Bureau\ProjetExakis\TestAPI\bin\Debug\net8.0\testhost.exe
TpTrace Verbose: 0 : 40680, 5, 2025/01/24, 16:23:34.879, 6206003315443, vstest.console.dll, DotnetTestHostmanager: Full path of host exe is C:\Users\nathan.chavaudra\OneDrive - Magellan Partners\Bureau\ProjetExakis\TestAPI\bin\Debug\net8.0\testhost.exe
TpTrace Verbose: 0 : 40680, 5, 2025/01/24, 16:23:34.879, 6206003316669, vstest.console.dll, DotnetTestHostmanager.LaunchTestHostAsync: Found 'VSTEST_WINAPPHOST_DOTNET_ROOT' in env variables, value 'C:\Program Files\dotnet', forwarding to 'DOTNET_ROOT'
TpTrace Verbose: 0 : 40680, 5, 2025/01/24, 16:23:34.879, 6206003318036, vstest.console.dll, DotnetTestHostManager: Starting process 'C:\Users\nathan.chavaudra\OneDrive - Magellan Partners\Bureau\ProjetExakis\TestAPI\bin\Debug\net8.0\testhost.exe' with command line ' --runtimeconfig "C:\Users\nathan.chavaudra\OneDrive - Magellan Partners\Bureau\ProjetExakis\TestAPI\bin\Debug\net8.0\TestAPI.runtimeconfig.json" --depsfile "C:\Users\nathan.chavaudra\OneDrive - Magellan Partners\Bureau\ProjetExakis\TestAPI\bin\Debug\net8.0\TestAPI.deps.json" --port 50434 --endpoint 127.0.0.1:050434 --role client --parentprocessid 40680 --diag "C:\Users\nathan.chavaudra\OneDrive - Magellan Partners\Bureau\ProjetExakis\TestAPI\log.host.25-01-24_16-23-34_87791_5.txt" --tracelevel 4 --datacollectionport 0 --telemetryoptedin false'
TpTrace Verbose: 0 : 40680, 5, 2025/01/24, 16:23:35.025, 6206004777426, vstest.console.dll, MulticastDelegateUtilities.SafeInvoke: HostProviderEvents.OnHostLaunched: Invoking callback 1/2 for Microsoft.VisualStudio.TestPlatform.CrossPlatEngine.Client.ProxyExecutionManagerWithDataCollection., took 1 ms.
TpTrace Verbose: 0 : 40680, 5, 2025/01/24, 16:23:35.026, 6206004782157, vstest.console.dll, Test Runtime launched
TpTrace Verbose: 0 : 40680, 5, 2025/01/24, 16:23:35.026, 6206004783899, vstest.console.dll, MulticastDelegateUtilities.SafeInvoke: HostProviderEvents.OnHostLaunched: Invoking callback 2/2 for Microsoft.VisualStudio.TestPlatform.CrossPlatEngine.Client.ProxyOperationManager., took 0 ms.
TpTrace Verbose: 0 : 40680, 5, 2025/01/24, 16:23:35.026, 6206004785672, vstest.console.dll, TestRequestSender.WaitForRequestHandlerConnection: waiting for connection with timeout: 90000.
TpTrace Verbose: 0 : 40680, 5, 2025/01/24, 16:23:36.919, 6206023714968, vstest.console.dll, TestRequestSender.WaitForRequestHandlerConnection: waiting took 1892 ms, with timeout 90000 ms, and result 0, which is success.
TpTrace Verbose: 0 : 40680, 11, 2025/01/24, 16:23:36.919, 6206023714967, vstest.console.dll, MulticastDelegateUtilities.SafeInvoke: SocketServer: ClientConnected: Invoking callback 1/1 for Microsoft.VisualStudio.TestPlatform.CommunicationUtilities.TestRequestSender., took 0 ms.
TpTrace Verbose: 0 : 40680, 11, 2025/01/24, 16:23:36.919, 6206023717852, vstest.console.dll, SocketServer.OnClientConnected: Client connected for endPoint: 127.0.0.1:50434, starting MessageLoopAsync:
TpTrace Verbose: 0 : 40680, 13, 2025/01/24, 16:23:36.920, 6206023722556, vstest.console.dll, TcpClientExtensions.MessageLoopAsync: Polling on remoteEndPoint: 127.0.0.1:50437 localEndPoint: 127.0.0.1:50434 after 0 ms
TpTrace Verbose: 0 : 40680, 5, 2025/01/24, 16:23:36.920, 6206023724828, vstest.console.dll, TestRequestSender.CheckVersionWithTestHost: Sending check version message: {"MessageType":"ProtocolVersion","Payload":7}
TpTrace Verbose: 0 : 40680, 13, 2025/01/24, 16:23:37.008, 6206024603470, vstest.console.dll, TcpClientExtensions.MessageLoopAsync: NotifyDataAvailable remoteEndPoint: 127.0.0.1:50437 localEndPoint: 127.0.0.1:50434
TpTrace Verbose: 0 : 40680, 13, 2025/01/24, 16:23:37.008, 6206024606255, vstest.console.dll, TestRequestSender.CheckVersionWithTestHost: onMessageReceived received message: (ProtocolVersion) -> {"MessageType":"ProtocolVersion","Payload":7}
TpTrace Verbose: 0 : 40680, 13, 2025/01/24, 16:23:37.009, 6206024612233, vstest.console.dll, MulticastDelegateUtilities.SafeInvoke: LengthPrefixCommunicationChannel: MessageReceived: Invoking callback 1/1 for Microsoft.VisualStudio.TestPlatform.CommunicationUtilities.TestRequestSender+<>c__DisplayClass29_0., took 0 ms.
TpTrace Verbose: 0 : 40680, 13, 2025/01/24, 16:23:37.009, 6206024613375, vstest.console.dll, TcpClientExtensions.MessageLoopAsync: Polling on remoteEndPoint: 127.0.0.1:50437 localEndPoint: 127.0.0.1:50434 after 89 ms
TpTrace Verbose: 0 : 40680, 5, 2025/01/24, 16:23:37.009, 6206024613976, vstest.console.dll, TestPluginCache.GetExtensionPaths: Filtered extension paths: 
TpTrace Verbose: 0 : 40680, 5, 2025/01/24, 16:23:37.009, 6206024614716, vstest.console.dll, TestPluginCache.GetExtensionPaths: Added default extension paths: C:\Program Files\dotnet\sdk\9.0.102\Extensions\Microsoft.Diagnostics.NETCore.Client.dll
C:\Program Files\dotnet\sdk\9.0.102\Extensions\Microsoft.TestPlatform.Extensions.BlameDataCollector.dll
C:\Program Files\dotnet\sdk\9.0.102\Extensions\Microsoft.TestPlatform.Extensions.EventLogCollector.dll
C:\Program Files\dotnet\sdk\9.0.102\Extensions\Microsoft.TestPlatform.TestHostRuntimeProvider.dll
C:\Program Files\dotnet\sdk\9.0.102\Extensions\Microsoft.VisualStudio.TestPlatform.Extensions.Html.TestLogger.dll
C:\Program Files\dotnet\sdk\9.0.102\Extensions\Microsoft.VisualStudio.TestPlatform.Extensions.Trx.TestLogger.dll
TpTrace Verbose: 0 : 40680, 5, 2025/01/24, 16:23:37.009, 6206024615003, vstest.console.dll, TestPluginCache.GetExtensionPaths: Added unfilterableExtensionPaths: 
TpTrace Verbose: 0 : 40680, 5, 2025/01/24, 16:23:37.011, 6206024637672, vstest.console.dll, TestRequestSender.InitializeExecution: Sending initialize execution with message: {"Version":7,"MessageType":"TestExecution.Initialize","Payload":["C:\\Users\\nathan.chavaudra\\OneDrive - Magellan Partners\\Bureau\\ProjetExakis\\TestAPI\\bin\\Debug\\net8.0\\xunit.runner.visualstudio.testadapter.dll"]}
TpTrace Verbose: 0 : 40680, 5, 2025/01/24, 16:23:37.011, 6206024639465, vstest.console.dll, ParallelProxyExecutionManager.StartTestRunOnConcurrentManager: Execution starting. Started clients: 1
TpTrace Verbose: 0 : 40680, 5, 2025/01/24, 16:23:37.011, 6206024641455, vstest.console.dll, TestRunRequest:SendTestRunMessage: Starting.
TpTrace Verbose: 0 : 40680, 5, 2025/01/24, 16:23:37.012, 6206024642964, vstest.console.dll, MulticastDelegateUtilities.SafeInvoke: TestRun.LogMessages: Invoking callback 1/1 for Microsoft.VisualStudio.TestPlatform.CommandLine.TestRunResultAggregator., took 0 ms.
TpTrace Information: 0 : 40680, 5, 2025/01/24, 16:23:37.012, 6206024644023, vstest.console.dll, TestRunRequest:SendTestRunMessage: Completed.
TpTrace Verbose: 0 : 40680, 4, 2025/01/24, 16:23:37.012, 6206024646196, vstest.console.dll, MulticastDelegateUtilities.SafeInvoke: InternalTestLoggerEvents.SendTestRunMessage: Invoking callback 1/2 for Microsoft.VisualStudio.TestPlatform.Extensions.TrxLogger.TrxLogger., took 0 ms.
TpTrace Warning: 0 : 40680, 5, 2025/01/24, 16:23:37.012, 6206024647420, vstest.console.dll, InferRunSettingsHelper.MakeRunsettingsCompatible: Removing the following settings: TargetPlatform from RunSettings file. To use those settings please move to latest version of Microsoft.NET.Test.Sdk
TpTrace Verbose: 0 : 40680, 4, 2025/01/24, 16:23:37.012, 6206024649310, vstest.console.dll, MulticastDelegateUtilities.SafeInvoke: InternalTestLoggerEvents.SendTestRunMessage: Invoking callback 2/2 for Microsoft.VisualStudio.TestPlatform.CommandLine.Internal.MSBuildLogger., took 0 ms.
TpTrace Verbose: 0 : 40680, 5, 2025/01/24, 16:23:37.019, 6206024717646, vstest.console.dll, TestRequestSender.StartTestRun: Sending test run with message: {"Version":7,"MessageType":"TestExecution.StartWithSources","Payload":{"AdapterSourceMap":{"_none_":["C:\\Users\\nathan.chavaudra\\OneDrive - Magellan Partners\\Bureau\\ProjetExakis\\TestAPI\\bin\\Debug\\net8.0\\TestAPI.dll"]},"RunSettings":"<RunSettings>\r\n  <RunConfiguration>\r\n    <ResultsDirectory>C:\\Users\\nathan.chavaudra\\OneDrive - Magellan Partners\\Bureau\\ProjetExakis\\TestAPI\\TestResults</ResultsDirectory>\r\n    <TargetFrameworkVersion>.NETCoreApp,Version=v8.0</TargetFrameworkVersion>\r\n    <TestAdaptersPaths>C:\\Users\\nathan.chavaudra\\.nuget\\packages\\coverlet.collector\\6.0.4\\build\\netstandard2.0\\</TestAdaptersPaths>\r\n    <DesignMode>False</DesignMode>\r\n    <CollectSourceInformation>False</CollectSourceInformation>\r\n  </RunConfiguration>\r\n  <DataCollectionRunSettings>\r\n    <DataCollectors>\r\n      <DataCollector friendlyName=\"XPlat Code Coverage\" enabled=\"True\" />\r\n    </DataCollectors>\r\n  </DataCollectionRunSettings>\r\n  <InProcDataCollectionRunSettings>\r\n    <InProcDataCollectors>\r\n      <InProcDataCollector assemblyQualifiedName=\"Coverlet.Collector.DataCollection.CoverletInProcDataCollector, coverlet.collector, Version=1.0.0.0, Culture=neutral, PublicKeyToken=null\" friendlyName=\"XPlat Code Coverage\" enabled=\"True\" codebase=\"C:\\Users\\nathan.chavaudra\\.nuget\\packages\\coverlet.collector\\6.0.4\\build\\netstandard2.0\\coverlet.collector.dll\" />\r\n    </InProcDataCollectors>\r\n  </InProcDataCollectionRunSettings>\r\n  <LoggerRunSettings>\r\n    <Loggers>\r\n      <Logger friendlyName=\"trx\" enabled=\"True\" />\r\n      <Logger friendlyName=\"Microsoft.TestPlatform.MSBuildLogger\" assemblyQualifiedName=\"Microsoft.VisualStudio.TestPlatform.CommandLine.Internal.MSBuildLogger, vstest.console, Version=15.0.0.0, Culture=neutral, PublicKeyToken=b03f5f7f11d50a3a\" codeBase=\"C:\\Program Files\\dotnet\\sdk\\9.0.102\\vstest.console.dll\" enabled=\"True\">\r\n        <Configuration>\r\n          <Verbosity>minimal</Verbosity>\r\n        </Configuration>\r\n      </Logger>\r\n    </Loggers>\r\n  </LoggerRunSettings>\r\n</RunSettings>","TestExecutionContext":{"FrequencyOfRunStatsChangeEvent":10,"RunStatsChangeEventTimeout":"00:00:01.5000000","InIsolation":false,"KeepAlive":false,"AreTestCaseLevelEventsRequired":false,"IsDebug":false,"TestCaseFilter":null,"FilterOptions":null},"Package":null}}
TpTrace Verbose: 0 : 40680, 5, 2025/01/24, 16:23:37.019, 6206024719747, vstest.console.dll, ParallelProxyExecutionManager.StartTestRunOnConcurrentManager: Execution started. Started clients: 1
TpTrace Verbose: 0 : 40680, 13, 2025/01/24, 16:23:37.078, 6206025310294, vstest.console.dll, TcpClientExtensions.MessageLoopAsync: NotifyDataAvailable remoteEndPoint: 127.0.0.1:50437 localEndPoint: 127.0.0.1:50434
TpTrace Verbose: 0 : 40680, 13, 2025/01/24, 16:23:37.079, 6206025315711, vstest.console.dll, TestRequestSender.OnExecutionMessageReceived: Received message: {"Version":7,"MessageType":"TestSession.Message","Payload":{"MessageLevel":0,"Message":"Journalisation des diagnostics TestHost dans le fichier : C:\\Users\\nathan.chavaudra\\OneDrive - Magellan Partners\\Bureau\\ProjetExakis\\TestAPI\\log.host.25-01-24_16-23-34_87791_5.txt"}}
TpTrace Verbose: 0 : 40680, 13, 2025/01/24, 16:23:37.082, 6206025343687, vstest.console.dll, TestRunRequest:SendTestRunMessage: Starting.
TpTrace Verbose: 0 : 40680, 13, 2025/01/24, 16:23:37.082, 6206025345138, vstest.console.dll, MulticastDelegateUtilities.SafeInvoke: TestRun.LogMessages: Invoking callback 1/1 for Microsoft.VisualStudio.TestPlatform.CommandLine.TestRunResultAggregator., took 0 ms.
TpTrace Verbose: 0 : 40680, 4, 2025/01/24, 16:23:37.082, 6206025345247, vstest.console.dll, MulticastDelegateUtilities.SafeInvoke: InternalTestLoggerEvents.SendTestRunMessage: Invoking callback 1/2 for Microsoft.VisualStudio.TestPlatform.Extensions.TrxLogger.TrxLogger., took 0 ms.
TpTrace Information: 0 : 40680, 13, 2025/01/24, 16:23:37.082, 6206025345864, vstest.console.dll, TestRunRequest:SendTestRunMessage: Completed.
TpTrace Verbose: 0 : 40680, 13, 2025/01/24, 16:23:37.082, 6206025346354, vstest.console.dll, MulticastDelegateUtilities.SafeInvoke: LengthPrefixCommunicationChannel: MessageReceived: Invoking callback 1/1 for Microsoft.VisualStudio.TestPlatform.CommunicationUtilities.TestRequestSender+<>c__DisplayClass34_0., took 3 ms.
TpTrace Verbose: 0 : 40680, 4, 2025/01/24, 16:23:37.082, 6206025346658, vstest.console.dll, MulticastDelegateUtilities.SafeInvoke: InternalTestLoggerEvents.SendTestRunMessage: Invoking callback 2/2 for Microsoft.VisualStudio.TestPlatform.CommandLine.Internal.MSBuildLogger., took 0 ms.
TpTrace Verbose: 0 : 40680, 13, 2025/01/24, 16:23:37.082, 6206025346717, vstest.console.dll, TcpClientExtensions.MessageLoopAsync: Polling on remoteEndPoint: 127.0.0.1:50437 localEndPoint: 127.0.0.1:50434 after 73 ms
TpTrace Verbose: 0 : 40680, 13, 2025/01/24, 16:23:37.475, 6206029281417, vstest.console.dll, TcpClientExtensions.MessageLoopAsync: NotifyDataAvailable remoteEndPoint: 127.0.0.1:50437 localEndPoint: 127.0.0.1:50434
TpTrace Verbose: 0 : 40680, 13, 2025/01/24, 16:23:37.476, 6206029284967, vstest.console.dll, TestRequestSender.OnExecutionMessageReceived: Received message: {"Version":7,"MessageType":"TestSession.Message","Payload":{"MessageLevel":0,"Message":"[xUnit.net 00:00:00.00] xUnit.net VSTest Adapter v3.0.1+f8675c32e5 (64-bit .NET 8.0.11)"}}
TpTrace Verbose: 0 : 40680, 13, 2025/01/24, 16:23:37.476, 6206029289109, vstest.console.dll, TestRunRequest:SendTestRunMessage: Starting.
TpTrace Verbose: 0 : 40680, 13, 2025/01/24, 16:23:37.476, 6206029290488, vstest.console.dll, MulticastDelegateUtilities.SafeInvoke: TestRun.LogMessages: Invoking callback 1/1 for Microsoft.VisualStudio.TestPlatform.CommandLine.TestRunResultAggregator., took 0 ms.
TpTrace Information: 0 : 40680, 13, 2025/01/24, 16:23:37.476, 6206029290811, vstest.console.dll, TestRunRequest:SendTestRunMessage: Completed.
TpTrace Verbose: 0 : 40680, 13, 2025/01/24, 16:23:37.476, 6206029291152, vstest.console.dll, MulticastDelegateUtilities.SafeInvoke: LengthPrefixCommunicationChannel: MessageReceived: Invoking callback 1/1 for Microsoft.VisualStudio.TestPlatform.CommunicationUtilities.TestRequestSender+<>c__DisplayClass34_0., took 0 ms.
TpTrace Verbose: 0 : 40680, 4, 2025/01/24, 16:23:37.476, 6206029291226, vstest.console.dll, MulticastDelegateUtilities.SafeInvoke: InternalTestLoggerEvents.SendTestRunMessage: Invoking callback 1/2 for Microsoft.VisualStudio.TestPlatform.Extensions.TrxLogger.TrxLogger., took 0 ms.
TpTrace Verbose: 0 : 40680, 13, 2025/01/24, 16:23:37.476, 6206029291425, vstest.console.dll, TcpClientExtensions.MessageLoopAsync: Polling on remoteEndPoint: 127.0.0.1:50437 localEndPoint: 127.0.0.1:50434 after 394 ms
TpTrace Verbose: 0 : 40680, 4, 2025/01/24, 16:23:37.477, 6206029293207, vstest.console.dll, MulticastDelegateUtilities.SafeInvoke: InternalTestLoggerEvents.SendTestRunMessage: Invoking callback 2/2 for Microsoft.VisualStudio.TestPlatform.CommandLine.Internal.MSBuildLogger., took 0 ms.
TpTrace Verbose: 0 : 40680, 13, 2025/01/24, 16:23:38.488, 6206039404948, vstest.console.dll, TcpClientExtensions.MessageLoopAsync: Polling on remoteEndPoint: 127.0.0.1:50437 localEndPoint: 127.0.0.1:50434 after 1011 ms
TpTrace Verbose: 0 : 40680, 13, 2025/01/24, 16:23:39.397, 6206048497334, vstest.console.dll, TcpClientExtensions.MessageLoopAsync: NotifyDataAvailable remoteEndPoint: 127.0.0.1:50437 localEndPoint: 127.0.0.1:50434
TpTrace Verbose: 0 : 40680, 13, 2025/01/24, 16:23:39.397, 6206048499141, vstest.console.dll, TestRequestSender.OnExecutionMessageReceived: Received message: {"Version":7,"MessageType":"TestSession.Message","Payload":{"MessageLevel":0,"Message":"[xUnit.net 00:00:01.92]   Discovering: TestAPI"}}
TpTrace Verbose: 0 : 40680, 13, 2025/01/24, 16:23:39.397, 6206048500324, vstest.console.dll, TestRunRequest:SendTestRunMessage: Starting.
TpTrace Verbose: 0 : 40680, 13, 2025/01/24, 16:23:39.397, 6206048500823, vstest.console.dll, MulticastDelegateUtilities.SafeInvoke: TestRun.LogMessages: Invoking callback 1/1 for Microsoft.VisualStudio.TestPlatform.CommandLine.TestRunResultAggregator., took 0 ms.
TpTrace Information: 0 : 40680, 13, 2025/01/24, 16:23:39.397, 6206048501270, vstest.console.dll, TestRunRequest:SendTestRunMessage: Completed.
TpTrace Verbose: 0 : 40680, 13, 2025/01/24, 16:23:39.397, 6206048501493, vstest.console.dll, MulticastDelegateUtilities.SafeInvoke: LengthPrefixCommunicationChannel: MessageReceived: Invoking callback 1/1 for Microsoft.VisualStudio.TestPlatform.CommunicationUtilities.TestRequestSender+<>c__DisplayClass34_0., took 0 ms.
TpTrace Verbose: 0 : 40680, 4, 2025/01/24, 16:23:39.397, 6206048501606, vstest.console.dll, MulticastDelegateUtilities.SafeInvoke: InternalTestLoggerEvents.SendTestRunMessage: Invoking callback 1/2 for Microsoft.VisualStudio.TestPlatform.Extensions.TrxLogger.TrxLogger., took 0 ms.
TpTrace Verbose: 0 : 40680, 13, 2025/01/24, 16:23:39.398, 6206048501724, vstest.console.dll, TcpClientExtensions.MessageLoopAsync: Polling on remoteEndPoint: 127.0.0.1:50437 localEndPoint: 127.0.0.1:50434 after 909 ms
TpTrace Verbose: 0 : 40680, 4, 2025/01/24, 16:23:39.398, 6206048502799, vstest.console.dll, MulticastDelegateUtilities.SafeInvoke: InternalTestLoggerEvents.SendTestRunMessage: Invoking callback 2/2 for Microsoft.VisualStudio.TestPlatform.CommandLine.Internal.MSBuildLogger., took 0 ms.
TpTrace Verbose: 0 : 40680, 13, 2025/01/24, 16:23:39.428, 6206048808846, vstest.console.dll, TcpClientExtensions.MessageLoopAsync: NotifyDataAvailable remoteEndPoint: 127.0.0.1:50437 localEndPoint: 127.0.0.1:50434
TpTrace Verbose: 0 : 40680, 13, 2025/01/24, 16:23:39.428, 6206048810440, vstest.console.dll, TestRequestSender.OnExecutionMessageReceived: Received message: {"Version":7,"MessageType":"TestSession.Message","Payload":{"MessageLevel":0,"Message":"[xUnit.net 00:00:01.96]   Discovered:  TestAPI"}}
TpTrace Verbose: 0 : 40680, 13, 2025/01/24, 16:23:39.428, 6206048811538, vstest.console.dll, TestRunRequest:SendTestRunMessage: Starting.
TpTrace Verbose: 0 : 40680, 13, 2025/01/24, 16:23:39.429, 6206048812140, vstest.console.dll, MulticastDelegateUtilities.SafeInvoke: TestRun.LogMessages: Invoking callback 1/1 for Microsoft.VisualStudio.TestPlatform.CommandLine.TestRunResultAggregator., took 0 ms.
TpTrace Information: 0 : 40680, 13, 2025/01/24, 16:23:39.429, 6206048812445, vstest.console.dll, TestRunRequest:SendTestRunMessage: Completed.
TpTrace Verbose: 0 : 40680, 4, 2025/01/24, 16:23:39.429, 6206048812428, vstest.console.dll, MulticastDelegateUtilities.SafeInvoke: InternalTestLoggerEvents.SendTestRunMessage: Invoking callback 1/2 for Microsoft.VisualStudio.TestPlatform.Extensions.TrxLogger.TrxLogger., took 0 ms.
TpTrace Verbose: 0 : 40680, 13, 2025/01/24, 16:23:39.429, 6206048812824, vstest.console.dll, MulticastDelegateUtilities.SafeInvoke: LengthPrefixCommunicationChannel: MessageReceived: Invoking callback 1/1 for Microsoft.VisualStudio.TestPlatform.CommunicationUtilities.TestRequestSender+<>c__DisplayClass34_0., took 0 ms.
TpTrace Verbose: 0 : 40680, 4, 2025/01/24, 16:23:39.429, 6206048813873, vstest.console.dll, MulticastDelegateUtilities.SafeInvoke: InternalTestLoggerEvents.SendTestRunMessage: Invoking callback 2/2 for Microsoft.VisualStudio.TestPlatform.CommandLine.Internal.MSBuildLogger., took 0 ms.
TpTrace Verbose: 0 : 40680, 13, 2025/01/24, 16:23:39.429, 6206048815281, vstest.console.dll, TcpClientExtensions.MessageLoopAsync: Polling on remoteEndPoint: 127.0.0.1:50437 localEndPoint: 127.0.0.1:50434 after 31 ms
TpTrace Verbose: 0 : 40680, 13, 2025/01/24, 16:23:39.445, 6206048979239, vstest.console.dll, TcpClientExtensions.MessageLoopAsync: NotifyDataAvailable remoteEndPoint: 127.0.0.1:50437 localEndPoint: 127.0.0.1:50434
TpTrace Verbose: 0 : 40680, 13, 2025/01/24, 16:23:39.445, 6206048981395, vstest.console.dll, TestRequestSender.OnExecutionMessageReceived: Received message: {"Version":7,"MessageType":"TestSession.Message","Payload":{"MessageLevel":0,"Message":"[xUnit.net 00:00:01.97]   Starting:    TestAPI"}}
TpTrace Verbose: 0 : 40680, 13, 2025/01/24, 16:23:39.446, 6206048983054, vstest.console.dll, TestRunRequest:SendTestRunMessage: Starting.
TpTrace Verbose: 0 : 40680, 13, 2025/01/24, 16:23:39.446, 6206048984048, vstest.console.dll, MulticastDelegateUtilities.SafeInvoke: TestRun.LogMessages: Invoking callback 1/1 for Microsoft.VisualStudio.TestPlatform.CommandLine.TestRunResultAggregator., took 0 ms.
TpTrace Information: 0 : 40680, 13, 2025/01/24, 16:23:39.446, 6206048984417, vstest.console.dll, TestRunRequest:SendTestRunMessage: Completed.
TpTrace Verbose: 0 : 40680, 4, 2025/01/24, 16:23:39.446, 6206048984485, vstest.console.dll, MulticastDelegateUtilities.SafeInvoke: InternalTestLoggerEvents.SendTestRunMessage: Invoking callback 1/2 for Microsoft.VisualStudio.TestPlatform.Extensions.TrxLogger.TrxLogger., took 0 ms.
TpTrace Verbose: 0 : 40680, 13, 2025/01/24, 16:23:39.446, 6206048984789, vstest.console.dll, MulticastDelegateUtilities.SafeInvoke: LengthPrefixCommunicationChannel: MessageReceived: Invoking callback 1/1 for Microsoft.VisualStudio.TestPlatform.CommunicationUtilities.TestRequestSender+<>c__DisplayClass34_0., took 0 ms.
TpTrace Verbose: 0 : 40680, 4, 2025/01/24, 16:23:39.446, 6206048985924, vstest.console.dll, MulticastDelegateUtilities.SafeInvoke: InternalTestLoggerEvents.SendTestRunMessage: Invoking callback 2/2 for Microsoft.VisualStudio.TestPlatform.CommandLine.Internal.MSBuildLogger., took 0 ms.
TpTrace Verbose: 0 : 40680, 13, 2025/01/24, 16:23:39.446, 6206048986944, vstest.console.dll, TcpClientExtensions.MessageLoopAsync: Polling on remoteEndPoint: 127.0.0.1:50437 localEndPoint: 127.0.0.1:50434 after 17 ms
TpTrace Verbose: 0 : 40680, 13, 2025/01/24, 16:23:39.486, 6206049385816, vstest.console.dll, TcpClientExtensions.MessageLoopAsync: NotifyDataAvailable remoteEndPoint: 127.0.0.1:50437 localEndPoint: 127.0.0.1:50434
TpTrace Verbose: 0 : 40680, 13, 2025/01/24, 16:23:39.486, 6206049390331, vstest.console.dll, TestRequestSender.OnExecutionMessageReceived: Received message: {"Version":7,"MessageType":"TestExecution.StatsChange","Payload":{"NewTestResults":[],"TestRunStatistics":{"ExecutedTests":0,"Stats":{}},"ActiveTests":[{"Id":"40d4c40c-1d33-eac6-ce90-20f68a529345","FullyQualifiedName":"TestAPI.TU_EleveMini.TestDeleteEleveById","DisplayName":"TestAPI.TU_EleveMini.TestDeleteEleveById","ExecutorUri":"executor://xunit/VsTestRunner3/netcore/","Source":"C:\\Users\\nathan.chavaudra\\OneDrive - Magellan Partners\\Bureau\\ProjetExakis\\TestAPI\\bin\\Debug\\net8.0\\TestAPI.dll","CodeFilePath":null,"LineNumber":0,"Properties":[{"Key":{"Id":"XunitTestCaseExplicit","Label":"xUnit.net Test Case Explicit Flag","Category":"","Description":"","Attributes":0,"ValueType":"System.Boolean"},"Value":false},{"Key":{"Id":"XunitTestCaseUniqueID","Label":"xUnit.net Test Case Unique ID","Category":"","Description":"","Attributes":0,"ValueType":"System.String"},"Value":"2b79ac0302e5d52c769e3cb0c6f265d9e6d40101"},{"Key":{"Id":"TestCase.ManagedMethod","Label":"ManagedMethod","Category":"","Description":"","Attributes":1,"ValueType":"System.String"},"Value":"TestDeleteEleveById"},{"Key":{"Id":"TestCase.ManagedType","Label":"ManagedType","Category":"","Description":"","Attributes":1,"ValueType":"System.String"},"Value":"TestAPI.TU_EleveMini"}]}]}}
TpTrace Verbose: 0 : 40680, 13, 2025/01/24, 16:23:39.501, 6206049541726, vstest.console.dll, TestRunRequest:SendTestRunStatsChange: Starting.
TpTrace Verbose: 0 : 40680, 13, 2025/01/24, 16:23:39.502, 6206049543058, vstest.console.dll, InProgress is TestAPI.TU_EleveMini.TestDeleteEleveById
TpTrace Verbose: 0 : 40680, 13, 2025/01/24, 16:23:39.502, 6206049543729, vstest.console.dll, MulticastDelegateUtilities.SafeInvoke: TestRun.RunStatsChanged: Invoking callbacks was skipped because there are no subscribers.
TpTrace Information: 0 : 40680, 13, 2025/01/24, 16:23:39.502, 6206049543939, vstest.console.dll, TestRunRequest:SendTestRunStatsChange: Completed.
TpTrace Verbose: 0 : 40680, 13, 2025/01/24, 16:23:39.502, 6206049544165, vstest.console.dll, MulticastDelegateUtilities.SafeInvoke: LengthPrefixCommunicationChannel: MessageReceived: Invoking callback 1/1 for Microsoft.VisualStudio.TestPlatform.CommunicationUtilities.TestRequestSender+<>c__DisplayClass34_0., took 15 ms.
TpTrace Verbose: 0 : 40680, 13, 2025/01/24, 16:23:39.502, 6206049544381, vstest.console.dll, TcpClientExtensions.MessageLoopAsync: Polling on remoteEndPoint: 127.0.0.1:50437 localEndPoint: 127.0.0.1:50434 after 55 ms
TpTrace Verbose: 0 : 40680, 13, 2025/01/24, 16:23:40.505, 6206059580465, vstest.console.dll, TcpClientExtensions.MessageLoopAsync: Polling on remoteEndPoint: 127.0.0.1:50437 localEndPoint: 127.0.0.1:50434 after 1003 ms
TpTrace Verbose: 0 : 40680, 13, 2025/01/24, 16:23:41.002, 6206064549383, vstest.console.dll, TcpClientExtensions.MessageLoopAsync: NotifyDataAvailable remoteEndPoint: 127.0.0.1:50437 localEndPoint: 127.0.0.1:50434
TpTrace Verbose: 0 : 40680, 13, 2025/01/24, 16:23:41.003, 6206064552187, vstest.console.dll, TestRequestSender.OnExecutionMessageReceived: Received message: {"Version":7,"MessageType":"TestExecution.StatsChange","Payload":{"NewTestResults":[{"TestCase":{"Id":"8be727d5-3948-c065-3b2c-856f52f3a155","FullyQualifiedName":"TestAPI.TU_EleveAPI.TU_EleveAPI.TestDeleteEleveById","DisplayName":"TestAPI.TU_EleveAPI.TU_EleveAPI.TestDeleteEleveById","ExecutorUri":"executor://xunit/VsTestRunner3/netcore/","Source":"C:\\Users\\nathan.chavaudra\\OneDrive - Magellan Partners\\Bureau\\ProjetExakis\\TestAPI\\bin\\Debug\\net8.0\\TestAPI.dll","CodeFilePath":null,"LineNumber":0,"Properties":[{"Key":{"Id":"XunitTestCaseExplicit","Label":"xUnit.net Test Case Explicit Flag","Category":"","Description":"","Attributes":0,"ValueType":"System.Boolean"},"Value":false},{"Key":{"Id":"XunitTestCaseUniqueID","Label":"xUnit.net Test Case Unique ID","Category":"","Description":"","Attributes":0,"ValueType":"System.String"},"Value":"7d3bf2ac7bfd33c5024c58f4464ea54ab133cc46"},{"Key":{"Id":"TestCase.ManagedMethod","Label":"ManagedMethod","Category":"","Description":"","Attributes":1,"ValueType":"System.String"},"Value":"TestDeleteEleveById"},{"Key":{"Id":"TestCase.ManagedType","Label":"ManagedType","Category":"","Description":"","Attributes":1,"ValueType":"System.String"},"Value":"TestAPI.TU_EleveAPI.TU_EleveAPI"}]},"Attachments":[],"Outcome":1,"ErrorMessage":null,"ErrorStackTrace":null,"DisplayName":"TestAPI.TU_EleveAPI.TU_EleveAPI.TestDeleteEleveById","Messages":[],"ComputerName":"EXN-5CG2149HTR","Duration":"00:00:00.8030414","StartTime":"2025-01-24T15:23:39.506675+00:00","EndTime":"2025-01-24T15:23:40.2758566+00:00","Properties":[]},{"TestCase":{"Id":"2427e8b5-b9b5-d27d-1220-f25778801315","FullyQualifiedName":"TestAPI.TU_EleveAPI.TU_EleveAPI.TestAddEleve","DisplayName":"TestAPI.TU_EleveAPI.TU_EleveAPI.TestAddEleve","ExecutorUri":"executor://xunit/VsTestRunner3/netcore/","Source":"C:\\Users\\nathan.chavaudra\\OneDrive - Magellan Partners\\Bureau\\ProjetExakis\\TestAPI\\bin\\Debug\\net8.0\\TestAPI.dll","CodeFilePath":null,"LineNumber":0,"Properties":[{"Key":{"Id":"XunitTestCaseExplicit","Label":"xUnit.net Test Case Explicit Flag","Category":"","Description":"","Attributes":0,"ValueType":"System.Boolean"},"Value":false},{"Key":{"Id":"XunitTestCaseUniqueID","Label":"xUnit.net Test Case Unique ID","Category":"","Description":"","Attributes":0,"ValueType":"System.String"},"Value":"92d876386c4bfb70bca2f12df81490547197f5bb"},{"Key":{"Id":"TestCase.ManagedMethod","Label":"ManagedMethod","Category":"","Description":"","Attributes":1,"ValueType":"System.String"},"Value":"TestAddEleve"},{"Key":{"Id":"TestCase.ManagedType","Label":"ManagedType","Category":"","Description":"","Attributes":1,"ValueType":"System.String"},"Value":"TestAPI.TU_EleveAPI.TU_EleveAPI"}]},"Attachments":[],"Outcome":1,"ErrorMessage":null,"ErrorStackTrace":null,"DisplayName":"TestAPI.TU_EleveAPI.TU_EleveAPI.TestAddEleve","Messages":[],"ComputerName":"EXN-5CG2149HTR","Duration":"00:00:00.3690849","StartTime":"2025-01-24T15:23:40.2870342+00:00","EndTime":"2025-01-24T15:23:40.6452279+00:00","Properties":[]},{"TestCase":{"Id":"d83cb196-14b5-fe67-4fbe-f5e354bbba2c","FullyQualifiedName":"TestAPI.TU_EleveAPI.TU_EleveAPI.TestUpdateEleveByName","DisplayName":"TestAPI.TU_EleveAPI.TU_EleveAPI.TestUpdateEleveByName","ExecutorUri":"executor://xunit/VsTestRunner3/netcore/","Source":"C:\\Users\\nathan.chavaudra\\OneDrive - Magellan Partners\\Bureau\\ProjetExakis\\TestAPI\\bin\\Debug\\net8.0\\TestAPI.dll","CodeFilePath":null,"LineNumber":0,"Properties":[{"Key":{"Id":"XunitTestCaseExplicit","Label":"xUnit.net Test Case Explicit Flag","Category":"","Description":"","Attributes":0,"ValueType":"System.Boolean"},"Value":false},{"Key":{"Id":"XunitTestCaseUniqueID","Label":"xUnit.net Test Case Unique ID","Category":"","Description":"","Attributes":0,"ValueType":"System.String"},"Value":"9e56785869c37bb92ea8bb02ec5fb540a2747f57"},{"Key":{"Id":"TestCase.ManagedMethod","Label":"ManagedMethod","Category":"","Description":"","Attributes":1,"ValueType":"System.String"},"Value":"TestUpdateEleveByName"},{"Key":{"Id":"TestCase.ManagedType","Label":"ManagedType","Category":"","Description":"","Attributes":1,"ValueType":"System.String"},"Value":"TestAPI.TU_EleveAPI.TU_EleveAPI"}]},"Attachments":[],"Outcome":1,"ErrorMessage":null,"ErrorStackTrace":null,"DisplayName":"TestAPI.TU_EleveAPI.TU_EleveAPI.TestUpdateEleveByName","Messages":[],"ComputerName":"EXN-5CG2149HTR","Duration":"00:00:00.0018615","StartTime":"2025-01-24T15:23:40.6478191+00:00","EndTime":"2025-01-24T15:23:40.6478976+00:00","Properties":[]},{"TestCase":{"Id":"221c4bd2-037b-252f-d662-0438336c3ee3","FullyQualifiedName":"TestAPI.TU_EleveAPI.TU_EleveAPI.TestGetEleveById","DisplayName":"TestAPI.TU_EleveAPI.TU_EleveAPI.TestGetEleveById","ExecutorUri":"executor://xunit/VsTestRunner3/netcore/","Source":"C:\\Users\\nathan.chavaudra\\OneDrive - Magellan Partners\\Bureau\\ProjetExakis\\TestAPI\\bin\\Debug\\net8.0\\TestAPI.dll","CodeFilePath":null,"LineNumber":0,"Properties":[{"Key":{"Id":"XunitTestCaseExplicit","Label":"xUnit.net Test Case Explicit Flag","Category":"","Description":"","Attributes":0,"ValueType":"System.Boolean"},"Value":false},{"Key":{"Id":"XunitTestCaseUniqueID","Label":"xUnit.net Test Case Unique ID","Category":"","Description":"","Attributes":0,"ValueType":"System.String"},"Value":"dca89446d634c7c7e4ffc3b295d6c4c0dd569166"},{"Key":{"Id":"TestCase.ManagedMethod","Label":"ManagedMethod","Category":"","Description":"","Attributes":1,"ValueType":"System.String"},"Value":"TestGetEleveById"},{"Key":{"Id":"TestCase.ManagedType","Label":"ManagedType","Category":"","Description":"","Attributes":1,"ValueType":"System.String"},"Value":"TestAPI.TU_EleveAPI.TU_EleveAPI"}]},"Attachments":[],"Outcome":1,"ErrorMessage":null,"ErrorStackTrace":null,"DisplayName":"TestAPI.TU_EleveAPI.TU_EleveAPI.TestGetEleveById","Messages":[],"ComputerName":"EXN-5CG2149HTR","Duration":"00:00:00.0020315","StartTime":"2025-01-24T15:23:40.6491031+00:00","EndTime":"2025-01-24T15:23:40.6491856+00:00","Properties":[]},{"TestCase":{"Id":"ee529ac1-80eb-0ca5-09af-bfc0fbb2038a","FullyQualifiedName":"TestAPI.TU_EleveAPI.TU_EleveAPI.TestGetEleves","DisplayName":"TestAPI.TU_EleveAPI.TU_EleveAPI.TestGetEleves","ExecutorUri":"executor://xunit/VsTestRunner3/netcore/","Source":"C:\\Users\\nathan.chavaudra\\OneDrive - Magellan Partners\\Bureau\\ProjetExakis\\TestAPI\\bin\\Debug\\net8.0\\TestAPI.dll","CodeFilePath":null,"LineNumber":0,"Properties":[{"Key":{"Id":"XunitTestCaseExplicit","Label":"xUnit.net Test Case Explicit Flag","Category":"","Description":"","Attributes":0,"ValueType":"System.Boolean"},"Value":false},{"Key":{"Id":"XunitTestCaseUniqueID","Label":"xUnit.net Test Case Unique ID","Category":"","Description":"","Attributes":0,"ValueType":"System.String"},"Value":"e8ade9d49d8eb57cb8196aba1393d056035bbcac"},{"Key":{"Id":"TestCase.ManagedMethod","Label":"ManagedMethod","Category":"","Description":"","Attributes":1,"ValueType":"System.String"},"Value":"TestGetEleves"},{"Key":{"Id":"TestCase.ManagedType","Label":"ManagedType","Category":"","Description":"","Attributes":1,"ValueType":"System.String"},"Value":"TestAPI.TU_EleveAPI.TU_EleveAPI"}]},"Attachments":[],"Outcome":1,"ErrorMessage":null,"ErrorStackTrace":null,"DisplayName":"TestAPI.TU_EleveAPI.TU_EleveAPI.TestGetEleves","Messages":[],"ComputerName":"EXN-5CG2149HTR","Duration":"00:00:00.0096749","StartTime":"2025-01-24T15:23:40.6567414+00:00","EndTime":"2025-01-24T15:23:40.6590916+00:00","Properties":[]}],"TestRunStatistics":{"ExecutedTests":5,"Stats":{"Passed":5}},"ActiveTests":[]}}
TpTrace Verbose: 0 : 40680, 13, 2025/01/24, 16:23:41.013, 6206064661156, vstest.console.dll, TestRunRequest:SendTestRunStatsChange: Starting.
TpTrace Verbose: 0 : 40680, 13, 2025/01/24, 16:23:41.014, 6206064663582, vstest.console.dll, MulticastDelegateUtilities.SafeInvoke: TestRun.RunStatsChanged: Invoking callbacks was skipped because there are no subscribers.
TpTrace Information: 0 : 40680, 13, 2025/01/24, 16:23:41.014, 6206064664139, vstest.console.dll, TestRunRequest:SendTestRunStatsChange: Completed.
TpTrace Verbose: 0 : 40680, 13, 2025/01/24, 16:23:41.014, 6206064664430, vstest.console.dll, MulticastDelegateUtilities.SafeInvoke: LengthPrefixCommunicationChannel: MessageReceived: Invoking callback 1/1 for Microsoft.VisualStudio.TestPlatform.CommunicationUtilities.TestRequestSender+<>c__DisplayClass34_0., took 11 ms.
TpTrace Verbose: 0 : 40680, 13, 2025/01/24, 16:23:41.014, 6206064664674, vstest.console.dll, TcpClientExtensions.MessageLoopAsync: Polling on remoteEndPoint: 127.0.0.1:50437 localEndPoint: 127.0.0.1:50434 after 508 ms
TpTrace Information: 0 : 40680, 4, 2025/01/24, 16:23:41.014, 6206064668580, vstest.console.dll, AssemblyResolver.OnResolve: Microsoft.VisualStudio.TestPlatform.Extensions.Trx.TestLogger.resources: Resolving assembly.
TpTrace Information: 0 : 40680, 4, 2025/01/24, 16:23:41.014, 6206064669246, vstest.console.dll, AssemblyResolver.OnResolve: Microsoft.VisualStudio.TestPlatform.Extensions.Trx.TestLogger.resources: Searching in: 'C:\Program Files\dotnet\sdk\9.0.102\Extensions'.
TpTrace Information: 0 : 40680, 4, 2025/01/24, 16:23:41.014, 6206064670017, vstest.console.dll, AssemblyResolver.OnResolve: Microsoft.VisualStudio.TestPlatform.Extensions.Trx.TestLogger.resources: Assembly path does not exist: 'C:\Program Files\dotnet\sdk\9.0.102\Extensions\Microsoft.VisualStudio.TestPlatform.Extensions.Trx.TestLogger.resources.dll', returning.
TpTrace Information: 0 : 40680, 4, 2025/01/24, 16:23:41.014, 6206064670466, vstest.console.dll, AssemblyResolver.OnResolve: Microsoft.VisualStudio.TestPlatform.Extensions.Trx.TestLogger.resources: Assembly path does not exist: 'C:\Program Files\dotnet\sdk\9.0.102\Extensions\Microsoft.VisualStudio.TestPlatform.Extensions.Trx.TestLogger.resources.exe', returning.
TpTrace Information: 0 : 40680, 4, 2025/01/24, 16:23:41.014, 6206064670702, vstest.console.dll, AssemblyResolver.OnResolve: Microsoft.VisualStudio.TestPlatform.Extensions.Trx.TestLogger.resources: Searching in: 'C:\Program Files\dotnet\sdk\9.0.102'.
TpTrace Information: 0 : 40680, 4, 2025/01/24, 16:23:41.014, 6206064671110, vstest.console.dll, AssemblyResolver.OnResolve: Microsoft.VisualStudio.TestPlatform.Extensions.Trx.TestLogger.resources: Assembly path does not exist: 'C:\Program Files\dotnet\sdk\9.0.102\Microsoft.VisualStudio.TestPlatform.Extensions.Trx.TestLogger.resources.dll', returning.
TpTrace Information: 0 : 40680, 4, 2025/01/24, 16:23:41.014, 6206064671500, vstest.console.dll, AssemblyResolver.OnResolve: Microsoft.VisualStudio.TestPlatform.Extensions.Trx.TestLogger.resources: Assembly path does not exist: 'C:\Program Files\dotnet\sdk\9.0.102\Microsoft.VisualStudio.TestPlatform.Extensions.Trx.TestLogger.resources.exe', returning.
TpTrace Information: 0 : 40680, 4, 2025/01/24, 16:23:41.015, 6206064671716, vstest.console.dll, AssemblyResolver.OnResolve: Microsoft.VisualStudio.TestPlatform.Extensions.Trx.TestLogger.resources: Searching in: 'C:\Users\nathan.chavaudra\.nuget\packages\coverlet.collector\6.0.4\build\netstandard2.0'.
TpTrace Information: 0 : 40680, 4, 2025/01/24, 16:23:41.015, 6206064672282, vstest.console.dll, AssemblyResolver.OnResolve: Microsoft.VisualStudio.TestPlatform.Extensions.Trx.TestLogger.resources: Assembly path does not exist: 'C:\Users\nathan.chavaudra\.nuget\packages\coverlet.collector\6.0.4\build\netstandard2.0\Microsoft.VisualStudio.TestPlatform.Extensions.Trx.TestLogger.resources.dll', returning.
TpTrace Information: 0 : 40680, 4, 2025/01/24, 16:23:41.015, 6206064672647, vstest.console.dll, AssemblyResolver.OnResolve: Microsoft.VisualStudio.TestPlatform.Extensions.Trx.TestLogger.resources: Assembly path does not exist: 'C:\Users\nathan.chavaudra\.nuget\packages\coverlet.collector\6.0.4\build\netstandard2.0\Microsoft.VisualStudio.TestPlatform.Extensions.Trx.TestLogger.resources.exe', returning.
TpTrace Information: 0 : 40680, 4, 2025/01/24, 16:23:41.015, 6206064672853, vstest.console.dll, AssemblyResolver.OnResolve: Microsoft.VisualStudio.TestPlatform.Extensions.Trx.TestLogger.resources: Failed to load assembly.
TpTrace Information: 0 : 40680, 4, 2025/01/24, 16:23:41.022, 6206064746077, vstest.console.dll, AssemblyResolver.OnResolve: Microsoft.VisualStudio.TestPlatform.ObjectModel.resources: Resolving assembly.
TpTrace Information: 0 : 40680, 4, 2025/01/24, 16:23:41.022, 6206064746930, vstest.console.dll, AssemblyResolver.OnResolve: Microsoft.VisualStudio.TestPlatform.ObjectModel.resources: Searching in: 'C:\Program Files\dotnet\sdk\9.0.102\Extensions'.
TpTrace Information: 0 : 40680, 4, 2025/01/24, 16:23:41.022, 6206064747399, vstest.console.dll, AssemblyResolver.OnResolve: Microsoft.VisualStudio.TestPlatform.ObjectModel.resources: Assembly path does not exist: 'C:\Program Files\dotnet\sdk\9.0.102\Extensions\Microsoft.VisualStudio.TestPlatform.ObjectModel.resources.dll', returning.
TpTrace Information: 0 : 40680, 4, 2025/01/24, 16:23:41.022, 6206064747794, vstest.console.dll, AssemblyResolver.OnResolve: Microsoft.VisualStudio.TestPlatform.ObjectModel.resources: Assembly path does not exist: 'C:\Program Files\dotnet\sdk\9.0.102\Extensions\Microsoft.VisualStudio.TestPlatform.ObjectModel.resources.exe', returning.
TpTrace Information: 0 : 40680, 4, 2025/01/24, 16:23:41.022, 6206064747975, vstest.console.dll, AssemblyResolver.OnResolve: Microsoft.VisualStudio.TestPlatform.ObjectModel.resources: Searching in: 'C:\Program Files\dotnet\sdk\9.0.102'.
TpTrace Information: 0 : 40680, 4, 2025/01/24, 16:23:41.022, 6206064748305, vstest.console.dll, AssemblyResolver.OnResolve: Microsoft.VisualStudio.TestPlatform.ObjectModel.resources: Assembly path does not exist: 'C:\Program Files\dotnet\sdk\9.0.102\Microsoft.VisualStudio.TestPlatform.ObjectModel.resources.dll', returning.
TpTrace Information: 0 : 40680, 4, 2025/01/24, 16:23:41.022, 6206064748621, vstest.console.dll, AssemblyResolver.OnResolve: Microsoft.VisualStudio.TestPlatform.ObjectModel.resources: Assembly path does not exist: 'C:\Program Files\dotnet\sdk\9.0.102\Microsoft.VisualStudio.TestPlatform.ObjectModel.resources.exe', returning.
TpTrace Information: 0 : 40680, 4, 2025/01/24, 16:23:41.022, 6206064748794, vstest.console.dll, AssemblyResolver.OnResolve: Microsoft.VisualStudio.TestPlatform.ObjectModel.resources: Searching in: 'C:\Users\nathan.chavaudra\.nuget\packages\coverlet.collector\6.0.4\build\netstandard2.0'.
TpTrace Information: 0 : 40680, 4, 2025/01/24, 16:23:41.022, 6206064749180, vstest.console.dll, AssemblyResolver.OnResolve: Microsoft.VisualStudio.TestPlatform.ObjectModel.resources: Assembly path does not exist: 'C:\Users\nathan.chavaudra\.nuget\packages\coverlet.collector\6.0.4\build\netstandard2.0\Microsoft.VisualStudio.TestPlatform.ObjectModel.resources.dll', returning.
TpTrace Information: 0 : 40680, 4, 2025/01/24, 16:23:41.022, 6206064749508, vstest.console.dll, AssemblyResolver.OnResolve: Microsoft.VisualStudio.TestPlatform.ObjectModel.resources: Assembly path does not exist: 'C:\Users\nathan.chavaudra\.nuget\packages\coverlet.collector\6.0.4\build\netstandard2.0\Microsoft.VisualStudio.TestPlatform.ObjectModel.resources.exe', returning.
TpTrace Information: 0 : 40680, 4, 2025/01/24, 16:23:41.022, 6206064749689, vstest.console.dll, AssemblyResolver.OnResolve: Microsoft.VisualStudio.TestPlatform.ObjectModel.resources: Failed to load assembly.
TpTrace Verbose: 0 : 40680, 4, 2025/01/24, 16:23:41.024, 6206064770202, vstest.console.dll, MulticastDelegateUtilities.SafeInvoke: InternalTestLoggerEvents.SendTestResult: Invoking callback 1/2 for Microsoft.VisualStudio.TestPlatform.Extensions.TrxLogger.TrxLogger., took 10 ms.
TpTrace Verbose: 0 : 40680, 4, 2025/01/24, 16:23:41.025, 6206064772792, vstest.console.dll, MulticastDelegateUtilities.SafeInvoke: InternalTestLoggerEvents.SendTestResult: Invoking callback 2/2 for Microsoft.VisualStudio.TestPlatform.CommandLine.Internal.MSBuildLogger., took 0 ms.
TpTrace Verbose: 0 : 40680, 4, 2025/01/24, 16:23:41.025, 6206064774380, vstest.console.dll, MulticastDelegateUtilities.SafeInvoke: InternalTestLoggerEvents.SendTestResult: Invoking callback 1/2 for Microsoft.VisualStudio.TestPlatform.Extensions.TrxLogger.TrxLogger., took 0 ms.
TpTrace Verbose: 0 : 40680, 4, 2025/01/24, 16:23:41.025, 6206064774720, vstest.console.dll, MulticastDelegateUtilities.SafeInvoke: InternalTestLoggerEvents.SendTestResult: Invoking callback 2/2 for Microsoft.VisualStudio.TestPlatform.CommandLine.Internal.MSBuildLogger., took 0 ms.
TpTrace Verbose: 0 : 40680, 4, 2025/01/24, 16:23:41.025, 6206064775190, vstest.console.dll, MulticastDelegateUtilities.SafeInvoke: InternalTestLoggerEvents.SendTestResult: Invoking callback 1/2 for Microsoft.VisualStudio.TestPlatform.Extensions.TrxLogger.TrxLogger., took 0 ms.
TpTrace Verbose: 0 : 40680, 4, 2025/01/24, 16:23:41.025, 6206064775412, vstest.console.dll, MulticastDelegateUtilities.SafeInvoke: InternalTestLoggerEvents.SendTestResult: Invoking callback 2/2 for Microsoft.VisualStudio.TestPlatform.CommandLine.Internal.MSBuildLogger., took 0 ms.
TpTrace Verbose: 0 : 40680, 4, 2025/01/24, 16:23:41.025, 6206064775841, vstest.console.dll, MulticastDelegateUtilities.SafeInvoke: InternalTestLoggerEvents.SendTestResult: Invoking callback 1/2 for Microsoft.VisualStudio.TestPlatform.Extensions.TrxLogger.TrxLogger., took 0 ms.
TpTrace Verbose: 0 : 40680, 4, 2025/01/24, 16:23:41.025, 6206064776054, vstest.console.dll, MulticastDelegateUtilities.SafeInvoke: InternalTestLoggerEvents.SendTestResult: Invoking callback 2/2 for Microsoft.VisualStudio.TestPlatform.CommandLine.Internal.MSBuildLogger., took 0 ms.
TpTrace Verbose: 0 : 40680, 4, 2025/01/24, 16:23:41.025, 6206064776497, vstest.console.dll, MulticastDelegateUtilities.SafeInvoke: InternalTestLoggerEvents.SendTestResult: Invoking callback 1/2 for Microsoft.VisualStudio.TestPlatform.Extensions.TrxLogger.TrxLogger., took 0 ms.
TpTrace Verbose: 0 : 40680, 4, 2025/01/24, 16:23:41.025, 6206064776708, vstest.console.dll, MulticastDelegateUtilities.SafeInvoke: InternalTestLoggerEvents.SendTestResult: Invoking callback 2/2 for Microsoft.VisualStudio.TestPlatform.CommandLine.Internal.MSBuildLogger., took 0 ms.
TpTrace Verbose: 0 : 40680, 13, 2025/01/24, 16:23:42.021, 6206074737990, vstest.console.dll, TcpClientExtensions.MessageLoopAsync: Polling on remoteEndPoint: 127.0.0.1:50437 localEndPoint: 127.0.0.1:50434 after 1007 ms
TpTrace Verbose: 0 : 40680, 13, 2025/01/24, 16:23:43.027, 6206084799865, vstest.console.dll, TcpClientExtensions.MessageLoopAsync: Polling on remoteEndPoint: 127.0.0.1:50437 localEndPoint: 127.0.0.1:50434 after 1005 ms
TpTrace Verbose: 0 : 40680, 12, 2025/01/24, 16:23:43.530, 6206089823775, vstest.console.dll, TestHostManagerCallbacks.StandardOutputReceivedCallback Test host standard output line: warn: Microsoft.AspNetCore.HttpsPolicy.HttpsRedirectionMiddleware[3]
TpTrace Verbose: 0 : 40680, 12, 2025/01/24, 16:23:43.530, 6206089827159, vstest.console.dll, MulticastDelegateUtilities.SafeInvoke: TestRunMessageLoggerProxy.SendMessage: Invoking callback 1/1 for Microsoft.VisualStudio.TestPlatform.Common.Logging.InternalTestLoggerEvents., took 0 ms.
TpTrace Verbose: 0 : 40680, 4, 2025/01/24, 16:23:43.530, 6206089827488, vstest.console.dll, MulticastDelegateUtilities.SafeInvoke: InternalTestLoggerEvents.SendMessage: Invoking callback 1/2 for Microsoft.VisualStudio.TestPlatform.Extensions.TrxLogger.TrxLogger., took 0 ms.
TpTrace Verbose: 0 : 40680, 12, 2025/01/24, 16:23:43.530, 6206089828195, vstest.console.dll, TestHostManagerCallbacks.StandardOutputReceivedCallback Test host standard output line:       Failed to determine the https port for redirect.
TpTrace Verbose: 0 : 40680, 4, 2025/01/24, 16:23:43.530, 6206089829849, vstest.console.dll, MulticastDelegateUtilities.SafeInvoke: InternalTestLoggerEvents.SendMessage: Invoking callback 2/2 for Microsoft.VisualStudio.TestPlatform.CommandLine.Internal.MSBuildLogger., took 0 ms.
TpTrace Verbose: 0 : 40680, 12, 2025/01/24, 16:23:43.530, 6206089830879, vstest.console.dll, MulticastDelegateUtilities.SafeInvoke: TestRunMessageLoggerProxy.SendMessage: Invoking callback 1/1 for Microsoft.VisualStudio.TestPlatform.Common.Logging.InternalTestLoggerEvents., took 0 ms.
TpTrace Verbose: 0 : 40680, 4, 2025/01/24, 16:23:43.530, 6206089831174, vstest.console.dll, MulticastDelegateUtilities.SafeInvoke: InternalTestLoggerEvents.SendMessage: Invoking callback 1/2 for Microsoft.VisualStudio.TestPlatform.Extensions.TrxLogger.TrxLogger., took 0 ms.
TpTrace Verbose: 0 : 40680, 4, 2025/01/24, 16:23:43.531, 6206089832531, vstest.console.dll, MulticastDelegateUtilities.SafeInvoke: InternalTestLoggerEvents.SendMessage: Invoking callback 2/2 for Microsoft.VisualStudio.TestPlatform.CommandLine.Internal.MSBuildLogger., took 0 ms.
TpTrace Verbose: 0 : 40680, 13, 2025/01/24, 16:23:43.562, 6206090144923, vstest.console.dll, TcpClientExtensions.MessageLoopAsync: NotifyDataAvailable remoteEndPoint: 127.0.0.1:50437 localEndPoint: 127.0.0.1:50434
TpTrace Verbose: 0 : 40680, 13, 2025/01/24, 16:23:43.562, 6206090147440, vstest.console.dll, TestRequestSender.OnExecutionMessageReceived: Received message: {"Version":7,"MessageType":"TestExecution.StatsChange","Payload":{"NewTestResults":[{"TestCase":{"Id":"40d4c40c-1d33-eac6-ce90-20f68a529345","FullyQualifiedName":"TestAPI.TU_EleveMini.TestDeleteEleveById","DisplayName":"TestAPI.TU_EleveMini.TestDeleteEleveById","ExecutorUri":"executor://xunit/VsTestRunner3/netcore/","Source":"C:\\Users\\nathan.chavaudra\\OneDrive - Magellan Partners\\Bureau\\ProjetExakis\\TestAPI\\bin\\Debug\\net8.0\\TestAPI.dll","CodeFilePath":null,"LineNumber":0,"Properties":[{"Key":{"Id":"XunitTestCaseExplicit","Label":"xUnit.net Test Case Explicit Flag","Category":"","Description":"","Attributes":0,"ValueType":"System.Boolean"},"Value":false},{"Key":{"Id":"XunitTestCaseUniqueID","Label":"xUnit.net Test Case Unique ID","Category":"","Description":"","Attributes":0,"ValueType":"System.String"},"Value":"2b79ac0302e5d52c769e3cb0c6f265d9e6d40101"},{"Key":{"Id":"TestCase.ManagedMethod","Label":"ManagedMethod","Category":"","Description":"","Attributes":1,"ValueType":"System.String"},"Value":"TestDeleteEleveById"},{"Key":{"Id":"TestCase.ManagedType","Label":"ManagedType","Category":"","Description":"","Attributes":1,"ValueType":"System.String"},"Value":"TestAPI.TU_EleveMini"}]},"Attachments":[],"Outcome":1,"ErrorMessage":null,"ErrorStackTrace":null,"DisplayName":"TestAPI.TU_EleveMini.TestDeleteEleveById","Messages":[],"ComputerName":"EXN-5CG2149HTR","Duration":"00:00:04.0862996","StartTime":"2025-01-24T15:23:39.5081667+00:00","EndTime":"2025-01-24T15:23:43.5596865+00:00","Properties":[]}],"TestRunStatistics":{"ExecutedTests":6,"Stats":{"Passed":6}},"ActiveTests":[{"Id":"434086e9-9971-af6d-3a80-a4e86b4a1331","FullyQualifiedName":"TestAPI.TU_EleveMini.TestAddEleve","DisplayName":"TestAPI.TU_EleveMini.TestAddEleve","ExecutorUri":"executor://xunit/VsTestRunner3/netcore/","Source":"C:\\Users\\nathan.chavaudra\\OneDrive - Magellan Partners\\Bureau\\ProjetExakis\\TestAPI\\bin\\Debug\\net8.0\\TestAPI.dll","CodeFilePath":null,"LineNumber":0,"Properties":[{"Key":{"Id":"XunitTestCaseExplicit","Label":"xUnit.net Test Case Explicit Flag","Category":"","Description":"","Attributes":0,"ValueType":"System.Boolean"},"Value":false},{"Key":{"Id":"XunitTestCaseUniqueID","Label":"xUnit.net Test Case Unique ID","Category":"","Description":"","Attributes":0,"ValueType":"System.String"},"Value":"5f65827920987f0e2e616ea16b149c70ae6d96a9"},{"Key":{"Id":"TestCase.ManagedMethod","Label":"ManagedMethod","Category":"","Description":"","Attributes":1,"ValueType":"System.String"},"Value":"TestAddEleve"},{"Key":{"Id":"TestCase.ManagedType","Label":"ManagedType","Category":"","Description":"","Attributes":1,"ValueType":"System.String"},"Value":"TestAPI.TU_EleveMini"}]}]}}
TpTrace Verbose: 0 : 40680, 13, 2025/01/24, 16:23:43.564, 6206090164992, vstest.console.dll, TestRunRequest:SendTestRunStatsChange: Starting.
TpTrace Verbose: 0 : 40680, 13, 2025/01/24, 16:23:43.564, 6206090166649, vstest.console.dll, InProgress is TestAPI.TU_EleveMini.TestAddEleve
TpTrace Verbose: 0 : 40680, 13, 2025/01/24, 16:23:43.564, 6206090167230, vstest.console.dll, MulticastDelegateUtilities.SafeInvoke: TestRun.RunStatsChanged: Invoking callbacks was skipped because there are no subscribers.
TpTrace Information: 0 : 40680, 13, 2025/01/24, 16:23:43.564, 6206090167567, vstest.console.dll, TestRunRequest:SendTestRunStatsChange: Completed.
TpTrace Verbose: 0 : 40680, 13, 2025/01/24, 16:23:43.564, 6206090167953, vstest.console.dll, MulticastDelegateUtilities.SafeInvoke: LengthPrefixCommunicationChannel: MessageReceived: Invoking callback 1/1 for Microsoft.VisualStudio.TestPlatform.CommunicationUtilities.TestRequestSender+<>c__DisplayClass34_0., took 2 ms.
TpTrace Verbose: 0 : 40680, 13, 2025/01/24, 16:23:43.564, 6206090168315, vstest.console.dll, TcpClientExtensions.MessageLoopAsync: Polling on remoteEndPoint: 127.0.0.1:50437 localEndPoint: 127.0.0.1:50434 after 536 ms
TpTrace Verbose: 0 : 40680, 4, 2025/01/24, 16:23:43.564, 6206090169633, vstest.console.dll, MulticastDelegateUtilities.SafeInvoke: InternalTestLoggerEvents.SendTestResult: Invoking callback 1/2 for Microsoft.VisualStudio.TestPlatform.Extensions.TrxLogger.TrxLogger., took 0 ms.
TpTrace Verbose: 0 : 40680, 4, 2025/01/24, 16:23:43.564, 6206090170489, vstest.console.dll, MulticastDelegateUtilities.SafeInvoke: InternalTestLoggerEvents.SendTestResult: Invoking callback 2/2 for Microsoft.VisualStudio.TestPlatform.CommandLine.Internal.MSBuildLogger., took 0 ms.
TpTrace Verbose: 0 : 40680, 12, 2025/01/24, 16:23:43.653, 6206091052428, vstest.console.dll, TestHostManagerCallbacks.StandardOutputReceivedCallback Test host standard output line: warn: Microsoft.AspNetCore.HttpsPolicy.HttpsRedirectionMiddleware[3]
TpTrace Verbose: 0 : 40680, 12, 2025/01/24, 16:23:43.653, 6206091054645, vstest.console.dll, MulticastDelegateUtilities.SafeInvoke: TestRunMessageLoggerProxy.SendMessage: Invoking callback 1/1 for Microsoft.VisualStudio.TestPlatform.Common.Logging.InternalTestLoggerEvents., took 0 ms.
TpTrace Verbose: 0 : 40680, 4, 2025/01/24, 16:23:43.653, 6206091055121, vstest.console.dll, MulticastDelegateUtilities.SafeInvoke: InternalTestLoggerEvents.SendMessage: Invoking callback 1/2 for Microsoft.VisualStudio.TestPlatform.Extensions.TrxLogger.TrxLogger., took 0 ms.
TpTrace Verbose: 0 : 40680, 12, 2025/01/24, 16:23:43.653, 6206091055438, vstest.console.dll, TestHostManagerCallbacks.StandardOutputReceivedCallback Test host standard output line:       Failed to determine the https port for redirect.
TpTrace Verbose: 0 : 40680, 12, 2025/01/24, 16:23:43.653, 6206091056340, vstest.console.dll, MulticastDelegateUtilities.SafeInvoke: TestRunMessageLoggerProxy.SendMessage: Invoking callback 1/1 for Microsoft.VisualStudio.TestPlatform.Common.Logging.InternalTestLoggerEvents., took 0 ms.
TpTrace Verbose: 0 : 40680, 4, 2025/01/24, 16:23:43.653, 6206091056654, vstest.console.dll, MulticastDelegateUtilities.SafeInvoke: InternalTestLoggerEvents.SendMessage: Invoking callback 2/2 for Microsoft.VisualStudio.TestPlatform.CommandLine.Internal.MSBuildLogger., took 0 ms.
TpTrace Verbose: 0 : 40680, 4, 2025/01/24, 16:23:43.653, 6206091057239, vstest.console.dll, MulticastDelegateUtilities.SafeInvoke: InternalTestLoggerEvents.SendMessage: Invoking callback 1/2 for Microsoft.VisualStudio.TestPlatform.Extensions.TrxLogger.TrxLogger., took 0 ms.
TpTrace Verbose: 0 : 40680, 4, 2025/01/24, 16:23:43.653, 6206091057918, vstest.console.dll, MulticastDelegateUtilities.SafeInvoke: InternalTestLoggerEvents.SendMessage: Invoking callback 2/2 for Microsoft.VisualStudio.TestPlatform.CommandLine.Internal.MSBuildLogger., took 0 ms.
TpTrace Verbose: 0 : 40680, 12, 2025/01/24, 16:23:43.740, 6206091925627, vstest.console.dll, TestHostManagerCallbacks.StandardOutputReceivedCallback Test host standard output line: warn: Microsoft.AspNetCore.HttpsPolicy.HttpsRedirectionMiddleware[3]
TpTrace Verbose: 0 : 40680, 12, 2025/01/24, 16:23:43.740, 6206091927448, vstest.console.dll, MulticastDelegateUtilities.SafeInvoke: TestRunMessageLoggerProxy.SendMessage: Invoking callback 1/1 for Microsoft.VisualStudio.TestPlatform.Common.Logging.InternalTestLoggerEvents., took 0 ms.
TpTrace Verbose: 0 : 40680, 4, 2025/01/24, 16:23:43.740, 6206091927762, vstest.console.dll, MulticastDelegateUtilities.SafeInvoke: InternalTestLoggerEvents.SendMessage: Invoking callback 1/2 for Microsoft.VisualStudio.TestPlatform.Extensions.TrxLogger.TrxLogger., took 0 ms.
TpTrace Verbose: 0 : 40680, 12, 2025/01/24, 16:23:43.740, 6206091927835, vstest.console.dll, TestHostManagerCallbacks.StandardOutputReceivedCallback Test host standard output line:       Failed to determine the https port for redirect.
TpTrace Verbose: 0 : 40680, 4, 2025/01/24, 16:23:43.740, 6206091929034, vstest.console.dll, MulticastDelegateUtilities.SafeInvoke: InternalTestLoggerEvents.SendMessage: Invoking callback 2/2 for Microsoft.VisualStudio.TestPlatform.CommandLine.Internal.MSBuildLogger., took 0 ms.
TpTrace Verbose: 0 : 40680, 4, 2025/01/24, 16:23:43.740, 6206091929497, vstest.console.dll, MulticastDelegateUtilities.SafeInvoke: InternalTestLoggerEvents.SendMessage: Invoking callback 1/2 for Microsoft.VisualStudio.TestPlatform.Extensions.TrxLogger.TrxLogger., took 0 ms.
TpTrace Verbose: 0 : 40680, 12, 2025/01/24, 16:23:43.740, 6206091929452, vstest.console.dll, MulticastDelegateUtilities.SafeInvoke: TestRunMessageLoggerProxy.SendMessage: Invoking callback 1/1 for Microsoft.VisualStudio.TestPlatform.Common.Logging.InternalTestLoggerEvents., took 0 ms.
TpTrace Verbose: 0 : 40680, 4, 2025/01/24, 16:23:43.740, 6206091930107, vstest.console.dll, MulticastDelegateUtilities.SafeInvoke: InternalTestLoggerEvents.SendMessage: Invoking callback 2/2 for Microsoft.VisualStudio.TestPlatform.CommandLine.Internal.MSBuildLogger., took 0 ms.
TpTrace Verbose: 0 : 40680, 12, 2025/01/24, 16:23:43.783, 6206092355548, vstest.console.dll, TestHostManagerCallbacks.StandardOutputReceivedCallback Test host standard output line: warn: Microsoft.AspNetCore.HttpsPolicy.HttpsRedirectionMiddleware[3]
TpTrace Verbose: 0 : 40680, 12, 2025/01/24, 16:23:43.783, 6206092357226, vstest.console.dll, MulticastDelegateUtilities.SafeInvoke: TestRunMessageLoggerProxy.SendMessage: Invoking callback 1/1 for Microsoft.VisualStudio.TestPlatform.Common.Logging.InternalTestLoggerEvents., took 0 ms.
TpTrace Verbose: 0 : 40680, 12, 2025/01/24, 16:23:43.783, 6206092357604, vstest.console.dll, TestHostManagerCallbacks.StandardOutputReceivedCallback Test host standard output line:       Failed to determine the https port for redirect.
TpTrace Verbose: 0 : 40680, 12, 2025/01/24, 16:23:43.783, 6206092357920, vstest.console.dll, MulticastDelegateUtilities.SafeInvoke: TestRunMessageLoggerProxy.SendMessage: Invoking callback 1/1 for Microsoft.VisualStudio.TestPlatform.Common.Logging.InternalTestLoggerEvents., took 0 ms.
TpTrace Verbose: 0 : 40680, 4, 2025/01/24, 16:23:43.783, 6206092357883, vstest.console.dll, MulticastDelegateUtilities.SafeInvoke: InternalTestLoggerEvents.SendMessage: Invoking callback 1/2 for Microsoft.VisualStudio.TestPlatform.Extensions.TrxLogger.TrxLogger., took 0 ms.
TpTrace Verbose: 0 : 40680, 4, 2025/01/24, 16:23:43.783, 6206092359534, vstest.console.dll, MulticastDelegateUtilities.SafeInvoke: InternalTestLoggerEvents.SendMessage: Invoking callback 2/2 for Microsoft.VisualStudio.TestPlatform.CommandLine.Internal.MSBuildLogger., took 0 ms.
TpTrace Verbose: 0 : 40680, 4, 2025/01/24, 16:23:43.783, 6206092359947, vstest.console.dll, MulticastDelegateUtilities.SafeInvoke: InternalTestLoggerEvents.SendMessage: Invoking callback 1/2 for Microsoft.VisualStudio.TestPlatform.Extensions.TrxLogger.TrxLogger., took 0 ms.
TpTrace Verbose: 0 : 40680, 4, 2025/01/24, 16:23:43.783, 6206092360622, vstest.console.dll, MulticastDelegateUtilities.SafeInvoke: InternalTestLoggerEvents.SendMessage: Invoking callback 2/2 for Microsoft.VisualStudio.TestPlatform.CommandLine.Internal.MSBuildLogger., took 0 ms.
TpTrace Verbose: 0 : 40680, 12, 2025/01/24, 16:23:43.830, 6206092822104, vstest.console.dll, TestHostManagerCallbacks.StandardOutputReceivedCallback Test host standard output line: warn: Microsoft.AspNetCore.HttpsPolicy.HttpsRedirectionMiddleware[3]
TpTrace Verbose: 0 : 40680, 12, 2025/01/24, 16:23:43.830, 6206092824237, vstest.console.dll, MulticastDelegateUtilities.SafeInvoke: TestRunMessageLoggerProxy.SendMessage: Invoking callback 1/1 for Microsoft.VisualStudio.TestPlatform.Common.Logging.InternalTestLoggerEvents., took 0 ms.
TpTrace Verbose: 0 : 40680, 12, 2025/01/24, 16:23:43.830, 6206092824735, vstest.console.dll, TestHostManagerCallbacks.StandardOutputReceivedCallback Test host standard output line:       Failed to determine the https port for redirect.
TpTrace Verbose: 0 : 40680, 12, 2025/01/24, 16:23:43.830, 6206092825107, vstest.console.dll, MulticastDelegateUtilities.SafeInvoke: TestRunMessageLoggerProxy.SendMessage: Invoking callback 1/1 for Microsoft.VisualStudio.TestPlatform.Common.Logging.InternalTestLoggerEvents., took 0 ms.
TpTrace Verbose: 0 : 40680, 4, 2025/01/24, 16:23:43.830, 6206092825495, vstest.console.dll, MulticastDelegateUtilities.SafeInvoke: InternalTestLoggerEvents.SendMessage: Invoking callback 1/2 for Microsoft.VisualStudio.TestPlatform.Extensions.TrxLogger.TrxLogger., took 0 ms.
TpTrace Verbose: 0 : 40680, 4, 2025/01/24, 16:23:43.830, 6206092829185, vstest.console.dll, MulticastDelegateUtilities.SafeInvoke: InternalTestLoggerEvents.SendMessage: Invoking callback 2/2 for Microsoft.VisualStudio.TestPlatform.CommandLine.Internal.MSBuildLogger., took 0 ms.
TpTrace Verbose: 0 : 40680, 4, 2025/01/24, 16:23:43.830, 6206092830993, vstest.console.dll, MulticastDelegateUtilities.SafeInvoke: InternalTestLoggerEvents.SendMessage: Invoking callback 1/2 for Microsoft.VisualStudio.TestPlatform.Extensions.TrxLogger.TrxLogger., took 0 ms.
TpTrace Verbose: 0 : 40680, 4, 2025/01/24, 16:23:43.831, 6206092833353, vstest.console.dll, MulticastDelegateUtilities.SafeInvoke: InternalTestLoggerEvents.SendMessage: Invoking callback 2/2 for Microsoft.VisualStudio.TestPlatform.CommandLine.Internal.MSBuildLogger., took 0 ms.
TpTrace Verbose: 0 : 40680, 13, 2025/01/24, 16:23:43.847, 6206092997573, vstest.console.dll, TcpClientExtensions.MessageLoopAsync: NotifyDataAvailable remoteEndPoint: 127.0.0.1:50437 localEndPoint: 127.0.0.1:50434
TpTrace Verbose: 0 : 40680, 13, 2025/01/24, 16:23:43.847, 6206092999327, vstest.console.dll, TestRequestSender.OnExecutionMessageReceived: Received message: {"Version":7,"MessageType":"TestSession.Message","Payload":{"MessageLevel":0,"Message":"[xUnit.net 00:00:06.37]   Finished:    TestAPI"}}
TpTrace Verbose: 0 : 40680, 13, 2025/01/24, 16:23:43.847, 6206093000617, vstest.console.dll, TestRunRequest:SendTestRunMessage: Starting.
TpTrace Verbose: 0 : 40680, 13, 2025/01/24, 16:23:43.847, 6206093001221, vstest.console.dll, MulticastDelegateUtilities.SafeInvoke: TestRun.LogMessages: Invoking callback 1/1 for Microsoft.VisualStudio.TestPlatform.CommandLine.TestRunResultAggregator., took 0 ms.
TpTrace Information: 0 : 40680, 13, 2025/01/24, 16:23:43.847, 6206093001531, vstest.console.dll, TestRunRequest:SendTestRunMessage: Completed.
TpTrace Verbose: 0 : 40680, 13, 2025/01/24, 16:23:43.848, 6206093001820, vstest.console.dll, MulticastDelegateUtilities.SafeInvoke: LengthPrefixCommunicationChannel: MessageReceived: Invoking callback 1/1 for Microsoft.VisualStudio.TestPlatform.CommunicationUtilities.TestRequestSender+<>c__DisplayClass34_0., took 0 ms.
TpTrace Verbose: 0 : 40680, 4, 2025/01/24, 16:23:43.848, 6206093001852, vstest.console.dll, MulticastDelegateUtilities.SafeInvoke: InternalTestLoggerEvents.SendTestRunMessage: Invoking callback 1/2 for Microsoft.VisualStudio.TestPlatform.Extensions.TrxLogger.TrxLogger., took 0 ms.
TpTrace Verbose: 0 : 40680, 13, 2025/01/24, 16:23:43.848, 6206093003023, vstest.console.dll, TcpClientExtensions.MessageLoopAsync: Polling on remoteEndPoint: 127.0.0.1:50437 localEndPoint: 127.0.0.1:50434 after 283 ms
TpTrace Verbose: 0 : 40680, 4, 2025/01/24, 16:23:43.848, 6206093003634, vstest.console.dll, MulticastDelegateUtilities.SafeInvoke: InternalTestLoggerEvents.SendTestRunMessage: Invoking callback 2/2 for Microsoft.VisualStudio.TestPlatform.CommandLine.Internal.MSBuildLogger., took 0 ms.
TpTrace Verbose: 0 : 40680, 13, 2025/01/24, 16:23:44.670, 6206101223699, vstest.console.dll, TcpClientExtensions.MessageLoopAsync: NotifyDataAvailable remoteEndPoint: 127.0.0.1:50437 localEndPoint: 127.0.0.1:50434
TpTrace Verbose: 0 : 40680, 13, 2025/01/24, 16:23:44.670, 6206101226582, vstest.console.dll, TestRequestSender.OnExecutionMessageReceived: Received message: {"Version":7,"MessageType":"TestExecution.Completed","Payload":{"TestRunCompleteArgs":{"TestRunStatistics":{"ExecutedTests":10,"Stats":{"Passed":10}},"IsCanceled":false,"IsAborted":false,"Error":null,"AttachmentSets":[],"InvokedDataCollectors":[],"ElapsedTimeInRunningTests":"00:00:06.3942611","Metrics":{},"DiscoveredExtensions":{"TestDiscoverers":["Xunit.Runner.VisualStudio.VsTestRunner, xunit.runner.visualstudio.testadapter, Version=3.0.1.0, Culture=neutral, PublicKeyToken=null"],"TestExecutors":["executor://xunit/VsTestRunner3/netcore/"],"TestExecutors2":[],"TestSettingsProviders":[]}},"LastRunTests":{"NewTestResults":[{"TestCase":{"Id":"434086e9-9971-af6d-3a80-a4e86b4a1331","FullyQualifiedName":"TestAPI.TU_EleveMini.TestAddEleve","DisplayName":"TestAPI.TU_EleveMini.TestAddEleve","ExecutorUri":"executor://xunit/VsTestRunner3/netcore/","Source":"C:\\Users\\nathan.chavaudra\\OneDrive - Magellan Partners\\Bureau\\ProjetExakis\\TestAPI\\bin\\Debug\\net8.0\\TestAPI.dll","CodeFilePath":null,"LineNumber":0,"Properties":[{"Key":{"Id":"XunitTestCaseExplicit","Label":"xUnit.net Test Case Explicit Flag","Category":"","Description":"","Attributes":0,"ValueType":"System.Boolean"},"Value":false},{"Key":{"Id":"XunitTestCaseUniqueID","Label":"xUnit.net Test Case Unique ID","Category":"","Description":"","Attributes":0,"ValueType":"System.String"},"Value":"5f65827920987f0e2e616ea16b149c70ae6d96a9"},{"Key":{"Id":"TestCase.ManagedMethod","Label":"ManagedMethod","Category":"","Description":"","Attributes":1,"ValueType":"System.String"},"Value":"TestAddEleve"},{"Key":{"Id":"TestCase.ManagedType","Label":"ManagedType","Category":"","Description":"","Attributes":1,"ValueType":"System.String"},"Value":"TestAPI.TU_EleveMini"}]},"Attachments":[],"Outcome":1,"ErrorMessage":null,"ErrorStackTrace":null,"DisplayName":"TestAPI.TU_EleveMini.TestAddEleve","Messages":[],"ComputerName":"EXN-5CG2149HTR","Duration":"00:00:00.1295910","StartTime":"2025-01-24T15:23:43.5628939+00:00","EndTime":"2025-01-24T15:23:43.6909679+00:00","Properties":[]},{"TestCase":{"Id":"842f96d3-1a00-1b07-b2eb-3cb28c687223","FullyQualifiedName":"TestAPI.TU_EleveMini.TestUpdateEleveByName","DisplayName":"TestAPI.TU_EleveMini.TestUpdateEleveByName","ExecutorUri":"executor://xunit/VsTestRunner3/netcore/","Source":"C:\\Users\\nathan.chavaudra\\OneDrive - Magellan Partners\\Bureau\\ProjetExakis\\TestAPI\\bin\\Debug\\net8.0\\TestAPI.dll","CodeFilePath":null,"LineNumber":0,"Properties":[{"Key":{"Id":"XunitTestCaseExplicit","Label":"xUnit.net Test Case Explicit Flag","Category":"","Description":"","Attributes":0,"ValueType":"System.Boolean"},"Value":false},{"Key":{"Id":"XunitTestCaseUniqueID","Label":"xUnit.net Test Case Unique ID","Category":"","Description":"","Attributes":0,"ValueType":"System.String"},"Value":"8520e7dc18fa601103106ec7a286186d9c48dead"},{"Key":{"Id":"TestCase.ManagedMethod","Label":"ManagedMethod","Category":"","Description":"","Attributes":1,"ValueType":"System.String"},"Value":"TestUpdateEleveByName"},{"Key":{"Id":"TestCase.ManagedType","Label":"ManagedType","Category":"","Description":"","Attributes":1,"ValueType":"System.String"},"Value":"TestAPI.TU_EleveMini"}]},"Attachments":[],"Outcome":1,"ErrorMessage":null,"ErrorStackTrace":null,"DisplayName":"TestAPI.TU_EleveMini.TestUpdateEleveByName","Messages":[],"ComputerName":"EXN-5CG2149HTR","Duration":"00:00:00.0551948","StartTime":"2025-01-24T15:23:43.6924311+00:00","EndTime":"2025-01-24T15:23:43.7466877+00:00","Properties":[]},{"TestCase":{"Id":"8c315890-c4d0-651b-c2f8-9e0ab80c922a","FullyQualifiedName":"TestAPI.TU_EleveMini.TestGetEleves","DisplayName":"TestAPI.TU_EleveMini.TestGetEleves","ExecutorUri":"executor://xunit/VsTestRunner3/netcore/","Source":"C:\\Users\\nathan.chavaudra\\OneDrive - Magellan Partners\\Bureau\\ProjetExakis\\TestAPI\\bin\\Debug\\net8.0\\TestAPI.dll","CodeFilePath":null,"LineNumber":0,"Properties":[{"Key":{"Id":"XunitTestCaseExplicit","Label":"xUnit.net Test Case Explicit Flag","Category":"","Description":"","Attributes":0,"ValueType":"System.Boolean"},"Value":false},{"Key":{"Id":"XunitTestCaseUniqueID","Label":"xUnit.net Test Case Unique ID","Category":"","Description":"","Attributes":0,"ValueType":"System.String"},"Value":"bb460e6cc27c4689bf8a9d6496f81b18bac9a67f"},{"Key":{"Id":"TestCase.ManagedMethod","Label":"ManagedMethod","Category":"","Description":"","Attributes":1,"ValueType":"System.String"},"Value":"TestGetEleves"},{"Key":{"Id":"TestCase.ManagedType","Label":"ManagedType","Category":"","Description":"","Attributes":1,"ValueType":"System.String"},"Value":"TestAPI.TU_EleveMini"}]},"Attachments":[],"Outcome":1,"ErrorMessage":null,"ErrorStackTrace":null,"DisplayName":"TestAPI.TU_EleveMini.TestGetEleves","Messages":[],"ComputerName":"EXN-5CG2149HTR","Duration":"00:00:00.0465753","StartTime":"2025-01-24T15:23:43.7486133+00:00","EndTime":"2025-01-24T15:23:43.7938287+00:00","Properties":[]},{"TestCase":{"Id":"5ded160c-0864-0313-a532-ef544ebea5a1","FullyQualifiedName":"TestAPI.TU_EleveMini.TestGetEleveById","DisplayName":"TestAPI.TU_EleveMini.TestGetEleveById","ExecutorUri":"executor://xunit/VsTestRunner3/netcore/","Source":"C:\\Users\\nathan.chavaudra\\OneDrive - Magellan Partners\\Bureau\\ProjetExakis\\TestAPI\\bin\\Debug\\net8.0\\TestAPI.dll","CodeFilePath":null,"LineNumber":0,"Properties":[{"Key":{"Id":"XunitTestCaseExplicit","Label":"xUnit.net Test Case Explicit Flag","Category":"","Description":"","Attributes":0,"ValueType":"System.Boolean"},"Value":false},{"Key":{"Id":"XunitTestCaseUniqueID","Label":"xUnit.net Test Case Unique ID","Category":"","Description":"","Attributes":0,"ValueType":"System.String"},"Value":"be12b4aa72bd7fe56d6dc02ecadc11e8113d78ea"},{"Key":{"Id":"TestCase.ManagedMethod","Label":"ManagedMethod","Category":"","Description":"","Attributes":1,"ValueType":"System.String"},"Value":"TestGetEleveById"},{"Key":{"Id":"TestCase.ManagedType","Label":"ManagedType","Category":"","Description":"","Attributes":1,"ValueType":"System.String"},"Value":"TestAPI.TU_EleveMini"}]},"Attachments":[],"Outcome":1,"ErrorMessage":null,"ErrorStackTrace":null,"DisplayName":"TestAPI.TU_EleveMini.TestGetEleveById","Messages":[],"ComputerName":"EXN-5CG2149HTR","Duration":"00:00:00.0396637","StartTime":"2025-01-24T15:23:43.7954935+00:00","EndTime":"2025-01-24T15:23:43.8344836+00:00","Properties":[]}],"TestRunStatistics":{"ExecutedTests":10,"Stats":{"Passed":10}},"ActiveTests":[]},"RunAttachments":[],"ExecutorUris":["executor://xunit/VsTestRunner3/netcore/"]}}
TpTrace Verbose: 0 : 40680, 13, 2025/01/24, 16:23:44.670, 6206101227911, vstest.console.dll, TestRequestSender.EndSession: Sending end session.
TpTrace Verbose: 0 : 40680, 13, 2025/01/24, 16:23:44.670, 6206101229909, vstest.console.dll, ProxyOperationManager.Close: waiting for test host to exit for 100 ms
TpTrace Verbose: 0 : 40680, 12, 2025/01/24, 16:23:44.694, 6206101468775, vstest.console.dll, TestHostManagerCallbacks.StandardOutputReceivedCallback Test host standard output line: 
TpTrace Warning: 0 : 40680, 9, 2025/01/24, 16:23:44.694, 6206101468955, vstest.console.dll, TestHostManagerCallbacks.ErrorReceivedCallback Test host standard error line: 
TpTrace Verbose: 0 : 40680, 9, 2025/01/24, 16:23:44.712, 6206101643224, vstest.console.dll, TestHostProvider.ExitCallBack: Host exited starting callback.
TpTrace Information: 0 : 40680, 9, 2025/01/24, 16:23:44.712, 6206101645546, vstest.console.dll, TestHostManagerCallbacks.ExitCallBack: Testhost processId: 44020 exited with exitcode: 0 error: ''
TpTrace Verbose: 0 : 40680, 9, 2025/01/24, 16:23:44.712, 6206101646264, vstest.console.dll, DotnetTestHostManager.OnHostExited: invoking OnHostExited callback
TpTrace Verbose: 0 : 40680, 9, 2025/01/24, 16:23:44.712, 6206101646886, vstest.console.dll, CrossPlatEngine.TestHostManagerHostExited: calling on client process exit callback.
TpTrace Information: 0 : 40680, 9, 2025/01/24, 16:23:44.712, 6206101647514, vstest.console.dll, TestRequestSender.OnClientProcessExit: Test host process exited. Standard error: 
TpTrace Information: 0 : 40680, 9, 2025/01/24, 16:23:44.712, 6206101648209, vstest.console.dll, SocketServer.Stop: Stop server endPoint: 127.0.0.1:50434
TpTrace Information: 0 : 40680, 9, 2025/01/24, 16:23:44.712, 6206101648435, vstest.console.dll, SocketServer.Stop: Cancellation requested. Stopping message loop.
TpTrace Information: 0 : 40680, 13, 2025/01/24, 16:23:44.712, 6206101648661, vstest.console.dll, SocketServer.Stop: Stop server endPoint: 127.0.0.1:50434
TpTrace Information: 0 : 40680, 13, 2025/01/24, 16:23:44.712, 6206101649421, vstest.console.dll, SocketServer.Stop: Cancellation requested. Stopping message loop.
TpTrace Verbose: 0 : 40680, 9, 2025/01/24, 16:23:44.712, 6206101649446, vstest.console.dll, MulticastDelegateUtilities.SafeInvoke: HostProviderEvents.OnHostExited: Invoking callback 1/1 for Microsoft.VisualStudio.TestPlatform.CrossPlatEngine.Client.ProxyOperationManager., took 0 ms.
TpTrace Information: 0 : 40680, 13, 2025/01/24, 16:23:44.712, 6206101649864, vstest.console.dll, Closing the connection
TpTrace Verbose: 0 : 40680, 13, 2025/01/24, 16:23:44.713, 6206101652196, vstest.console.dll, ProxyDataCollectionManager.InvokeDataCollectionServiceAction: Starting.
TpTrace Information: 0 : 40680, 13, 2025/01/24, 16:23:44.713, 6206101652678, vstest.console.dll, ProxyDataCollectionManager.AfterTestRunEnd: Get attachment set and invoked data collectors processId: 47860 port: 50432
TpTrace Verbose: 0 : 40680, 13, 2025/01/24, 16:23:44.713, 6206101653027, vstest.console.dll, DataCollectionRequestSender.SendAfterTestRunStartAndGetResult: Send AfterTestRunEnd message with isCancelled: False
TpTrace Verbose: 0 : 40680, 13, 2025/01/24, 16:23:44.789, 6206102413614, vstest.console.dll, DataCollectionRequestSender.SendAfterTestRunStartAndGetResult: Received message: (DataCollection.AfterTestRunEndResult) -> {"MessageType":"DataCollection.AfterTestRunEndResult","Payload":{"AttachmentSets":[{"Uri":"datacollector://Microsoft/CoverletCodeCoverage/1.0","DisplayName":"XPlat code coverage","Attachments":[{"Description":"","Uri":"file://C:/Users/nathan.chavaudra/OneDrive%20-%20Magellan%20Partners/Bureau/ProjetExakis/TestAPI/TestResults/b08330df-98ab-47ca-a3e9-2d9491359d69/coverage.cobertura.xml"}]}],"InvokedDataCollectors":[{"Uri":"datacollector://Microsoft/CoverletCodeCoverage/1.0","FriendlyName":"XPlat code coverage","AssemblyQualifiedName":"Coverlet.Collector.DataCollection.CoverletCoverageCollector, coverlet.collector, Version=6.0.0.0, Culture=neutral, PublicKeyToken=4beb1ad7f05a1c71","FilePath":"C:\\Users\\nathan.chavaudra\\.nuget\\packages\\coverlet.collector\\6.0.4\\build\\netstandard2.0\\coverlet.collector.dll","HasAttachmentProcessor":false}],"Metrics":{}}}
TpTrace Information: 0 : 40680, 13, 2025/01/24, 16:23:44.794, 6206102461762, vstest.console.dll, ProxyDataCollectionManager.InvokeDataCollectionServiceAction: Completed.
TpTrace Warning: 0 : 40680, 10, 2025/01/24, 16:23:44.795, 6206102477261, vstest.console.dll, DataCollectionLauncher.ErrorReceivedCallback datacollector standard error line: 
TpTrace Information: 0 : 40680, 10, 2025/01/24, 16:23:44.805, 6206102577095, vstest.console.dll, DataCollectionLauncher.ExitCallBack: Data collector exited with exitcode: 0 error: ''
TpTrace Verbose: 0 : 40680, 13, 2025/01/24, 16:23:44.821, 6206102736513, vstest.console.dll, TestRunRequest:SendTestRunStatsChange: Starting.
TpTrace Verbose: 0 : 40680, 13, 2025/01/24, 16:23:44.821, 6206102737754, vstest.console.dll, MulticastDelegateUtilities.SafeInvoke: TestRun.RunStatsChanged: Invoking callbacks was skipped because there are no subscribers.
TpTrace Information: 0 : 40680, 13, 2025/01/24, 16:23:44.821, 6206102738086, vstest.console.dll, TestRunRequest:SendTestRunStatsChange: Completed.
TpTrace Verbose: 0 : 40680, 4, 2025/01/24, 16:23:44.821, 6206102739092, vstest.console.dll, MulticastDelegateUtilities.SafeInvoke: InternalTestLoggerEvents.SendTestResult: Invoking callback 1/2 for Microsoft.VisualStudio.TestPlatform.Extensions.TrxLogger.TrxLogger., took 0 ms.
TpTrace Verbose: 0 : 40680, 4, 2025/01/24, 16:23:44.821, 6206102739734, vstest.console.dll, MulticastDelegateUtilities.SafeInvoke: InternalTestLoggerEvents.SendTestResult: Invoking callback 2/2 for Microsoft.VisualStudio.TestPlatform.CommandLine.Internal.MSBuildLogger., took 0 ms.
TpTrace Verbose: 0 : 40680, 4, 2025/01/24, 16:23:44.821, 6206102740374, vstest.console.dll, MulticastDelegateUtilities.SafeInvoke: InternalTestLoggerEvents.SendTestResult: Invoking callback 1/2 for Microsoft.VisualStudio.TestPlatform.Extensions.TrxLogger.TrxLogger., took 0 ms.
TpTrace Verbose: 0 : 40680, 4, 2025/01/24, 16:23:44.821, 6206102740677, vstest.console.dll, MulticastDelegateUtilities.SafeInvoke: InternalTestLoggerEvents.SendTestResult: Invoking callback 2/2 for Microsoft.VisualStudio.TestPlatform.CommandLine.Internal.MSBuildLogger., took 0 ms.
TpTrace Verbose: 0 : 40680, 13, 2025/01/24, 16:23:44.821, 6206102740358, vstest.console.dll, ParallelProxyExecutionManager: HandlePartialRunComplete: Total workloads = 1, Total started clients = 1 Total completed clients = 1, Run complete = True, Run canceled: False.
TpTrace Verbose: 0 : 40680, 4, 2025/01/24, 16:23:44.821, 6206102741165, vstest.console.dll, MulticastDelegateUtilities.SafeInvoke: InternalTestLoggerEvents.SendTestResult: Invoking callback 1/2 for Microsoft.VisualStudio.TestPlatform.Extensions.TrxLogger.TrxLogger., took 0 ms.
TpTrace Verbose: 0 : 40680, 13, 2025/01/24, 16:23:44.821, 6206102741600, vstest.console.dll, ParallelProxyExecutionManager: HandlePartialRunComplete: All runs completed stopping all managers.
TpTrace Verbose: 0 : 40680, 4, 2025/01/24, 16:23:44.822, 6206102742096, vstest.console.dll, MulticastDelegateUtilities.SafeInvoke: InternalTestLoggerEvents.SendTestResult: Invoking callback 2/2 for Microsoft.VisualStudio.TestPlatform.CommandLine.Internal.MSBuildLogger., took 0 ms.
TpTrace Verbose: 0 : 40680, 13, 2025/01/24, 16:23:44.822, 6206102742519, vstest.console.dll, ParallelOperationManager.StopAllManagers: Stopping all managers.
TpTrace Verbose: 0 : 40680, 13, 2025/01/24, 16:23:44.822, 6206102742801, vstest.console.dll, ParallelOperationManager.ClearSlots: Clearing all slots. Slots should accept more work: False
TpTrace Verbose: 0 : 40680, 4, 2025/01/24, 16:23:44.822, 6206102742840, vstest.console.dll, MulticastDelegateUtilities.SafeInvoke: InternalTestLoggerEvents.SendTestResult: Invoking callback 1/2 for Microsoft.VisualStudio.TestPlatform.Extensions.TrxLogger.TrxLogger., took 0 ms.
TpTrace Verbose: 0 : 40680, 13, 2025/01/24, 16:23:44.822, 6206102743091, vstest.console.dll, ParallelOperationManager.SetOccupiedSlotCount: Setting slot counts AvailableSlotCount = 1, OccupiedSlotCount = 0.
TpTrace Verbose: 0 : 40680, 4, 2025/01/24, 16:23:44.822, 6206102743471, vstest.console.dll, MulticastDelegateUtilities.SafeInvoke: InternalTestLoggerEvents.SendTestResult: Invoking callback 2/2 for Microsoft.VisualStudio.TestPlatform.CommandLine.Internal.MSBuildLogger., took 0 ms.
TpTrace Verbose: 0 : 40680, 13, 2025/01/24, 16:23:44.822, 6206102743747, vstest.console.dll, Occupied slots:

TpTrace Information: 0 : 40680, 10, 2025/01/24, 16:23:44.823, 6206102761425, vstest.console.dll, DataCollectorAttachmentsProcessorsFactory: Collector attachment processor 'Microsoft.VisualStudio.TestPlatform.Utilities.CodeCoverageDataAttachmentsHandler, Microsoft.TestPlatform.Utilities, Version=15.0.0.0, Culture=neutral, PublicKeyToken=b03f5f7f11d50a3a' for the data collector with friendly name 'Code Coverage' added to the 'run list'
TpTrace Information: 0 : 40680, 10, 2025/01/24, 16:23:44.824, 6206102762391, vstest.console.dll, DataCollectorAttachmentsProcessorsFactory: Valid data collector attachment processor found: 'Microsoft.VisualStudio.TestPlatform.Utilities.CodeCoverageDataAttachmentsHandler, Microsoft.TestPlatform.Utilities, Version=15.0.0.0, Culture=neutral, PublicKeyToken=b03f5f7f11d50a3a'
TpTrace Information: 0 : 40680, 4, 2025/01/24, 16:23:44.839, 6206102919978, vstest.console.dll, Converter.ToCollectionEntries: Converting attachmentSets Uri: datacollector://microsoft/CoverletCodeCoverage/1.0, DisplayName: XPlat code coverage, Attachments: [Uri: file:///C:/Users/nathan.chavaudra/OneDrive%20-%20Magellan%20Partners/Bureau/ProjetExakis/TestAPI/TestResults/b08330df-98ab-47ca-a3e9-2d9491359d69/coverage.cobertura.xml, Description: ] to collection entries.
TpTrace Verbose: 0 : 40680, 4, 2025/01/24, 16:23:44.841, 6206102935743, vstest.console.dll, TrxLogger.ToCollectorEntry: Got attachment file:///C:/Users/nathan.chavaudra/OneDrive - Magellan Partners/Bureau/ProjetExakis/TestAPI/TestResults/b08330df-98ab-47ca-a3e9-2d9491359d69/coverage.cobertura.xml with description 
TpTrace Information: 0 : 40680, 4, 2025/01/24, 16:23:44.850, 6206103025245, vstest.console.dll, Fichier de résultats : C:\Users\nathan.chavaudra\OneDrive - Magellan Partners\Bureau\ProjetExakis\TestAPI\TestResults\nathan.chavaudra_EXN-5CG2149HTR_2025-01-24_16_23_41.trx
TpTrace Verbose: 0 : 40680, 4, 2025/01/24, 16:23:44.850, 6206103026438, vstest.console.dll, MulticastDelegateUtilities.SafeInvoke: InternalTestLoggerEvents.SendTestRunComplete: Invoking callback 1/2 for Microsoft.VisualStudio.TestPlatform.Extensions.TrxLogger.TrxLogger., took 20 ms.
TpTrace Verbose: 0 : 40680, 4, 2025/01/24, 16:23:44.861, 6206103136554, vstest.console.dll, MulticastDelegateUtilities.SafeInvoke: InternalTestLoggerEvents.SendTestRunComplete: Invoking callback 2/2 for Microsoft.VisualStudio.TestPlatform.CommandLine.Internal.MSBuildLogger., took 10 ms.
TpTrace Verbose: 0 : 40680, 13, 2025/01/24, 16:23:44.861, 6206103140566, vstest.console.dll, TestRunRequest:TestRunComplete: Starting. IsAborted:False IsCanceled:False.
TpTrace Verbose: 0 : 40680, 13, 2025/01/24, 16:23:44.862, 6206103142993, vstest.console.dll, ParallelOperationManager.DoActionOnAllManagers: Calling an action on all managers.
TpTrace Verbose: 0 : 40680, 13, 2025/01/24, 16:23:44.863, 6206103154035, vstest.console.dll, TestLoggerManager.HandleTestRunComplete: Ignoring as the object is disposed.
TpTrace Verbose: 0 : 40680, 13, 2025/01/24, 16:23:44.863, 6206103155343, vstest.console.dll, MulticastDelegateUtilities.SafeInvoke: TestRun.TestRunComplete: Invoking callback 1/2 for Microsoft.VisualStudio.TestPlatform.CommandLine.TestRunResultAggregator., took 0 ms.
TpTrace Verbose: 0 : 40680, 13, 2025/01/24, 16:23:44.863, 6206103156491, vstest.console.dll, ArtifactProcessingManager.CollectArtifacts: Saving data collectors artifacts for post process into C:\Users\nathan.chavaudra\AppData\Local\Temp\19608_dda65d74-3554-4c1c-be13-f784eb3b5a30
TpTrace Verbose: 0 : 40680, 13, 2025/01/24, 16:23:44.864, 6206103167052, vstest.console.dll, ArtifactProcessingManager.CollectArtifacts: Persist runsettings 
<?xml version="1.0" encoding="utf-16"?>
<RunSettings>
  <RunConfiguration>
    <ResultsDirectory>C:\Users\nathan.chavaudra\OneDrive - Magellan Partners\Bureau\ProjetExakis\TestAPI\TestResults</ResultsDirectory>
    <TargetPlatform>X64</TargetPlatform>
    <TargetFrameworkVersion>.NETCoreApp,Version=v8.0</TargetFrameworkVersion>
    <TestAdaptersPaths>C:\Users\nathan.chavaudra\.nuget\packages\coverlet.collector\6.0.4\build\netstandard2.0\</TestAdaptersPaths>
  </RunConfiguration>
  <DataCollectionRunSettings>
    <DataCollectors>
      <DataCollector friendlyName="XPlat Code Coverage" enabled="True" />
    </DataCollectors>
  </DataCollectionRunSettings>
  <InProcDataCollectionRunSettings>
    <InProcDataCollectors>
      <InProcDataCollector assemblyQualifiedName="Coverlet.Collector.DataCollection.CoverletInProcDataCollector, coverlet.collector, Version=1.0.0.0, Culture=neutral, PublicKeyToken=null" friendlyName="XPlat Code Coverage" enabled="True" codebase="C:\Users\nathan.chavaudra\.nuget\packages\coverlet.collector\6.0.4\build\netstandard2.0\coverlet.collector.dll" />
    </InProcDataCollectors>
  </InProcDataCollectionRunSettings>
  <LoggerRunSettings>
    <Loggers>
      <Logger friendlyName="trx" enabled="True" />
      <Logger friendlyName="Microsoft.TestPlatform.MSBuildLogger" enabled="True">
        <Configuration>
          <Verbosity>minimal</Verbosity>
        </Configuration>
      </Logger>
    </Loggers>
  </LoggerRunSettings>
</RunSettings>
TpTrace Verbose: 0 : 40680, 13, 2025/01/24, 16:23:44.865, 6206103178028, vstest.console.dll, ArtifactProcessingManager.CollectArtifacts: Persist ExecutionComplete message 
{"MessageType":"TestExecution.Completed","Payload":{"TestRunStatistics":{"ExecutedTests":10,"Stats":{"Passed":10}},"IsCanceled":false,"IsAborted":false,"Error":null,"AttachmentSets":[{"Uri":"datacollector://Microsoft/CoverletCodeCoverage/1.0","DisplayName":"XPlat code coverage","Attachments":[{"Description":"","Uri":"file://C:/Users/nathan.chavaudra/OneDrive%20-%20Magellan%20Partners/Bureau/ProjetExakis/TestAPI/TestResults/b08330df-98ab-47ca-a3e9-2d9491359d69/coverage.cobertura.xml"}]}],"InvokedDataCollectors":[{"Uri":"datacollector://Microsoft/CoverletCodeCoverage/1.0","FriendlyName":"XPlat code coverage","AssemblyQualifiedName":"Coverlet.Collector.DataCollection.CoverletCoverageCollector, coverlet.collector, Version=6.0.0.0, Culture=neutral, PublicKeyToken=4beb1ad7f05a1c71","FilePath":"C:\\Users\\nathan.chavaudra\\.nuget\\packages\\coverlet.collector\\6.0.4\\build\\netstandard2.0\\coverlet.collector.dll","HasAttachmentProcessor":false}],"ElapsedTimeInRunningTests":"00:00:11.1509018","Metrics":null,"DiscoveredExtensions":{}}}
TpTrace Verbose: 0 : 40680, 13, 2025/01/24, 16:23:44.866, 6206103184519, vstest.console.dll, ArtifactProcessingManager.CollectArtifacts: Artifacts saved in 00:00:00.0027298
TpTrace Verbose: 0 : 40680, 13, 2025/01/24, 16:23:44.866, 6206103185574, vstest.console.dll, MulticastDelegateUtilities.SafeInvoke: TestRun.TestRunComplete: Invoking callback 2/2 for Microsoft.VisualStudio.TestPlatform.CommandLine.Processors.RunTestsArgumentExecutor+TestRunRequestEventsRegistrar., took 2 ms.
TpTrace Information: 0 : 40680, 13, 2025/01/24, 16:23:44.866, 6206103186911, vstest.console.dll, TestRunRequest:TestRunComplete: Completed.
TpTrace Verbose: 0 : 40680, 1, 2025/01/24, 16:23:44.866, 6206103187051, vstest.console.dll, TestRunRequest.Dispose: Starting.
TpTrace Verbose: 0 : 40680, 13, 2025/01/24, 16:23:44.866, 6206103187487, vstest.console.dll, TestRequestSender.SetOperationComplete: Setting operation complete.
TpTrace Information: 0 : 40680, 1, 2025/01/24, 16:23:44.866, 6206103188097, vstest.console.dll, TestRunRequest.Dispose: Completed.
TpTrace Information: 0 : 40680, 13, 2025/01/24, 16:23:44.866, 6206103188906, vstest.console.dll, SocketServer.Stop: Stop server endPoint: 127.0.0.1:50434
TpTrace Information: 0 : 40680, 1, 2025/01/24, 16:23:44.866, 6206103189676, vstest.console.dll, TestRequestManager.RunTests: run tests completed.
TpTrace Information: 0 : 40680, 13, 2025/01/24, 16:23:44.866, 6206103189838, vstest.console.dll, SocketServer.Stop: Cancellation requested. Stopping message loop.
TpTrace Verbose: 0 : 40680, 13, 2025/01/24, 16:23:44.866, 6206103190694, vstest.console.dll, MulticastDelegateUtilities.SafeInvoke: LengthPrefixCommunicationChannel: MessageReceived: Invoking callback 1/1 for Microsoft.VisualStudio.TestPlatform.CommunicationUtilities.TestRequestSender+<>c__DisplayClass34_0., took 196 ms.
TpTrace Information: 0 : 40680, 1, 2025/01/24, 16:23:44.866, 6206103190955, vstest.console.dll, RunTestsArgumentProcessor:Execute: Test run is completed.
TpTrace Information: 0 : 40680, 13, 2025/01/24, 16:23:44.866, 6206103191244, vstest.console.dll, SocketServer.PrivateStop: Stopping server endPoint: 127.0.0.1:50434 error: 
TpTrace Verbose: 0 : 40680, 1, 2025/01/24, 16:23:44.867, 6206103193890, vstest.console.dll, Executor.Execute: Exiting with exit code of 0
TpTrace Verbose: 0 : 40680, 13, 2025/01/24, 16:23:44.867, 6206103197120, vstest.console.dll, LengthPrefixCommunicationChannel.Dispose: Dispose reader and writer.
TpTrace Information: 0 : 40680, 13, 2025/01/24, 16:23:44.867, 6206103198133, vstest.console.dll, SocketServer.Stop: Raise disconnected event endPoint: 127.0.0.1:50434 error: 
TpTrace Verbose: 0 : 40680, 13, 2025/01/24, 16:23:44.867, 6206103199087, vstest.console.dll, TestRequestSender: OnTestRunAbort: Operation is already complete. Skip error message.
TpTrace Verbose: 0 : 40680, 13, 2025/01/24, 16:23:44.867, 6206103199610, vstest.console.dll, MulticastDelegateUtilities.SafeInvoke: SocketServer: ClientDisconnected: Invoking callback 1/1 for Microsoft.VisualStudio.TestPlatform.CommunicationUtilities.TestRequestSender., took 0 ms.
TpTrace Verbose: 0 : 40680, 13, 2025/01/24, 16:23:44.867, 6206103199988, vstest.console.dll, TcpClientExtensions.MessageLoopAsync: exiting MessageLoopAsync remoteEndPoint: 127.0.0.1:50437 localEndPoint: 127.0.0.1:50434
TpTrace Verbose: 0 : 42956, 1, 2025/01/24, 16:23:45.190, 6206106424087, vstest.console.dll, Version: 17.12.0-release-24508-01 Current process architecture: X64
TpTrace Verbose: 0 : 42956, 1, 2025/01/24, 16:23:45.195, 6206106473560, vstest.console.dll, Runtime location: C:\Program Files\dotnet\shared\Microsoft.NETCore.App\9.0.1
TpTrace Verbose: 0 : 42956, 1, 2025/01/24, 16:23:45.196, 6206106489191, vstest.console.dll, TestSessionCorrelationIdProcessorModeProcessorExecutor.Initialize: TestSessionCorrelationId '19608_dda65d74-3554-4c1c-be13-f784eb3b5a30'
TpTrace Verbose: 0 : 42956, 1, 2025/01/24, 16:23:45.206, 6206106590898, vstest.console.dll, ArtifactProcessingPostProcessModeProcessorExecutor.Initialize: ArtifactProcessingMode.PostProcess
TpTrace Verbose: 0 : 42956, 6, 2025/01/24, 16:23:45.222, 6206106742525, vstest.console.dll, ArtifactProcessingManager.MergeDataCollectorAttachments: Chosen runsettings 
<?xml version="1.0" encoding="utf-16"?>
<RunSettings>
  <RunConfiguration>
    <ResultsDirectory>C:\Users\nathan.chavaudra\OneDrive - Magellan Partners\Bureau\ProjetExakis\TestAPI\TestResults</ResultsDirectory>
    <TargetPlatform>X64</TargetPlatform>
    <TargetFrameworkVersion>.NETCoreApp,Version=v8.0</TargetFrameworkVersion>
    <TestAdaptersPaths>C:\Users\nathan.chavaudra\.nuget\packages\coverlet.collector\6.0.4\build\netstandard2.0\</TestAdaptersPaths>
  </RunConfiguration>
  <DataCollectionRunSettings>
    <DataCollectors>
      <DataCollector friendlyName="XPlat Code Coverage" enabled="True" />
    </DataCollectors>
  </DataCollectionRunSettings>
  <InProcDataCollectionRunSettings>
    <InProcDataCollectors>
      <InProcDataCollector assemblyQualifiedName="Coverlet.Collector.DataCollection.CoverletInProcDataCollector, coverlet.collector, Version=1.0.0.0, Culture=neutral, PublicKeyToken=null" friendlyName="XPlat Code Coverage" enabled="True" codebase="C:\Users\nathan.chavaudra\.nuget\packages\coverlet.collector\6.0.4\build\netstandard2.0\coverlet.collector.dll" />
    </InProcDataCollectors>
  </InProcDataCollectionRunSettings>
  <LoggerRunSettings>
    <Loggers>
      <Logger friendlyName="trx" enabled="True" />
      <Logger friendlyName="Microsoft.TestPlatform.MSBuildLogger" enabled="True">
        <Configuration>
          <Verbosity>minimal</Verbosity>
        </Configuration>
      </Logger>
    </Loggers>
  </LoggerRunSettings>
</RunSettings>
TpTrace Verbose: 0 : 42956, 4, 2025/01/24, 16:23:45.223, 6206106752953, vstest.console.dll, ArtifactProcessingManager.MergeDataCollectorAttachments: ExecutionComplete message 
{"MessageType":"TestExecution.Completed","Payload":{"TestRunStatistics":{"ExecutedTests":10,"Stats":{"Passed":10}},"IsCanceled":false,"IsAborted":false,"Error":null,"AttachmentSets":[{"Uri":"datacollector://Microsoft/CoverletCodeCoverage/1.0","DisplayName":"XPlat code coverage","Attachments":[{"Description":"","Uri":"file://C:/Users/nathan.chavaudra/OneDrive%20-%20Magellan%20Partners/Bureau/ProjetExakis/TestAPI/TestResults/b08330df-98ab-47ca-a3e9-2d9491359d69/coverage.cobertura.xml"}]}],"InvokedDataCollectors":[{"Uri":"datacollector://Microsoft/CoverletCodeCoverage/1.0","FriendlyName":"XPlat code coverage","AssemblyQualifiedName":"Coverlet.Collector.DataCollection.CoverletCoverageCollector, coverlet.collector, Version=6.0.0.0, Culture=neutral, PublicKeyToken=4beb1ad7f05a1c71","FilePath":"C:\\Users\\nathan.chavaudra\\.nuget\\packages\\coverlet.collector\\6.0.4\\build\\netstandard2.0\\coverlet.collector.dll","HasAttachmentProcessor":false}],"ElapsedTimeInRunningTests":"00:00:11.1509018","Metrics":null,"DiscoveredExtensions":{}}}
TpTrace Information: 0 : 42956, 4, 2025/01/24, 16:23:45.321, 6206107736279, vstest.console.dll, DataCollectorAttachmentsProcessorsFactory: Collector attachment processor 'Microsoft.VisualStudio.TestPlatform.Utilities.CodeCoverageDataAttachmentsHandler, Microsoft.TestPlatform.Utilities, Version=15.0.0.0, Culture=neutral, PublicKeyToken=b03f5f7f11d50a3a' for the data collector with friendly name 'Code Coverage' added to the 'run list'
TpTrace Information: 0 : 42956, 4, 2025/01/24, 16:23:45.321, 6206107738208, vstest.console.dll, DataCollectorAttachmentsProcessorsFactory: Valid data collector attachment processor found: 'Microsoft.VisualStudio.TestPlatform.Utilities.CodeCoverageDataAttachmentsHandler, Microsoft.TestPlatform.Utilities, Version=15.0.0.0, Culture=neutral, PublicKeyToken=b03f5f7f11d50a3a'
TpTrace Verbose: 0 : 42956, 4, 2025/01/24, 16:23:45.373, 6206108259034, vstest.console.dll, ArtifactProcessingManager.PostProcessArtifacts: Directory 'C:\Users\nathan.chavaudra\AppData\Local\Temp\19608_dda65d74-3554-4c1c-be13-f784eb3b5a30' removed.
TpTrace Verbose: 0 : 42956, 1, 2025/01/24, 16:23:45.373, 6206108261601, vstest.console.dll, Executor.Execute: Exiting with exit code of 0
TpTrace Verbose: 0 : 42956, 1, 2025/01/24, 16:23:45.377, 6206108301284, vstest.console.dll, TestPluginCache.DiscoverTestExtensions: finding test extensions in assemblies ends with: RuntimeProvider.dll TPluginInfo: Microsoft.VisualStudio.TestPlatform.Common.ExtensionFramework.Utilities.TestRuntimePluginInformation TExtension: Microsoft.VisualStudio.TestPlatform.ObjectModel.Host.ITestRuntimeProvider
TpTrace Verbose: 0 : 42956, 1, 2025/01/24, 16:23:45.379, 6206108319787, vstest.console.dll, TestPluginCache.GetExtensionPaths: Filtered extension paths: 
TpTrace Verbose: 0 : 42956, 1, 2025/01/24, 16:23:45.379, 6206108321019, vstest.console.dll, TestPluginCache.GetExtensionPaths: Added default extension paths: C:\Program Files\dotnet\sdk\9.0.102\Extensions\Microsoft.Diagnostics.NETCore.Client.dll
C:\Program Files\dotnet\sdk\9.0.102\Extensions\Microsoft.TestPlatform.Extensions.BlameDataCollector.dll
C:\Program Files\dotnet\sdk\9.0.102\Extensions\Microsoft.TestPlatform.Extensions.EventLogCollector.dll
C:\Program Files\dotnet\sdk\9.0.102\Extensions\Microsoft.TestPlatform.TestHostRuntimeProvider.dll
C:\Program Files\dotnet\sdk\9.0.102\Extensions\Microsoft.VisualStudio.TestPlatform.Extensions.Html.TestLogger.dll
C:\Program Files\dotnet\sdk\9.0.102\Extensions\Microsoft.VisualStudio.TestPlatform.Extensions.Trx.TestLogger.dll
TpTrace Verbose: 0 : 42956, 1, 2025/01/24, 16:23:45.380, 6206108321912, vstest.console.dll, TestPluginCache.GetExtensionPaths: Added unfilterableExtensionPaths: 
TpTrace Information: 0 : 42956, 1, 2025/01/24, 16:23:45.380, 6206108331203, vstest.console.dll, AssemblyResolver.ctor: Creating AssemblyResolver with searchDirectories C:\Program Files\dotnet\sdk\9.0.102\Extensions,C:\Program Files\dotnet\sdk\9.0.102
TpTrace Verbose: 0 : 42956, 1, 2025/01/24, 16:23:45.382, 6206108347114, vstest.console.dll, TestPluginCache.DiscoverTestExtensions: Discovering the extensions using extension path.
TpTrace Verbose: 0 : 42956, 1, 2025/01/24, 16:23:45.382, 6206108348994, vstest.console.dll, TestPluginCache.GetExtensionPaths: Filtered extension paths: 
TpTrace Verbose: 0 : 42956, 1, 2025/01/24, 16:23:45.382, 6206108349562, vstest.console.dll, TestPluginCache.GetExtensionPaths: Added default extension paths: C:\Program Files\dotnet\sdk\9.0.102\Extensions\Microsoft.Diagnostics.NETCore.Client.dll
C:\Program Files\dotnet\sdk\9.0.102\Extensions\Microsoft.TestPlatform.Extensions.BlameDataCollector.dll
C:\Program Files\dotnet\sdk\9.0.102\Extensions\Microsoft.TestPlatform.Extensions.EventLogCollector.dll
C:\Program Files\dotnet\sdk\9.0.102\Extensions\Microsoft.TestPlatform.TestHostRuntimeProvider.dll
C:\Program Files\dotnet\sdk\9.0.102\Extensions\Microsoft.VisualStudio.TestPlatform.Extensions.Html.TestLogger.dll
C:\Program Files\dotnet\sdk\9.0.102\Extensions\Microsoft.VisualStudio.TestPlatform.Extensions.Trx.TestLogger.dll
TpTrace Verbose: 0 : 42956, 1, 2025/01/24, 16:23:45.382, 6206108349972, vstest.console.dll, TestPluginCache.GetExtensionPaths: Added unfilterableExtensionPaths: 
TpTrace Verbose: 0 : 42956, 1, 2025/01/24, 16:23:45.382, 6206108350663, vstest.console.dll, TestPluginCache.DiscoverTestExtensions: Discovering the extensions using allExtensionPaths: C:\Program Files\dotnet\sdk\9.0.102\Extensions\Microsoft.Diagnostics.NETCore.Client.dll
C:\Program Files\dotnet\sdk\9.0.102\Extensions\Microsoft.TestPlatform.Extensions.BlameDataCollector.dll
C:\Program Files\dotnet\sdk\9.0.102\Extensions\Microsoft.TestPlatform.Extensions.EventLogCollector.dll
C:\Program Files\dotnet\sdk\9.0.102\Extensions\Microsoft.TestPlatform.TestHostRuntimeProvider.dll
C:\Program Files\dotnet\sdk\9.0.102\Extensions\Microsoft.VisualStudio.TestPlatform.Extensions.Html.TestLogger.dll
C:\Program Files\dotnet\sdk\9.0.102\Extensions\Microsoft.VisualStudio.TestPlatform.Extensions.Trx.TestLogger.dll
TpTrace Information: 0 : 42956, 1, 2025/01/24, 16:23:45.383, 6206108352251, vstest.console.dll, AssemblyResolver.AddSearchDirectories: Adding more searchDirectories C:\Program Files\dotnet\sdk\9.0.102\Extensions,C:\Program Files\dotnet\sdk\9.0.102
TpTrace Information: 0 : 42956, 1, 2025/01/24, 16:23:45.383, 6206108352909, vstest.console.dll, AssemblyResolver.AddSearchDirectories: Adding more searchDirectories C:\Program Files\dotnet\sdk\9.0.102\Extensions,C:\Program Files\dotnet\sdk\9.0.102
TpTrace Information: 0 : 42956, 1, 2025/01/24, 16:23:45.383, 6206108353289, vstest.console.dll, AssemblyResolver.AddSearchDirectories: Adding more searchDirectories C:\Program Files\dotnet\sdk\9.0.102\Extensions,C:\Program Files\dotnet\sdk\9.0.102
TpTrace Information: 0 : 42956, 1, 2025/01/24, 16:23:45.383, 6206108353745, vstest.console.dll, AssemblyResolver.AddSearchDirectories: Adding more searchDirectories C:\Program Files\dotnet\sdk\9.0.102\Extensions,C:\Program Files\dotnet\sdk\9.0.102
TpTrace Information: 0 : 42956, 1, 2025/01/24, 16:23:45.383, 6206108354085, vstest.console.dll, AssemblyResolver.AddSearchDirectories: Adding more searchDirectories C:\Program Files\dotnet\sdk\9.0.102\Extensions,C:\Program Files\dotnet\sdk\9.0.102
TpTrace Information: 0 : 42956, 1, 2025/01/24, 16:23:45.383, 6206108354586, vstest.console.dll, AssemblyResolver.AddSearchDirectories: Adding more searchDirectories C:\Program Files\dotnet\sdk\9.0.102\Extensions,C:\Program Files\dotnet\sdk\9.0.102
TpTrace Information: 0 : 42956, 1, 2025/01/24, 16:23:45.383, 6206108358443, vstest.console.dll, AssemblyResolver.OnResolve: Microsoft.Diagnostics.NETCore.Client: Resolving assembly.
TpTrace Information: 0 : 42956, 1, 2025/01/24, 16:23:45.383, 6206108359293, vstest.console.dll, AssemblyResolver.OnResolve: Microsoft.Diagnostics.NETCore.Client: Searching in: 'C:\Program Files\dotnet\sdk\9.0.102\Extensions'.
TpTrace Information: 0 : 42956, 1, 2025/01/24, 16:23:45.391, 6206108440849, vstest.console.dll, AssemblyResolver.OnResolve: Microsoft.Diagnostics.NETCore.Client: Loading assembly 'C:\Program Files\dotnet\sdk\9.0.102\Extensions\Microsoft.Diagnostics.NETCore.Client.dll'.
TpTrace Information: 0 : 42956, 1, 2025/01/24, 16:23:45.392, 6206108451692, vstest.console.dll, AssemblyResolver.OnResolve: Resolved assembly: Microsoft.Diagnostics.NETCore.Client, from path: C:\Program Files\dotnet\sdk\9.0.102\Extensions\Microsoft.Diagnostics.NETCore.Client.dll
TpTrace Verbose: 0 : 42956, 1, 2025/01/24, 16:23:45.393, 6206108461229, vstest.console.dll, MetadataReaderExtensionsHelper: Discovering extensions inside assembly 'Microsoft.Diagnostics.NETCore.Client, Version=0.2.10.41601, Culture=neutral, PublicKeyToken=31bf3856ad364e35' file path 'C:\Program Files\dotnet\sdk\9.0.102\Extensions\Microsoft.Diagnostics.NETCore.Client.dll'
TpTrace Information: 0 : 42956, 1, 2025/01/24, 16:23:45.399, 6206108516692, vstest.console.dll, AssemblyResolver.OnResolve: Microsoft.Bcl.AsyncInterfaces: Resolving assembly.
TpTrace Information: 0 : 42956, 1, 2025/01/24, 16:23:45.399, 6206108519521, vstest.console.dll, AssemblyResolver.OnResolve: Microsoft.Bcl.AsyncInterfaces: Searching in: 'C:\Program Files\dotnet\sdk\9.0.102\Extensions'.
TpTrace Information: 0 : 42956, 1, 2025/01/24, 16:23:45.399, 6206108520612, vstest.console.dll, AssemblyResolver.OnResolve: Microsoft.Bcl.AsyncInterfaces: Assembly path does not exist: 'C:\Program Files\dotnet\sdk\9.0.102\Extensions\Microsoft.Bcl.AsyncInterfaces.dll', returning.
TpTrace Information: 0 : 42956, 1, 2025/01/24, 16:23:45.399, 6206108521369, vstest.console.dll, AssemblyResolver.OnResolve: Microsoft.Bcl.AsyncInterfaces: Assembly path does not exist: 'C:\Program Files\dotnet\sdk\9.0.102\Extensions\Microsoft.Bcl.AsyncInterfaces.exe', returning.
TpTrace Information: 0 : 42956, 1, 2025/01/24, 16:23:45.400, 6206108521821, vstest.console.dll, AssemblyResolver.OnResolve: Microsoft.Bcl.AsyncInterfaces: Searching in: 'C:\Program Files\dotnet\sdk\9.0.102'.
TpTrace Information: 0 : 42956, 1, 2025/01/24, 16:23:45.400, 6206108522416, vstest.console.dll, AssemblyResolver.OnResolve: Microsoft.Bcl.AsyncInterfaces: Assembly path does not exist: 'C:\Program Files\dotnet\sdk\9.0.102\Microsoft.Bcl.AsyncInterfaces.dll', returning.
TpTrace Information: 0 : 42956, 1, 2025/01/24, 16:23:45.400, 6206108522773, vstest.console.dll, AssemblyResolver.OnResolve: Microsoft.Bcl.AsyncInterfaces: Assembly path does not exist: 'C:\Program Files\dotnet\sdk\9.0.102\Microsoft.Bcl.AsyncInterfaces.exe', returning.
TpTrace Information: 0 : 42956, 1, 2025/01/24, 16:23:45.400, 6206108523065, vstest.console.dll, AssemblyResolver.OnResolve: Microsoft.Bcl.AsyncInterfaces: Failed to load assembly.
TpTrace Verbose: 0 : 42956, 1, 2025/01/24, 16:23:45.400, 6206108523405, vstest.console.dll, CurrentDomainAssemblyResolve: Resolving assembly 'Microsoft.Bcl.AsyncInterfaces'.
TpTrace Information: 0 : 42956, 1, 2025/01/24, 16:23:45.400, 6206108523978, vstest.console.dll, AssemblyResolver.OnResolve: Microsoft.Bcl.AsyncInterfaces: Resolving assembly.
TpTrace Information: 0 : 42956, 1, 2025/01/24, 16:23:45.400, 6206108524334, vstest.console.dll, AssemblyResolver.OnResolve: Microsoft.Bcl.AsyncInterfaces: Resolved from cache.
TpTrace Verbose: 0 : 42956, 1, 2025/01/24, 16:23:45.400, 6206108524536, vstest.console.dll, CurrentDomainAssemblyResolve: Resolving assembly 'Microsoft.Bcl.AsyncInterfaces'.
TpTrace Verbose: 0 : 42956, 1, 2025/01/24, 16:23:45.400, 6206108525402, vstest.console.dll, CurrentDomainAssemblyResolve: Failed to resolve assembly 'Microsoft.Bcl.AsyncInterfaces'.
TpTrace Verbose: 0 : 42956, 1, 2025/01/24, 16:23:45.401, 6206108532832, vstest.console.dll, CurrentDomainAssemblyResolve: Failed to resolve assembly 'Microsoft.Bcl.AsyncInterfaces'.
TpTrace Warning: 0 : 42956, 1, 2025/01/24, 16:23:45.412, 6206108650733, vstest.console.dll, TestPluginDiscoverer: Failed to get types from assembly 'Microsoft.Diagnostics.NETCore.Client, Version=0.2.10.41601, Culture=neutral, PublicKeyToken=31bf3856ad364e35'. Error: System.Reflection.ReflectionTypeLoadException: Unable to load one or more of the requested types.
Could not load file or assembly 'Microsoft.Bcl.AsyncInterfaces, Version=6.0.0.0, Culture=neutral, PublicKeyToken=cc7b13ffcd2ddd51'. Le fichier spécifié est introuvable.
   at System.Reflection.RuntimeModule.GetDefinedTypes()
   at System.Reflection.RuntimeModule.GetTypes()
   at Microsoft.VisualStudio.TestPlatform.Common.ExtensionFramework.TestPluginDiscoverer.GetTestExtensionsFromAssembly[TPluginInfo,TExtension](Assembly assembly, Dictionary`2 pluginInfos, String filePath) in /_/src/Microsoft.TestPlatform.Common/ExtensionFramework/TestPluginDiscoverer.cs:line 159
System.IO.FileNotFoundException: Could not load file or assembly 'Microsoft.Bcl.AsyncInterfaces, Version=6.0.0.0, Culture=neutral, PublicKeyToken=cc7b13ffcd2ddd51'. Le fichier spécifié est introuvable.
File name: 'Microsoft.Bcl.AsyncInterfaces, Version=6.0.0.0, Culture=neutral, PublicKeyToken=cc7b13ffcd2ddd51'
 ---> System.IO.FileNotFoundException: Could not load file or assembly 'Microsoft.Bcl.AsyncInterfaces, Culture=neutral, PublicKeyToken=null'. Le fichier spécifié est introuvable.
File name: 'Microsoft.Bcl.AsyncInterfaces, Culture=neutral, PublicKeyToken=null'
   at System.Reflection.RuntimeAssembly.InternalLoad(AssemblyName assemblyName, StackCrawlMark& stackMark, AssemblyLoadContext assemblyLoadContext, RuntimeAssembly requestingAssembly, Boolean throwOnFileNotFound)
   at System.Reflection.Assembly.Load(AssemblyName assemblyRef)
   at Microsoft.VisualStudio.TestPlatform.Common.ExtensionFramework.TestPluginCache.CurrentDomainAssemblyResolve(Object sender, AssemblyResolveEventArgs args) in /_/src/Microsoft.TestPlatform.Common/ExtensionFramework/TestPluginCache.cs:line 514
   at System.Runtime.Loader.AssemblyLoadContext.GetFirstResolvedAssemblyFromResolvingEvent(AssemblyName assemblyName)
   at System.Runtime.Loader.AssemblyLoadContext.ResolveUsingEvent(AssemblyName assemblyName)
   at System.Runtime.Loader.AssemblyLoadContext.ResolveUsingResolvingEvent(IntPtr gchManagedAssemblyLoadContext, AssemblyName assemblyName)
TpTrace Warning: 0 : 42956, 1, 2025/01/24, 16:23:45.413, 6206108654654, vstest.console.dll, LoaderExceptions: System.IO.FileNotFoundException: Could not load file or assembly 'Microsoft.Bcl.AsyncInterfaces, Version=6.0.0.0, Culture=neutral, PublicKeyToken=cc7b13ffcd2ddd51'. Le fichier spécifié est introuvable.
File name: 'Microsoft.Bcl.AsyncInterfaces, Version=6.0.0.0, Culture=neutral, PublicKeyToken=cc7b13ffcd2ddd51'
 ---> System.IO.FileNotFoundException: Could not load file or assembly 'Microsoft.Bcl.AsyncInterfaces, Culture=neutral, PublicKeyToken=null'. Le fichier spécifié est introuvable.
File name: 'Microsoft.Bcl.AsyncInterfaces, Culture=neutral, PublicKeyToken=null'
   at System.Reflection.RuntimeAssembly.InternalLoad(AssemblyName assemblyName, StackCrawlMark& stackMark, AssemblyLoadContext assemblyLoadContext, RuntimeAssembly requestingAssembly, Boolean throwOnFileNotFound)
   at System.Reflection.Assembly.Load(AssemblyName assemblyRef)
   at Microsoft.VisualStudio.TestPlatform.Common.ExtensionFramework.TestPluginCache.CurrentDomainAssemblyResolve(Object sender, AssemblyResolveEventArgs args) in /_/src/Microsoft.TestPlatform.Common/ExtensionFramework/TestPluginCache.cs:line 514
   at System.Runtime.Loader.AssemblyLoadContext.GetFirstResolvedAssemblyFromResolvingEvent(AssemblyName assemblyName)
   at System.Runtime.Loader.AssemblyLoadContext.ResolveUsingEvent(AssemblyName assemblyName)
   at System.Runtime.Loader.AssemblyLoadContext.ResolveUsingResolvingEvent(IntPtr gchManagedAssemblyLoadContext, AssemblyName assemblyName)
TpTrace Information: 0 : 42956, 1, 2025/01/24, 16:23:45.413, 6206108657475, vstest.console.dll, AssemblyResolver.OnResolve: Microsoft.TestPlatform.Extensions.BlameDataCollector: Resolving assembly.
TpTrace Information: 0 : 42956, 1, 2025/01/24, 16:23:45.413, 6206108658342, vstest.console.dll, AssemblyResolver.OnResolve: Microsoft.TestPlatform.Extensions.BlameDataCollector: Searching in: 'C:\Program Files\dotnet\sdk\9.0.102\Extensions'.
TpTrace Information: 0 : 42956, 1, 2025/01/24, 16:23:45.414, 6206108662560, vstest.console.dll, AssemblyResolver.OnResolve: Microsoft.TestPlatform.Extensions.BlameDataCollector: Loading assembly 'C:\Program Files\dotnet\sdk\9.0.102\Extensions\Microsoft.TestPlatform.Extensions.BlameDataCollector.dll'.
TpTrace Information: 0 : 42956, 1, 2025/01/24, 16:23:45.414, 6206108670172, vstest.console.dll, AssemblyResolver.OnResolve: Resolved assembly: Microsoft.TestPlatform.Extensions.BlameDataCollector, from path: C:\Program Files\dotnet\sdk\9.0.102\Extensions\Microsoft.TestPlatform.Extensions.BlameDataCollector.dll
TpTrace Verbose: 0 : 42956, 1, 2025/01/24, 16:23:45.414, 6206108670918, vstest.console.dll, MetadataReaderExtensionsHelper: Discovering extensions inside assembly 'Microsoft.TestPlatform.Extensions.BlameDataCollector, Version=15.0.0.0, Culture=neutral, PublicKeyToken=b03f5f7f11d50a3a' file path 'C:\Program Files\dotnet\sdk\9.0.102\Extensions\Microsoft.TestPlatform.Extensions.BlameDataCollector.dll'
TpTrace Information: 0 : 42956, 1, 2025/01/24, 16:23:45.417, 6206108692183, vstest.console.dll, AssemblyResolver.OnResolve: Microsoft.TestPlatform.Extensions.EventLogCollector: Resolving assembly.
TpTrace Information: 0 : 42956, 1, 2025/01/24, 16:23:45.417, 6206108693348, vstest.console.dll, AssemblyResolver.OnResolve: Microsoft.TestPlatform.Extensions.EventLogCollector: Searching in: 'C:\Program Files\dotnet\sdk\9.0.102\Extensions'.
TpTrace Information: 0 : 42956, 1, 2025/01/24, 16:23:45.418, 6206108705517, vstest.console.dll, AssemblyResolver.OnResolve: Microsoft.TestPlatform.Extensions.EventLogCollector: Loading assembly 'C:\Program Files\dotnet\sdk\9.0.102\Extensions\Microsoft.TestPlatform.Extensions.EventLogCollector.dll'.
TpTrace Information: 0 : 42956, 1, 2025/01/24, 16:23:45.419, 6206108718592, vstest.console.dll, AssemblyResolver.OnResolve: Resolved assembly: Microsoft.TestPlatform.Extensions.EventLogCollector, from path: C:\Program Files\dotnet\sdk\9.0.102\Extensions\Microsoft.TestPlatform.Extensions.EventLogCollector.dll
TpTrace Verbose: 0 : 42956, 1, 2025/01/24, 16:23:45.419, 6206108719651, vstest.console.dll, MetadataReaderExtensionsHelper: Discovering extensions inside assembly 'Microsoft.TestPlatform.Extensions.EventLogCollector, Version=15.0.0.0, Culture=neutral, PublicKeyToken=b03f5f7f11d50a3a' file path 'C:\Program Files\dotnet\sdk\9.0.102\Extensions\Microsoft.TestPlatform.Extensions.EventLogCollector.dll'
TpTrace Information: 0 : 42956, 1, 2025/01/24, 16:23:45.422, 6206108746851, vstest.console.dll, AssemblyResolver.OnResolve: Microsoft.TestPlatform.TestHostRuntimeProvider: Resolving assembly.
TpTrace Information: 0 : 42956, 1, 2025/01/24, 16:23:45.422, 6206108748044, vstest.console.dll, AssemblyResolver.OnResolve: Microsoft.TestPlatform.TestHostRuntimeProvider: Searching in: 'C:\Program Files\dotnet\sdk\9.0.102\Extensions'.
TpTrace Information: 0 : 42956, 1, 2025/01/24, 16:23:45.423, 6206108751853, vstest.console.dll, AssemblyResolver.OnResolve: Microsoft.TestPlatform.TestHostRuntimeProvider: Loading assembly 'C:\Program Files\dotnet\sdk\9.0.102\Extensions\Microsoft.TestPlatform.TestHostRuntimeProvider.dll'.
TpTrace Information: 0 : 42956, 1, 2025/01/24, 16:23:45.423, 6206108759222, vstest.console.dll, AssemblyResolver.OnResolve: Resolved assembly: Microsoft.TestPlatform.TestHostRuntimeProvider, from path: C:\Program Files\dotnet\sdk\9.0.102\Extensions\Microsoft.TestPlatform.TestHostRuntimeProvider.dll
TpTrace Verbose: 0 : 42956, 1, 2025/01/24, 16:23:45.423, 6206108760010, vstest.console.dll, MetadataReaderExtensionsHelper: Discovering extensions inside assembly 'Microsoft.TestPlatform.TestHostRuntimeProvider, Version=15.0.0.0, Culture=neutral, PublicKeyToken=b03f5f7f11d50a3a' file path 'C:\Program Files\dotnet\sdk\9.0.102\Extensions\Microsoft.TestPlatform.TestHostRuntimeProvider.dll'
TpTrace Information: 0 : 42956, 1, 2025/01/24, 16:23:45.425, 6206108777056, vstest.console.dll, GetTestExtensionFromType: Register extension with identifier data 'HostProvider://DefaultTestHost' and type 'Microsoft.VisualStudio.TestPlatform.CrossPlatEngine.Hosting.DefaultTestHostManager, Microsoft.TestPlatform.TestHostRuntimeProvider, Version=15.0.0.0, Culture=neutral, PublicKeyToken=b03f5f7f11d50a3a' inside file 'C:\Program Files\dotnet\sdk\9.0.102\Extensions\Microsoft.TestPlatform.TestHostRuntimeProvider.dll'
TpTrace Information: 0 : 42956, 1, 2025/01/24, 16:23:45.425, 6206108781078, vstest.console.dll, GetTestExtensionFromType: Register extension with identifier data 'HostProvider://DotnetTestHost' and type 'Microsoft.VisualStudio.TestPlatform.CrossPlatEngine.Hosting.DotnetTestHostManager, Microsoft.TestPlatform.TestHostRuntimeProvider, Version=15.0.0.0, Culture=neutral, PublicKeyToken=b03f5f7f11d50a3a' inside file 'C:\Program Files\dotnet\sdk\9.0.102\Extensions\Microsoft.TestPlatform.TestHostRuntimeProvider.dll'
TpTrace Information: 0 : 42956, 1, 2025/01/24, 16:23:45.426, 6206108782257, vstest.console.dll, AssemblyResolver.OnResolve: Microsoft.VisualStudio.TestPlatform.Extensions.Html.TestLogger: Resolving assembly.
TpTrace Information: 0 : 42956, 1, 2025/01/24, 16:23:45.426, 6206108782970, vstest.console.dll, AssemblyResolver.OnResolve: Microsoft.VisualStudio.TestPlatform.Extensions.Html.TestLogger: Searching in: 'C:\Program Files\dotnet\sdk\9.0.102\Extensions'.
TpTrace Information: 0 : 42956, 1, 2025/01/24, 16:23:45.426, 6206108787012, vstest.console.dll, AssemblyResolver.OnResolve: Microsoft.VisualStudio.TestPlatform.Extensions.Html.TestLogger: Loading assembly 'C:\Program Files\dotnet\sdk\9.0.102\Extensions\Microsoft.VisualStudio.TestPlatform.Extensions.Html.TestLogger.dll'.
TpTrace Information: 0 : 42956, 1, 2025/01/24, 16:23:45.427, 6206108796011, vstest.console.dll, AssemblyResolver.OnResolve: Resolved assembly: Microsoft.VisualStudio.TestPlatform.Extensions.Html.TestLogger, from path: C:\Program Files\dotnet\sdk\9.0.102\Extensions\Microsoft.VisualStudio.TestPlatform.Extensions.Html.TestLogger.dll
TpTrace Verbose: 0 : 42956, 1, 2025/01/24, 16:23:45.427, 6206108797518, vstest.console.dll, MetadataReaderExtensionsHelper: Discovering extensions inside assembly 'Microsoft.VisualStudio.TestPlatform.Extensions.Html.TestLogger, Version=15.0.0.0, Culture=neutral, PublicKeyToken=b03f5f7f11d50a3a' file path 'C:\Program Files\dotnet\sdk\9.0.102\Extensions\Microsoft.VisualStudio.TestPlatform.Extensions.Html.TestLogger.dll'
TpTrace Information: 0 : 42956, 1, 2025/01/24, 16:23:45.428, 6206108805105, vstest.console.dll, AssemblyResolver.OnResolve: Microsoft.VisualStudio.TestPlatform.Extensions.Trx.TestLogger: Resolving assembly.
TpTrace Information: 0 : 42956, 1, 2025/01/24, 16:23:45.428, 6206108805707, vstest.console.dll, AssemblyResolver.OnResolve: Microsoft.VisualStudio.TestPlatform.Extensions.Trx.TestLogger: Searching in: 'C:\Program Files\dotnet\sdk\9.0.102\Extensions'.
TpTrace Information: 0 : 42956, 1, 2025/01/24, 16:23:45.428, 6206108808036, vstest.console.dll, AssemblyResolver.OnResolve: Microsoft.VisualStudio.TestPlatform.Extensions.Trx.TestLogger: Loading assembly 'C:\Program Files\dotnet\sdk\9.0.102\Extensions\Microsoft.VisualStudio.TestPlatform.Extensions.Trx.TestLogger.dll'.
TpTrace Information: 0 : 42956, 1, 2025/01/24, 16:23:45.429, 6206108814839, vstest.console.dll, AssemblyResolver.OnResolve: Resolved assembly: Microsoft.VisualStudio.TestPlatform.Extensions.Trx.TestLogger, from path: C:\Program Files\dotnet\sdk\9.0.102\Extensions\Microsoft.VisualStudio.TestPlatform.Extensions.Trx.TestLogger.dll
TpTrace Verbose: 0 : 42956, 1, 2025/01/24, 16:23:45.429, 6206108815651, vstest.console.dll, MetadataReaderExtensionsHelper: Discovering extensions inside assembly 'Microsoft.VisualStudio.TestPlatform.Extensions.Trx.TestLogger, Version=15.0.0.0, Culture=neutral, PublicKeyToken=b03f5f7f11d50a3a' file path 'C:\Program Files\dotnet\sdk\9.0.102\Extensions\Microsoft.VisualStudio.TestPlatform.Extensions.Trx.TestLogger.dll'
TpTrace Verbose: 0 : 42956, 1, 2025/01/24, 16:23:45.430, 6206108827795, vstest.console.dll, TestPluginCache: Discovered the extensions using extension path ''.
TpTrace Verbose: 0 : 42956, 1, 2025/01/24, 16:23:45.430, 6206108828545, vstest.console.dll, TestPluginCache: Discoverers are ''.
TpTrace Verbose: 0 : 42956, 1, 2025/01/24, 16:23:45.430, 6206108828925, vstest.console.dll, TestPluginCache: Executors are ''.
TpTrace Verbose: 0 : 42956, 1, 2025/01/24, 16:23:45.430, 6206108829203, vstest.console.dll, TestPluginCache: Executors2 are ''.
TpTrace Verbose: 0 : 42956, 1, 2025/01/24, 16:23:45.430, 6206108829478, vstest.console.dll, TestPluginCache: Setting providers are ''.
TpTrace Verbose: 0 : 42956, 1, 2025/01/24, 16:23:45.430, 6206108829741, vstest.console.dll, TestPluginCache: Loggers are ''.
TpTrace Verbose: 0 : 42956, 1, 2025/01/24, 16:23:45.430, 6206108830608, vstest.console.dll, TestPluginCache: TestHosts are 'HostProvider://DefaultTestHost,HostProvider://DotnetTestHost'.
TpTrace Verbose: 0 : 42956, 1, 2025/01/24, 16:23:45.430, 6206108831071, vstest.console.dll, TestPluginCache: DataCollectors are ''.
